ERROR - 2025-12-07 14:48:22 --> mysqli_sql_exception: Cannot add or update a child row: a foreign key constraint fails (`ptmsi_sumbar`.`ranking`, CONSTRAINT `ranking_id_atlet_foreign` FOREIGN KEY (`id_atlet`) REFERENCES `atlet` (`id_atlet`) ON DELETE CASCADE ON UPDATE CASCADE) in C:\laragon\www\ptmsi-sumbar\system\Database\MySQLi\Connection.php:327
Stack trace:
#0 C:\laragon\www\ptmsi-sumbar\system\Database\MySQLi\Connection.php(327): mysqli->query('INSERT INTO `ra...', 0)
#1 C:\laragon\www\ptmsi-sumbar\system\Database\BaseConnection.php(729): CodeIgniter\Database\MySQLi\Connection->execute('INSERT INTO `ra...')
#2 C:\laragon\www\ptmsi-sumbar\system\Database\BaseConnection.php(646): CodeIgniter\Database\BaseConnection->simpleQuery('INSERT INTO `ra...')
#3 C:\laragon\www\ptmsi-sumbar\system\Database\BaseBuilder.php(1841): CodeIgniter\Database\BaseConnection->query('INSERT INTO `ra...', NULL, false)
#4 C:\laragon\www\ptmsi-sumbar\system\Database\BaseBuilder.php(2230): CodeIgniter\Database\BaseBuilder->batchExecute('_insertBatch', 100)
#5 C:\laragon\www\ptmsi-sumbar\app\Database\Seeds\RankingSeeder.php(89): CodeIgniter\Database\BaseBuilder->insertBatch(Array)
#6 C:\laragon\www\ptmsi-sumbar\system\Database\Seeder.php(149): App\Database\Seeds\RankingSeeder->run()
#7 C:\laragon\www\ptmsi-sumbar\system\Commands\Database\Seed.php(79): CodeIgniter\Database\Seeder->call('App\\Database\\Se...')
#8 C:\laragon\www\ptmsi-sumbar\system\CLI\Commands.php(74): CodeIgniter\Commands\Database\Seed->run(Array)
#9 C:\laragon\www\ptmsi-sumbar\system\CLI\Console.php(47): CodeIgniter\CLI\Commands->run('db:seed', Array)
#10 C:\laragon\www\ptmsi-sumbar\system\Boot.php(388): CodeIgniter\CLI\Console->run()
#11 C:\laragon\www\ptmsi-sumbar\system\Boot.php(133): CodeIgniter\Boot::runCommand(Object(CodeIgniter\CLI\Console))
#12 C:\laragon\www\ptmsi-sumbar\spark(87): CodeIgniter\Boot::bootSpark(Object(Config\Paths))
#13 {main}
ERROR - 2025-12-07 14:50:43 --> mysqli_sql_exception: Unknown column 'atlet.nama_lengkap' in 'field list' in C:\laragon\www\ptmsi-sumbar\system\Database\MySQLi\Connection.php:327
Stack trace:
#0 C:\laragon\www\ptmsi-sumbar\system\Database\MySQLi\Connection.php(327): mysqli->query('SELECT `ranking...', 0)
#1 C:\laragon\www\ptmsi-sumbar\system\Database\BaseConnection.php(729): CodeIgniter\Database\MySQLi\Connection->execute('SELECT `ranking...')
#2 C:\laragon\www\ptmsi-sumbar\system\Database\BaseConnection.php(646): CodeIgniter\Database\BaseConnection->simpleQuery('SELECT `ranking...')
#3 C:\laragon\www\ptmsi-sumbar\system\Database\BaseBuilder.php(1649): CodeIgniter\Database\BaseConnection->query('SELECT `ranking...', Array, false)
#4 C:\laragon\www\ptmsi-sumbar\system\Model.php(286): CodeIgniter\Database\BaseBuilder->get()
#5 C:\laragon\www\ptmsi-sumbar\system\BaseModel.php(677): CodeIgniter\Model->doFindAll(0, 0)
#6 C:\laragon\www\ptmsi-sumbar\app\Models\RankingModel.php(29): CodeIgniter\BaseModel->findAll()
#7 C:\laragon\www\ptmsi-sumbar\app\Controllers\RankingStatistik.php(28): App\Models\RankingModel->getRankingWithAtlet()
#8 C:\laragon\www\ptmsi-sumbar\system\CodeIgniter.php(933): App\Controllers\RankingStatistik->index()
#9 C:\laragon\www\ptmsi-sumbar\system\CodeIgniter.php(507): CodeIgniter\CodeIgniter->runController(Object(App\Controllers\RankingStatistik))
#10 C:\laragon\www\ptmsi-sumbar\system\CodeIgniter.php(354): CodeIgniter\CodeIgniter->handleRequest(NULL, Object(Config\Cache), false)
#11 C:\laragon\www\ptmsi-sumbar\system\Boot.php(363): CodeIgniter\CodeIgniter->run()
#12 C:\laragon\www\ptmsi-sumbar\system\Boot.php(68): CodeIgniter\Boot::runCodeIgniter(Object(CodeIgniter\CodeIgniter))
#13 C:\laragon\www\ptmsi-sumbar\public\index.php(59): CodeIgniter\Boot::bootWeb(Object(Config\Paths))
#14 C:\laragon\www\ptmsi-sumbar\system\rewrite.php(44): require_once('C:\\laragon\\www\\...')
#15 {main}
CRITICAL - 2025-12-07 14:50:43 --> CodeIgniter\Database\Exceptions\DatabaseException: Unknown column 'atlet.nama_lengkap' in 'field list'
[Method: GET, Route: ranking]
in SYSTEMPATH\Database\BaseConnection.php on line 684.
 1 SYSTEMPATH\Database\BaseBuilder.php(1649): CodeIgniter\Database\BaseConnection->query('SELECT `ranking`.*, `atlet`.`nama_lengkap`, `atlet`.`jenis_kelamin`, `klub`.`nama` as `nama_klub`
FROM `ranking`
JOIN `atlet` ON `atlet`.`id_atlet` = `ranking`.`id_atlet`
LEFT JOIN `klub` ON `klub`.`id_klub` = `atlet`.`id_klub`
ORDER BY `ranking`.`posisi` ASC', [], false)
 2 SYSTEMPATH\Model.php(286): CodeIgniter\Database\BaseBuilder->get()
 3 SYSTEMPATH\BaseModel.php(677): CodeIgniter\Model->doFindAll(0, 0)
 4 APPPATH\Models\RankingModel.php(29): CodeIgniter\BaseModel->findAll()
 5 APPPATH\Controllers\RankingStatistik.php(28): App\Models\RankingModel->getRankingWithAtlet()
 6 SYSTEMPATH\CodeIgniter.php(933): App\Controllers\RankingStatistik->index()
 7 SYSTEMPATH\CodeIgniter.php(507): CodeIgniter\CodeIgniter->runController(Object(App\Controllers\RankingStatistik))
 8 SYSTEMPATH\CodeIgniter.php(354): CodeIgniter\CodeIgniter->handleRequest(null, Object(Config\Cache), false)
 9 SYSTEMPATH\Boot.php(363): CodeIgniter\CodeIgniter->run()
10 SYSTEMPATH\Boot.php(68): CodeIgniter\Boot::runCodeIgniter(Object(CodeIgniter\CodeIgniter))
11 FCPATH\index.php(59): CodeIgniter\Boot::bootWeb(Object(Config\Paths))
12 SYSTEMPATH\rewrite.php(44): require_once('C:\\laragon\\www\\ptmsi-sumbar\\public\\index.php')
CRITICAL - 2025-12-07 14:50:43 --> [Caused by] CodeIgniter\Database\Exceptions\DatabaseException: Unknown column 'atlet.nama_lengkap' in 'field list'
in SYSTEMPATH\Database\MySQLi\Connection.php on line 332.
 1 SYSTEMPATH\Database\BaseConnection.php(729): CodeIgniter\Database\MySQLi\Connection->execute('SELECT `ranking`.*, `atlet`.`nama_lengkap`, `atlet`.`jenis_kelamin`, `klub`.`nama` as `nama_klub`
FROM `ranking`
JOIN `atlet` ON `atlet`.`id_atlet` = `ranking`.`id_atlet`
LEFT JOIN `klub` ON `klub`.`id_klub` = `atlet`.`id_klub`
ORDER BY `ranking`.`posisi` ASC')
 2 SYSTEMPATH\Database\BaseConnection.php(646): CodeIgniter\Database\BaseConnection->simpleQuery('SELECT `ranking`.*, `atlet`.`nama_lengkap`, `atlet`.`jenis_kelamin`, `klub`.`nama` as `nama_klub`
FROM `ranking`
JOIN `atlet` ON `atlet`.`id_atlet` = `ranking`.`id_atlet`
LEFT JOIN `klub` ON `klub`.`id_klub` = `atlet`.`id_klub`
ORDER BY `ranking`.`posisi` ASC')
 3 SYSTEMPATH\Database\BaseBuilder.php(1649): CodeIgniter\Database\BaseConnection->query('SELECT `ranking`.*, `atlet`.`nama_lengkap`, `atlet`.`jenis_kelamin`, `klub`.`nama` as `nama_klub`
FROM `ranking`
JOIN `atlet` ON `atlet`.`id_atlet` = `ranking`.`id_atlet`
LEFT JOIN `klub` ON `klub`.`id_klub` = `atlet`.`id_klub`
ORDER BY `ranking`.`posisi` ASC', [], false)
 4 SYSTEMPATH\Model.php(286): CodeIgniter\Database\BaseBuilder->get()
 5 SYSTEMPATH\BaseModel.php(677): CodeIgniter\Model->doFindAll(0, 0)
 6 APPPATH\Models\RankingModel.php(29): CodeIgniter\BaseModel->findAll()
 7 APPPATH\Controllers\RankingStatistik.php(28): App\Models\RankingModel->getRankingWithAtlet()
 8 SYSTEMPATH\CodeIgniter.php(933): App\Controllers\RankingStatistik->index()
 9 SYSTEMPATH\CodeIgniter.php(507): CodeIgniter\CodeIgniter->runController(Object(App\Controllers\RankingStatistik))
10 SYSTEMPATH\CodeIgniter.php(354): CodeIgniter\CodeIgniter->handleRequest(null, Object(Config\Cache), false)
11 SYSTEMPATH\Boot.php(363): CodeIgniter\CodeIgniter->run()
12 SYSTEMPATH\Boot.php(68): CodeIgniter\Boot::runCodeIgniter(Object(CodeIgniter\CodeIgniter))
13 FCPATH\index.php(59): CodeIgniter\Boot::bootWeb(Object(Config\Paths))
14 SYSTEMPATH\rewrite.php(44): require_once('C:\\laragon\\www\\ptmsi-sumbar\\public\\index.php')
CRITICAL - 2025-12-07 14:50:43 --> [Caused by] mysqli_sql_exception: Unknown column 'atlet.nama_lengkap' in 'field list'
in SYSTEMPATH\Database\MySQLi\Connection.php on line 327.
 1 SYSTEMPATH\Database\MySQLi\Connection.php(327): mysqli->query('SELECT `ranking`.*, `atlet`.`nama_lengkap`, `atlet`.`jenis_kelamin`, `klub`.`nama` as `nama_klub`
FROM `ranking`
JOIN `atlet` ON `atlet`.`id_atlet` = `ranking`.`id_atlet`
LEFT JOIN `klub` ON `klub`.`id_klub` = `atlet`.`id_klub`
ORDER BY `ranking`.`posisi` ASC', 0)
 2 SYSTEMPATH\Database\BaseConnection.php(729): CodeIgniter\Database\MySQLi\Connection->execute('SELECT `ranking`.*, `atlet`.`nama_lengkap`, `atlet`.`jenis_kelamin`, `klub`.`nama` as `nama_klub`
FROM `ranking`
JOIN `atlet` ON `atlet`.`id_atlet` = `ranking`.`id_atlet`
LEFT JOIN `klub` ON `klub`.`id_klub` = `atlet`.`id_klub`
ORDER BY `ranking`.`posisi` ASC')
 3 SYSTEMPATH\Database\BaseConnection.php(646): CodeIgniter\Database\BaseConnection->simpleQuery('SELECT `ranking`.*, `atlet`.`nama_lengkap`, `atlet`.`jenis_kelamin`, `klub`.`nama` as `nama_klub`
FROM `ranking`
JOIN `atlet` ON `atlet`.`id_atlet` = `ranking`.`id_atlet`
LEFT JOIN `klub` ON `klub`.`id_klub` = `atlet`.`id_klub`
ORDER BY `ranking`.`posisi` ASC')
 4 SYSTEMPATH\Database\BaseBuilder.php(1649): CodeIgniter\Database\BaseConnection->query('SELECT `ranking`.*, `atlet`.`nama_lengkap`, `atlet`.`jenis_kelamin`, `klub`.`nama` as `nama_klub`
FROM `ranking`
JOIN `atlet` ON `atlet`.`id_atlet` = `ranking`.`id_atlet`
LEFT JOIN `klub` ON `klub`.`id_klub` = `atlet`.`id_klub`
ORDER BY `ranking`.`posisi` ASC', [], false)
 5 SYSTEMPATH\Model.php(286): CodeIgniter\Database\BaseBuilder->get()
 6 SYSTEMPATH\BaseModel.php(677): CodeIgniter\Model->doFindAll(0, 0)
 7 APPPATH\Models\RankingModel.php(29): CodeIgniter\BaseModel->findAll()
 8 APPPATH\Controllers\RankingStatistik.php(28): App\Models\RankingModel->getRankingWithAtlet()
 9 SYSTEMPATH\CodeIgniter.php(933): App\Controllers\RankingStatistik->index()
10 SYSTEMPATH\CodeIgniter.php(507): CodeIgniter\CodeIgniter->runController(Object(App\Controllers\RankingStatistik))
11 SYSTEMPATH\CodeIgniter.php(354): CodeIgniter\CodeIgniter->handleRequest(null, Object(Config\Cache), false)
12 SYSTEMPATH\Boot.php(363): CodeIgniter\CodeIgniter->run()
13 SYSTEMPATH\Boot.php(68): CodeIgniter\Boot::runCodeIgniter(Object(CodeIgniter\CodeIgniter))
14 FCPATH\index.php(59): CodeIgniter\Boot::bootWeb(Object(Config\Paths))
15 SYSTEMPATH\rewrite.php(44): require_once('C:\\laragon\\www\\ptmsi-sumbar\\public\\index.php')
ERROR - 2025-12-07 14:54:43 --> mysqli_sql_exception: Unknown column 'event.nama_event' in 'field list' in C:\laragon\www\ptmsi-sumbar\system\Database\MySQLi\Connection.php:327
Stack trace:
#0 C:\laragon\www\ptmsi-sumbar\system\Database\MySQLi\Connection.php(327): mysqli->query('SELECT `event`....', 0)
#1 C:\laragon\www\ptmsi-sumbar\system\Database\BaseConnection.php(729): CodeIgniter\Database\MySQLi\Connection->execute('SELECT `event`....')
#2 C:\laragon\www\ptmsi-sumbar\system\Database\BaseConnection.php(646): CodeIgniter\Database\BaseConnection->simpleQuery('SELECT `event`....')
#3 C:\laragon\www\ptmsi-sumbar\system\Database\BaseBuilder.php(1649): CodeIgniter\Database\BaseConnection->query('SELECT `event`....', Array, false)
#4 C:\laragon\www\ptmsi-sumbar\system\Model.php(286): CodeIgniter\Database\BaseBuilder->get()
#5 C:\laragon\www\ptmsi-sumbar\system\BaseModel.php(677): CodeIgniter\Model->doFindAll(0, 0)
#6 C:\laragon\www\ptmsi-sumbar\app\Models\PertandinganModel.php(72): CodeIgniter\BaseModel->findAll()
#7 C:\laragon\www\ptmsi-sumbar\app\Controllers\RankingStatistik.php(37): App\Models\PertandinganModel->getStatistikPertandingan()
#8 C:\laragon\www\ptmsi-sumbar\system\CodeIgniter.php(933): App\Controllers\RankingStatistik->index()
#9 C:\laragon\www\ptmsi-sumbar\system\CodeIgniter.php(507): CodeIgniter\CodeIgniter->runController(Object(App\Controllers\RankingStatistik))
#10 C:\laragon\www\ptmsi-sumbar\system\CodeIgniter.php(354): CodeIgniter\CodeIgniter->handleRequest(NULL, Object(Config\Cache), false)
#11 C:\laragon\www\ptmsi-sumbar\system\Boot.php(363): CodeIgniter\CodeIgniter->run()
#12 C:\laragon\www\ptmsi-sumbar\system\Boot.php(68): CodeIgniter\Boot::runCodeIgniter(Object(CodeIgniter\CodeIgniter))
#13 C:\laragon\www\ptmsi-sumbar\public\index.php(59): CodeIgniter\Boot::bootWeb(Object(Config\Paths))
#14 C:\laragon\www\ptmsi-sumbar\system\rewrite.php(44): require_once('C:\\laragon\\www\\...')
#15 {main}
CRITICAL - 2025-12-07 14:54:43 --> CodeIgniter\Database\Exceptions\DatabaseException: Unknown column 'event.nama_event' in 'field list'
[Method: GET, Route: ranking]
in SYSTEMPATH\Database\BaseConnection.php on line 684.
 1 SYSTEMPATH\Database\BaseBuilder.php(1649): CodeIgniter\Database\BaseConnection->query('SELECT `event`.`nama_event`, COUNT(pertandingan.id_pertandingan) as total_pertandingan, `event`.`tanggal_mulai`, `event`.`tanggal_selesai`
FROM `pertandingan`
JOIN `event` ON `event`.`id_event` = `pertandingan`.`id_event`
GROUP BY `pertandingan`.`id_event`
ORDER BY `event`.`tanggal_mulai` DESC', [], false)
 2 SYSTEMPATH\Model.php(286): CodeIgniter\Database\BaseBuilder->get()
 3 SYSTEMPATH\BaseModel.php(677): CodeIgniter\Model->doFindAll(0, 0)
 4 APPPATH\Models\PertandinganModel.php(72): CodeIgniter\BaseModel->findAll()
 5 APPPATH\Controllers\RankingStatistik.php(37): App\Models\PertandinganModel->getStatistikPertandingan()
 6 SYSTEMPATH\CodeIgniter.php(933): App\Controllers\RankingStatistik->index()
 7 SYSTEMPATH\CodeIgniter.php(507): CodeIgniter\CodeIgniter->runController(Object(App\Controllers\RankingStatistik))
 8 SYSTEMPATH\CodeIgniter.php(354): CodeIgniter\CodeIgniter->handleRequest(null, Object(Config\Cache), false)
 9 SYSTEMPATH\Boot.php(363): CodeIgniter\CodeIgniter->run()
10 SYSTEMPATH\Boot.php(68): CodeIgniter\Boot::runCodeIgniter(Object(CodeIgniter\CodeIgniter))
11 FCPATH\index.php(59): CodeIgniter\Boot::bootWeb(Object(Config\Paths))
12 SYSTEMPATH\rewrite.php(44): require_once('C:\\laragon\\www\\ptmsi-sumbar\\public\\index.php')
CRITICAL - 2025-12-07 14:54:43 --> [Caused by] CodeIgniter\Database\Exceptions\DatabaseException: Unknown column 'event.nama_event' in 'field list'
in SYSTEMPATH\Database\MySQLi\Connection.php on line 332.
 1 SYSTEMPATH\Database\BaseConnection.php(729): CodeIgniter\Database\MySQLi\Connection->execute('SELECT `event`.`nama_event`, COUNT(pertandingan.id_pertandingan) as total_pertandingan, `event`.`tanggal_mulai`, `event`.`tanggal_selesai`
FROM `pertandingan`
JOIN `event` ON `event`.`id_event` = `pertandingan`.`id_event`
GROUP BY `pertandingan`.`id_event`
ORDER BY `event`.`tanggal_mulai` DESC')
 2 SYSTEMPATH\Database\BaseConnection.php(646): CodeIgniter\Database\BaseConnection->simpleQuery('SELECT `event`.`nama_event`, COUNT(pertandingan.id_pertandingan) as total_pertandingan, `event`.`tanggal_mulai`, `event`.`tanggal_selesai`
FROM `pertandingan`
JOIN `event` ON `event`.`id_event` = `pertandingan`.`id_event`
GROUP BY `pertandingan`.`id_event`
ORDER BY `event`.`tanggal_mulai` DESC')
 3 SYSTEMPATH\Database\BaseBuilder.php(1649): CodeIgniter\Database\BaseConnection->query('SELECT `event`.`nama_event`, COUNT(pertandingan.id_pertandingan) as total_pertandingan, `event`.`tanggal_mulai`, `event`.`tanggal_selesai`
FROM `pertandingan`
JOIN `event` ON `event`.`id_event` = `pertandingan`.`id_event`
GROUP BY `pertandingan`.`id_event`
ORDER BY `event`.`tanggal_mulai` DESC', [], false)
 4 SYSTEMPATH\Model.php(286): CodeIgniter\Database\BaseBuilder->get()
 5 SYSTEMPATH\BaseModel.php(677): CodeIgniter\Model->doFindAll(0, 0)
 6 APPPATH\Models\PertandinganModel.php(72): CodeIgniter\BaseModel->findAll()
 7 APPPATH\Controllers\RankingStatistik.php(37): App\Models\PertandinganModel->getStatistikPertandingan()
 8 SYSTEMPATH\CodeIgniter.php(933): App\Controllers\RankingStatistik->index()
 9 SYSTEMPATH\CodeIgniter.php(507): CodeIgniter\CodeIgniter->runController(Object(App\Controllers\RankingStatistik))
10 SYSTEMPATH\CodeIgniter.php(354): CodeIgniter\CodeIgniter->handleRequest(null, Object(Config\Cache), false)
11 SYSTEMPATH\Boot.php(363): CodeIgniter\CodeIgniter->run()
12 SYSTEMPATH\Boot.php(68): CodeIgniter\Boot::runCodeIgniter(Object(CodeIgniter\CodeIgniter))
13 FCPATH\index.php(59): CodeIgniter\Boot::bootWeb(Object(Config\Paths))
14 SYSTEMPATH\rewrite.php(44): require_once('C:\\laragon\\www\\ptmsi-sumbar\\public\\index.php')
CRITICAL - 2025-12-07 14:54:43 --> [Caused by] mysqli_sql_exception: Unknown column 'event.nama_event' in 'field list'
in SYSTEMPATH\Database\MySQLi\Connection.php on line 327.
 1 SYSTEMPATH\Database\MySQLi\Connection.php(327): mysqli->query('SELECT `event`.`nama_event`, COUNT(pertandingan.id_pertandingan) as total_pertandingan, `event`.`tanggal_mulai`, `event`.`tanggal_selesai`
FROM `pertandingan`
JOIN `event` ON `event`.`id_event` = `pertandingan`.`id_event`
GROUP BY `pertandingan`.`id_event`
ORDER BY `event`.`tanggal_mulai` DESC', 0)
 2 SYSTEMPATH\Database\BaseConnection.php(729): CodeIgniter\Database\MySQLi\Connection->execute('SELECT `event`.`nama_event`, COUNT(pertandingan.id_pertandingan) as total_pertandingan, `event`.`tanggal_mulai`, `event`.`tanggal_selesai`
FROM `pertandingan`
JOIN `event` ON `event`.`id_event` = `pertandingan`.`id_event`
GROUP BY `pertandingan`.`id_event`
ORDER BY `event`.`tanggal_mulai` DESC')
 3 SYSTEMPATH\Database\BaseConnection.php(646): CodeIgniter\Database\BaseConnection->simpleQuery('SELECT `event`.`nama_event`, COUNT(pertandingan.id_pertandingan) as total_pertandingan, `event`.`tanggal_mulai`, `event`.`tanggal_selesai`
FROM `pertandingan`
JOIN `event` ON `event`.`id_event` = `pertandingan`.`id_event`
GROUP BY `pertandingan`.`id_event`
ORDER BY `event`.`tanggal_mulai` DESC')
 4 SYSTEMPATH\Database\BaseBuilder.php(1649): CodeIgniter\Database\BaseConnection->query('SELECT `event`.`nama_event`, COUNT(pertandingan.id_pertandingan) as total_pertandingan, `event`.`tanggal_mulai`, `event`.`tanggal_selesai`
FROM `pertandingan`
JOIN `event` ON `event`.`id_event` = `pertandingan`.`id_event`
GROUP BY `pertandingan`.`id_event`
ORDER BY `event`.`tanggal_mulai` DESC', [], false)
 5 SYSTEMPATH\Model.php(286): CodeIgniter\Database\BaseBuilder->get()
 6 SYSTEMPATH\BaseModel.php(677): CodeIgniter\Model->doFindAll(0, 0)
 7 APPPATH\Models\PertandinganModel.php(72): CodeIgniter\BaseModel->findAll()
 8 APPPATH\Controllers\RankingStatistik.php(37): App\Models\PertandinganModel->getStatistikPertandingan()
 9 SYSTEMPATH\CodeIgniter.php(933): App\Controllers\RankingStatistik->index()
10 SYSTEMPATH\CodeIgniter.php(507): CodeIgniter\CodeIgniter->runController(Object(App\Controllers\RankingStatistik))
11 SYSTEMPATH\CodeIgniter.php(354): CodeIgniter\CodeIgniter->handleRequest(null, Object(Config\Cache), false)
12 SYSTEMPATH\Boot.php(363): CodeIgniter\CodeIgniter->run()
13 SYSTEMPATH\Boot.php(68): CodeIgniter\Boot::runCodeIgniter(Object(CodeIgniter\CodeIgniter))
14 FCPATH\index.php(59): CodeIgniter\Boot::bootWeb(Object(Config\Paths))
15 SYSTEMPATH\rewrite.php(44): require_once('C:\\laragon\\www\\ptmsi-sumbar\\public\\index.php')
ERROR - 2025-12-07 14:54:48 --> mysqli_sql_exception: Unknown column 'event.nama_event' in 'field list' in C:\laragon\www\ptmsi-sumbar\system\Database\MySQLi\Connection.php:327
Stack trace:
#0 C:\laragon\www\ptmsi-sumbar\system\Database\MySQLi\Connection.php(327): mysqli->query('SELECT `event`....', 0)
#1 C:\laragon\www\ptmsi-sumbar\system\Database\BaseConnection.php(729): CodeIgniter\Database\MySQLi\Connection->execute('SELECT `event`....')
#2 C:\laragon\www\ptmsi-sumbar\system\Database\BaseConnection.php(646): CodeIgniter\Database\BaseConnection->simpleQuery('SELECT `event`....')
#3 C:\laragon\www\ptmsi-sumbar\system\Database\BaseBuilder.php(1649): CodeIgniter\Database\BaseConnection->query('SELECT `event`....', Array, false)
#4 C:\laragon\www\ptmsi-sumbar\system\Model.php(286): CodeIgniter\Database\BaseBuilder->get()
#5 C:\laragon\www\ptmsi-sumbar\system\BaseModel.php(677): CodeIgniter\Model->doFindAll(0, 0)
#6 C:\laragon\www\ptmsi-sumbar\app\Models\PertandinganModel.php(72): CodeIgniter\BaseModel->findAll()
#7 C:\laragon\www\ptmsi-sumbar\app\Controllers\RankingStatistik.php(37): App\Models\PertandinganModel->getStatistikPertandingan()
#8 C:\laragon\www\ptmsi-sumbar\system\CodeIgniter.php(933): App\Controllers\RankingStatistik->index()
#9 C:\laragon\www\ptmsi-sumbar\system\CodeIgniter.php(507): CodeIgniter\CodeIgniter->runController(Object(App\Controllers\RankingStatistik))
#10 C:\laragon\www\ptmsi-sumbar\system\CodeIgniter.php(354): CodeIgniter\CodeIgniter->handleRequest(NULL, Object(Config\Cache), false)
#11 C:\laragon\www\ptmsi-sumbar\system\Boot.php(363): CodeIgniter\CodeIgniter->run()
#12 C:\laragon\www\ptmsi-sumbar\system\Boot.php(68): CodeIgniter\Boot::runCodeIgniter(Object(CodeIgniter\CodeIgniter))
#13 C:\laragon\www\ptmsi-sumbar\public\index.php(59): CodeIgniter\Boot::bootWeb(Object(Config\Paths))
#14 C:\laragon\www\ptmsi-sumbar\system\rewrite.php(44): require_once('C:\\laragon\\www\\...')
#15 {main}
CRITICAL - 2025-12-07 14:54:48 --> CodeIgniter\Database\Exceptions\DatabaseException: Unknown column 'event.nama_event' in 'field list'
[Method: GET, Route: ranking]
in SYSTEMPATH\Database\BaseConnection.php on line 684.
 1 SYSTEMPATH\Database\BaseBuilder.php(1649): CodeIgniter\Database\BaseConnection->query('SELECT `event`.`nama_event`, COUNT(pertandingan.id_pertandingan) as total_pertandingan, `event`.`tanggal_mulai`, `event`.`tanggal_selesai`
FROM `pertandingan`
JOIN `event` ON `event`.`id_event` = `pertandingan`.`id_event`
GROUP BY `pertandingan`.`id_event`
ORDER BY `event`.`tanggal_mulai` DESC', [], false)
 2 SYSTEMPATH\Model.php(286): CodeIgniter\Database\BaseBuilder->get()
 3 SYSTEMPATH\BaseModel.php(677): CodeIgniter\Model->doFindAll(0, 0)
 4 APPPATH\Models\PertandinganModel.php(72): CodeIgniter\BaseModel->findAll()
 5 APPPATH\Controllers\RankingStatistik.php(37): App\Models\PertandinganModel->getStatistikPertandingan()
 6 SYSTEMPATH\CodeIgniter.php(933): App\Controllers\RankingStatistik->index()
 7 SYSTEMPATH\CodeIgniter.php(507): CodeIgniter\CodeIgniter->runController(Object(App\Controllers\RankingStatistik))
 8 SYSTEMPATH\CodeIgniter.php(354): CodeIgniter\CodeIgniter->handleRequest(null, Object(Config\Cache), false)
 9 SYSTEMPATH\Boot.php(363): CodeIgniter\CodeIgniter->run()
10 SYSTEMPATH\Boot.php(68): CodeIgniter\Boot::runCodeIgniter(Object(CodeIgniter\CodeIgniter))
11 FCPATH\index.php(59): CodeIgniter\Boot::bootWeb(Object(Config\Paths))
12 SYSTEMPATH\rewrite.php(44): require_once('C:\\laragon\\www\\ptmsi-sumbar\\public\\index.php')
CRITICAL - 2025-12-07 14:54:48 --> [Caused by] CodeIgniter\Database\Exceptions\DatabaseException: Unknown column 'event.nama_event' in 'field list'
in SYSTEMPATH\Database\MySQLi\Connection.php on line 332.
 1 SYSTEMPATH\Database\BaseConnection.php(729): CodeIgniter\Database\MySQLi\Connection->execute('SELECT `event`.`nama_event`, COUNT(pertandingan.id_pertandingan) as total_pertandingan, `event`.`tanggal_mulai`, `event`.`tanggal_selesai`
FROM `pertandingan`
JOIN `event` ON `event`.`id_event` = `pertandingan`.`id_event`
GROUP BY `pertandingan`.`id_event`
ORDER BY `event`.`tanggal_mulai` DESC')
 2 SYSTEMPATH\Database\BaseConnection.php(646): CodeIgniter\Database\BaseConnection->simpleQuery('SELECT `event`.`nama_event`, COUNT(pertandingan.id_pertandingan) as total_pertandingan, `event`.`tanggal_mulai`, `event`.`tanggal_selesai`
FROM `pertandingan`
JOIN `event` ON `event`.`id_event` = `pertandingan`.`id_event`
GROUP BY `pertandingan`.`id_event`
ORDER BY `event`.`tanggal_mulai` DESC')
 3 SYSTEMPATH\Database\BaseBuilder.php(1649): CodeIgniter\Database\BaseConnection->query('SELECT `event`.`nama_event`, COUNT(pertandingan.id_pertandingan) as total_pertandingan, `event`.`tanggal_mulai`, `event`.`tanggal_selesai`
FROM `pertandingan`
JOIN `event` ON `event`.`id_event` = `pertandingan`.`id_event`
GROUP BY `pertandingan`.`id_event`
ORDER BY `event`.`tanggal_mulai` DESC', [], false)
 4 SYSTEMPATH\Model.php(286): CodeIgniter\Database\BaseBuilder->get()
 5 SYSTEMPATH\BaseModel.php(677): CodeIgniter\Model->doFindAll(0, 0)
 6 APPPATH\Models\PertandinganModel.php(72): CodeIgniter\BaseModel->findAll()
 7 APPPATH\Controllers\RankingStatistik.php(37): App\Models\PertandinganModel->getStatistikPertandingan()
 8 SYSTEMPATH\CodeIgniter.php(933): App\Controllers\RankingStatistik->index()
 9 SYSTEMPATH\CodeIgniter.php(507): CodeIgniter\CodeIgniter->runController(Object(App\Controllers\RankingStatistik))
10 SYSTEMPATH\CodeIgniter.php(354): CodeIgniter\CodeIgniter->handleRequest(null, Object(Config\Cache), false)
11 SYSTEMPATH\Boot.php(363): CodeIgniter\CodeIgniter->run()
12 SYSTEMPATH\Boot.php(68): CodeIgniter\Boot::runCodeIgniter(Object(CodeIgniter\CodeIgniter))
13 FCPATH\index.php(59): CodeIgniter\Boot::bootWeb(Object(Config\Paths))
14 SYSTEMPATH\rewrite.php(44): require_once('C:\\laragon\\www\\ptmsi-sumbar\\public\\index.php')
CRITICAL - 2025-12-07 14:54:48 --> [Caused by] mysqli_sql_exception: Unknown column 'event.nama_event' in 'field list'
in SYSTEMPATH\Database\MySQLi\Connection.php on line 327.
 1 SYSTEMPATH\Database\MySQLi\Connection.php(327): mysqli->query('SELECT `event`.`nama_event`, COUNT(pertandingan.id_pertandingan) as total_pertandingan, `event`.`tanggal_mulai`, `event`.`tanggal_selesai`
FROM `pertandingan`
JOIN `event` ON `event`.`id_event` = `pertandingan`.`id_event`
GROUP BY `pertandingan`.`id_event`
ORDER BY `event`.`tanggal_mulai` DESC', 0)
 2 SYSTEMPATH\Database\BaseConnection.php(729): CodeIgniter\Database\MySQLi\Connection->execute('SELECT `event`.`nama_event`, COUNT(pertandingan.id_pertandingan) as total_pertandingan, `event`.`tanggal_mulai`, `event`.`tanggal_selesai`
FROM `pertandingan`
JOIN `event` ON `event`.`id_event` = `pertandingan`.`id_event`
GROUP BY `pertandingan`.`id_event`
ORDER BY `event`.`tanggal_mulai` DESC')
 3 SYSTEMPATH\Database\BaseConnection.php(646): CodeIgniter\Database\BaseConnection->simpleQuery('SELECT `event`.`nama_event`, COUNT(pertandingan.id_pertandingan) as total_pertandingan, `event`.`tanggal_mulai`, `event`.`tanggal_selesai`
FROM `pertandingan`
JOIN `event` ON `event`.`id_event` = `pertandingan`.`id_event`
GROUP BY `pertandingan`.`id_event`
ORDER BY `event`.`tanggal_mulai` DESC')
 4 SYSTEMPATH\Database\BaseBuilder.php(1649): CodeIgniter\Database\BaseConnection->query('SELECT `event`.`nama_event`, COUNT(pertandingan.id_pertandingan) as total_pertandingan, `event`.`tanggal_mulai`, `event`.`tanggal_selesai`
FROM `pertandingan`
JOIN `event` ON `event`.`id_event` = `pertandingan`.`id_event`
GROUP BY `pertandingan`.`id_event`
ORDER BY `event`.`tanggal_mulai` DESC', [], false)
 5 SYSTEMPATH\Model.php(286): CodeIgniter\Database\BaseBuilder->get()
 6 SYSTEMPATH\BaseModel.php(677): CodeIgniter\Model->doFindAll(0, 0)
 7 APPPATH\Models\PertandinganModel.php(72): CodeIgniter\BaseModel->findAll()
 8 APPPATH\Controllers\RankingStatistik.php(37): App\Models\PertandinganModel->getStatistikPertandingan()
 9 SYSTEMPATH\CodeIgniter.php(933): App\Controllers\RankingStatistik->index()
10 SYSTEMPATH\CodeIgniter.php(507): CodeIgniter\CodeIgniter->runController(Object(App\Controllers\RankingStatistik))
11 SYSTEMPATH\CodeIgniter.php(354): CodeIgniter\CodeIgniter->handleRequest(null, Object(Config\Cache), false)
12 SYSTEMPATH\Boot.php(363): CodeIgniter\CodeIgniter->run()
13 SYSTEMPATH\Boot.php(68): CodeIgniter\Boot::runCodeIgniter(Object(CodeIgniter\CodeIgniter))
14 FCPATH\index.php(59): CodeIgniter\Boot::bootWeb(Object(Config\Paths))
15 SYSTEMPATH\rewrite.php(44): require_once('C:\\laragon\\www\\ptmsi-sumbar\\public\\index.php')
ERROR - 2025-12-07 14:57:49 --> mysqli_sql_exception: Unknown column 'event.nama_event' in 'field list' in C:\laragon\www\ptmsi-sumbar\system\Database\MySQLi\Connection.php:327
Stack trace:
#0 C:\laragon\www\ptmsi-sumbar\system\Database\MySQLi\Connection.php(327): mysqli->query('SELECT `event`....', 0)
#1 C:\laragon\www\ptmsi-sumbar\system\Database\BaseConnection.php(729): CodeIgniter\Database\MySQLi\Connection->execute('SELECT `event`....')
#2 C:\laragon\www\ptmsi-sumbar\system\Database\BaseConnection.php(646): CodeIgniter\Database\BaseConnection->simpleQuery('SELECT `event`....')
#3 C:\laragon\www\ptmsi-sumbar\system\Database\BaseBuilder.php(1649): CodeIgniter\Database\BaseConnection->query('SELECT `event`....', Array, false)
#4 C:\laragon\www\ptmsi-sumbar\system\Model.php(286): CodeIgniter\Database\BaseBuilder->get()
#5 C:\laragon\www\ptmsi-sumbar\system\BaseModel.php(677): CodeIgniter\Model->doFindAll(0, 0)
#6 C:\laragon\www\ptmsi-sumbar\app\Models\PertandinganModel.php(72): CodeIgniter\BaseModel->findAll()
#7 C:\laragon\www\ptmsi-sumbar\app\Controllers\RankingStatistik.php(37): App\Models\PertandinganModel->getStatistikPertandingan()
#8 C:\laragon\www\ptmsi-sumbar\system\CodeIgniter.php(933): App\Controllers\RankingStatistik->index()
#9 C:\laragon\www\ptmsi-sumbar\system\CodeIgniter.php(507): CodeIgniter\CodeIgniter->runController(Object(App\Controllers\RankingStatistik))
#10 C:\laragon\www\ptmsi-sumbar\system\CodeIgniter.php(354): CodeIgniter\CodeIgniter->handleRequest(NULL, Object(Config\Cache), false)
#11 C:\laragon\www\ptmsi-sumbar\system\Boot.php(363): CodeIgniter\CodeIgniter->run()
#12 C:\laragon\www\ptmsi-sumbar\system\Boot.php(68): CodeIgniter\Boot::runCodeIgniter(Object(CodeIgniter\CodeIgniter))
#13 C:\laragon\www\ptmsi-sumbar\public\index.php(59): CodeIgniter\Boot::bootWeb(Object(Config\Paths))
#14 C:\laragon\www\ptmsi-sumbar\system\rewrite.php(44): require_once('C:\\laragon\\www\\...')
#15 {main}
CRITICAL - 2025-12-07 14:57:49 --> CodeIgniter\Database\Exceptions\DatabaseException: Unknown column 'event.nama_event' in 'field list'
[Method: GET, Route: ranking]
in SYSTEMPATH\Database\BaseConnection.php on line 684.
 1 SYSTEMPATH\Database\BaseBuilder.php(1649): CodeIgniter\Database\BaseConnection->query('SELECT `event`.`nama_event`, COUNT(pertandingan.id_pertandingan) as total_pertandingan, `event`.`tanggal_mulai`, `event`.`tanggal_selesai`
FROM `pertandingan`
JOIN `event` ON `event`.`id_event` = `pertandingan`.`id_event`
GROUP BY `pertandingan`.`id_event`
ORDER BY `event`.`tanggal_mulai` DESC', [], false)
 2 SYSTEMPATH\Model.php(286): CodeIgniter\Database\BaseBuilder->get()
 3 SYSTEMPATH\BaseModel.php(677): CodeIgniter\Model->doFindAll(0, 0)
 4 APPPATH\Models\PertandinganModel.php(72): CodeIgniter\BaseModel->findAll()
 5 APPPATH\Controllers\RankingStatistik.php(37): App\Models\PertandinganModel->getStatistikPertandingan()
 6 SYSTEMPATH\CodeIgniter.php(933): App\Controllers\RankingStatistik->index()
 7 SYSTEMPATH\CodeIgniter.php(507): CodeIgniter\CodeIgniter->runController(Object(App\Controllers\RankingStatistik))
 8 SYSTEMPATH\CodeIgniter.php(354): CodeIgniter\CodeIgniter->handleRequest(null, Object(Config\Cache), false)
 9 SYSTEMPATH\Boot.php(363): CodeIgniter\CodeIgniter->run()
10 SYSTEMPATH\Boot.php(68): CodeIgniter\Boot::runCodeIgniter(Object(CodeIgniter\CodeIgniter))
11 FCPATH\index.php(59): CodeIgniter\Boot::bootWeb(Object(Config\Paths))
12 SYSTEMPATH\rewrite.php(44): require_once('C:\\laragon\\www\\ptmsi-sumbar\\public\\index.php')
CRITICAL - 2025-12-07 14:57:49 --> [Caused by] CodeIgniter\Database\Exceptions\DatabaseException: Unknown column 'event.nama_event' in 'field list'
in SYSTEMPATH\Database\MySQLi\Connection.php on line 332.
 1 SYSTEMPATH\Database\BaseConnection.php(729): CodeIgniter\Database\MySQLi\Connection->execute('SELECT `event`.`nama_event`, COUNT(pertandingan.id_pertandingan) as total_pertandingan, `event`.`tanggal_mulai`, `event`.`tanggal_selesai`
FROM `pertandingan`
JOIN `event` ON `event`.`id_event` = `pertandingan`.`id_event`
GROUP BY `pertandingan`.`id_event`
ORDER BY `event`.`tanggal_mulai` DESC')
 2 SYSTEMPATH\Database\BaseConnection.php(646): CodeIgniter\Database\BaseConnection->simpleQuery('SELECT `event`.`nama_event`, COUNT(pertandingan.id_pertandingan) as total_pertandingan, `event`.`tanggal_mulai`, `event`.`tanggal_selesai`
FROM `pertandingan`
JOIN `event` ON `event`.`id_event` = `pertandingan`.`id_event`
GROUP BY `pertandingan`.`id_event`
ORDER BY `event`.`tanggal_mulai` DESC')
 3 SYSTEMPATH\Database\BaseBuilder.php(1649): CodeIgniter\Database\BaseConnection->query('SELECT `event`.`nama_event`, COUNT(pertandingan.id_pertandingan) as total_pertandingan, `event`.`tanggal_mulai`, `event`.`tanggal_selesai`
FROM `pertandingan`
JOIN `event` ON `event`.`id_event` = `pertandingan`.`id_event`
GROUP BY `pertandingan`.`id_event`
ORDER BY `event`.`tanggal_mulai` DESC', [], false)
 4 SYSTEMPATH\Model.php(286): CodeIgniter\Database\BaseBuilder->get()
 5 SYSTEMPATH\BaseModel.php(677): CodeIgniter\Model->doFindAll(0, 0)
 6 APPPATH\Models\PertandinganModel.php(72): CodeIgniter\BaseModel->findAll()
 7 APPPATH\Controllers\RankingStatistik.php(37): App\Models\PertandinganModel->getStatistikPertandingan()
 8 SYSTEMPATH\CodeIgniter.php(933): App\Controllers\RankingStatistik->index()
 9 SYSTEMPATH\CodeIgniter.php(507): CodeIgniter\CodeIgniter->runController(Object(App\Controllers\RankingStatistik))
10 SYSTEMPATH\CodeIgniter.php(354): CodeIgniter\CodeIgniter->handleRequest(null, Object(Config\Cache), false)
11 SYSTEMPATH\Boot.php(363): CodeIgniter\CodeIgniter->run()
12 SYSTEMPATH\Boot.php(68): CodeIgniter\Boot::runCodeIgniter(Object(CodeIgniter\CodeIgniter))
13 FCPATH\index.php(59): CodeIgniter\Boot::bootWeb(Object(Config\Paths))
14 SYSTEMPATH\rewrite.php(44): require_once('C:\\laragon\\www\\ptmsi-sumbar\\public\\index.php')
CRITICAL - 2025-12-07 14:57:49 --> [Caused by] mysqli_sql_exception: Unknown column 'event.nama_event' in 'field list'
in SYSTEMPATH\Database\MySQLi\Connection.php on line 327.
 1 SYSTEMPATH\Database\MySQLi\Connection.php(327): mysqli->query('SELECT `event`.`nama_event`, COUNT(pertandingan.id_pertandingan) as total_pertandingan, `event`.`tanggal_mulai`, `event`.`tanggal_selesai`
FROM `pertandingan`
JOIN `event` ON `event`.`id_event` = `pertandingan`.`id_event`
GROUP BY `pertandingan`.`id_event`
ORDER BY `event`.`tanggal_mulai` DESC', 0)
 2 SYSTEMPATH\Database\BaseConnection.php(729): CodeIgniter\Database\MySQLi\Connection->execute('SELECT `event`.`nama_event`, COUNT(pertandingan.id_pertandingan) as total_pertandingan, `event`.`tanggal_mulai`, `event`.`tanggal_selesai`
FROM `pertandingan`
JOIN `event` ON `event`.`id_event` = `pertandingan`.`id_event`
GROUP BY `pertandingan`.`id_event`
ORDER BY `event`.`tanggal_mulai` DESC')
 3 SYSTEMPATH\Database\BaseConnection.php(646): CodeIgniter\Database\BaseConnection->simpleQuery('SELECT `event`.`nama_event`, COUNT(pertandingan.id_pertandingan) as total_pertandingan, `event`.`tanggal_mulai`, `event`.`tanggal_selesai`
FROM `pertandingan`
JOIN `event` ON `event`.`id_event` = `pertandingan`.`id_event`
GROUP BY `pertandingan`.`id_event`
ORDER BY `event`.`tanggal_mulai` DESC')
 4 SYSTEMPATH\Database\BaseBuilder.php(1649): CodeIgniter\Database\BaseConnection->query('SELECT `event`.`nama_event`, COUNT(pertandingan.id_pertandingan) as total_pertandingan, `event`.`tanggal_mulai`, `event`.`tanggal_selesai`
FROM `pertandingan`
JOIN `event` ON `event`.`id_event` = `pertandingan`.`id_event`
GROUP BY `pertandingan`.`id_event`
ORDER BY `event`.`tanggal_mulai` DESC', [], false)
 5 SYSTEMPATH\Model.php(286): CodeIgniter\Database\BaseBuilder->get()
 6 SYSTEMPATH\BaseModel.php(677): CodeIgniter\Model->doFindAll(0, 0)
 7 APPPATH\Models\PertandinganModel.php(72): CodeIgniter\BaseModel->findAll()
 8 APPPATH\Controllers\RankingStatistik.php(37): App\Models\PertandinganModel->getStatistikPertandingan()
 9 SYSTEMPATH\CodeIgniter.php(933): App\Controllers\RankingStatistik->index()
10 SYSTEMPATH\CodeIgniter.php(507): CodeIgniter\CodeIgniter->runController(Object(App\Controllers\RankingStatistik))
11 SYSTEMPATH\CodeIgniter.php(354): CodeIgniter\CodeIgniter->handleRequest(null, Object(Config\Cache), false)
12 SYSTEMPATH\Boot.php(363): CodeIgniter\CodeIgniter->run()
13 SYSTEMPATH\Boot.php(68): CodeIgniter\Boot::runCodeIgniter(Object(CodeIgniter\CodeIgniter))
14 FCPATH\index.php(59): CodeIgniter\Boot::bootWeb(Object(Config\Paths))
15 SYSTEMPATH\rewrite.php(44): require_once('C:\\laragon\\www\\ptmsi-sumbar\\public\\index.php')
DEBUG - 2025-12-07 15:14:35 --> Session: Class initialized using 'CodeIgniter\Session\Handlers\FileHandler' driver.
DEBUG - 2025-12-07 15:15:33 --> Session: Class initialized using 'CodeIgniter\Session\Handlers\FileHandler' driver.
DEBUG - 2025-12-07 15:20:09 --> Session: Class initialized using 'CodeIgniter\Session\Handlers\FileHandler' driver.
DEBUG - 2025-12-07 15:20:56 --> Session: Class initialized using 'CodeIgniter\Session\Handlers\FileHandler' driver.
ERROR - 2025-12-07 15:35:26 --> mysqli_sql_exception: Cannot add or update a child row: a foreign key constraint fails (`ptmsi_sumbar`.`ranking`, CONSTRAINT `ranking_id_atlet_foreign` FOREIGN KEY (`id_atlet`) REFERENCES `atlet` (`id_atlet`) ON DELETE CASCADE ON UPDATE CASCADE) in C:\laragon\www\ptmsi-sumbar\system\Database\MySQLi\Connection.php:327
Stack trace:
#0 C:\laragon\www\ptmsi-sumbar\system\Database\MySQLi\Connection.php(327): mysqli->query('INSERT INTO `ra...', 0)
#1 C:\laragon\www\ptmsi-sumbar\system\Database\BaseConnection.php(729): CodeIgniter\Database\MySQLi\Connection->execute('INSERT INTO `ra...')
#2 C:\laragon\www\ptmsi-sumbar\system\Database\BaseConnection.php(646): CodeIgniter\Database\BaseConnection->simpleQuery('INSERT INTO `ra...')
#3 C:\laragon\www\ptmsi-sumbar\system\Database\BaseBuilder.php(1841): CodeIgniter\Database\BaseConnection->query('INSERT INTO `ra...', NULL, false)
#4 C:\laragon\www\ptmsi-sumbar\system\Database\BaseBuilder.php(2230): CodeIgniter\Database\BaseBuilder->batchExecute('_insertBatch', 100)
#5 C:\laragon\www\ptmsi-sumbar\app\Database\Seeds\RankingSeeder.php(106): CodeIgniter\Database\BaseBuilder->insertBatch(Array)
#6 C:\laragon\www\ptmsi-sumbar\system\Database\Seeder.php(149): App\Database\Seeds\RankingSeeder->run()
#7 C:\laragon\www\ptmsi-sumbar\system\Commands\Database\Seed.php(79): CodeIgniter\Database\Seeder->call('App\\Database\\Se...')
#8 C:\laragon\www\ptmsi-sumbar\system\CLI\Commands.php(74): CodeIgniter\Commands\Database\Seed->run(Array)
#9 C:\laragon\www\ptmsi-sumbar\system\CLI\Console.php(47): CodeIgniter\CLI\Commands->run('db:seed', Array)
#10 C:\laragon\www\ptmsi-sumbar\system\Boot.php(388): CodeIgniter\CLI\Console->run()
#11 C:\laragon\www\ptmsi-sumbar\system\Boot.php(133): CodeIgniter\Boot::runCommand(Object(CodeIgniter\CLI\Console))
#12 C:\laragon\www\ptmsi-sumbar\spark(87): CodeIgniter\Boot::bootSpark(Object(Config\Paths))
#13 {main}
ERROR - 2025-12-07 15:36:46 --> mysqli_sql_exception: Cannot add or update a child row: a foreign key constraint fails (`ptmsi_sumbar`.`berita`, CONSTRAINT `berita_id_penulis_foreign` FOREIGN KEY (`id_penulis`) REFERENCES `user` (`id_user`) ON DELETE CASCADE ON UPDATE CASCADE) in C:\laragon\www\ptmsi-sumbar\system\Database\MySQLi\Connection.php:327
Stack trace:
#0 C:\laragon\www\ptmsi-sumbar\system\Database\MySQLi\Connection.php(327): mysqli->query('INSERT INTO `be...', 0)
#1 C:\laragon\www\ptmsi-sumbar\system\Database\BaseConnection.php(729): CodeIgniter\Database\MySQLi\Connection->execute('INSERT INTO `be...')
#2 C:\laragon\www\ptmsi-sumbar\system\Database\BaseConnection.php(646): CodeIgniter\Database\BaseConnection->simpleQuery('INSERT INTO `be...')
#3 C:\laragon\www\ptmsi-sumbar\system\Database\BaseBuilder.php(1841): CodeIgniter\Database\BaseConnection->query('INSERT INTO `be...', NULL, false)
#4 C:\laragon\www\ptmsi-sumbar\system\Database\BaseBuilder.php(2230): CodeIgniter\Database\BaseBuilder->batchExecute('_insertBatch', 100)
#5 C:\laragon\www\ptmsi-sumbar\app\Database\Seeds\BeritaSeeder.php(56): CodeIgniter\Database\BaseBuilder->insertBatch(Array)
#6 C:\laragon\www\ptmsi-sumbar\system\Database\Seeder.php(149): App\Database\Seeds\BeritaSeeder->run()
#7 C:\laragon\www\ptmsi-sumbar\system\Commands\Database\Seed.php(79): CodeIgniter\Database\Seeder->call('App\\Database\\Se...')
#8 C:\laragon\www\ptmsi-sumbar\system\CLI\Commands.php(74): CodeIgniter\Commands\Database\Seed->run(Array)
#9 C:\laragon\www\ptmsi-sumbar\system\CLI\Console.php(47): CodeIgniter\CLI\Commands->run('db:seed', Array)
#10 C:\laragon\www\ptmsi-sumbar\system\Boot.php(388): CodeIgniter\CLI\Console->run()
#11 C:\laragon\www\ptmsi-sumbar\system\Boot.php(133): CodeIgniter\Boot::runCommand(Object(CodeIgniter\CLI\Console))
#12 C:\laragon\www\ptmsi-sumbar\spark(87): CodeIgniter\Boot::bootSpark(Object(Config\Paths))
#13 {main}
ERROR - 2025-12-07 15:37:03 --> mysqli_sql_exception: Cannot add or update a child row: a foreign key constraint fails (`ptmsi_sumbar`.`dokumen`, CONSTRAINT `dokumen_id_pengunggah_foreign` FOREIGN KEY (`id_pengunggah`) REFERENCES `user` (`id_user`) ON DELETE CASCADE ON UPDATE CASCADE) in C:\laragon\www\ptmsi-sumbar\system\Database\MySQLi\Connection.php:327
Stack trace:
#0 C:\laragon\www\ptmsi-sumbar\system\Database\MySQLi\Connection.php(327): mysqli->query('INSERT INTO `do...', 0)
#1 C:\laragon\www\ptmsi-sumbar\system\Database\BaseConnection.php(729): CodeIgniter\Database\MySQLi\Connection->execute('INSERT INTO `do...')
#2 C:\laragon\www\ptmsi-sumbar\system\Database\BaseConnection.php(646): CodeIgniter\Database\BaseConnection->simpleQuery('INSERT INTO `do...')
#3 C:\laragon\www\ptmsi-sumbar\system\Database\BaseBuilder.php(1841): CodeIgniter\Database\BaseConnection->query('INSERT INTO `do...', NULL, false)
#4 C:\laragon\www\ptmsi-sumbar\system\Database\BaseBuilder.php(2230): CodeIgniter\Database\BaseBuilder->batchExecute('_insertBatch', 100)
#5 C:\laragon\www\ptmsi-sumbar\app\Database\Seeds\DokumenSeeder.php(129): CodeIgniter\Database\BaseBuilder->insertBatch(Array)
#6 C:\laragon\www\ptmsi-sumbar\system\Database\Seeder.php(149): App\Database\Seeds\DokumenSeeder->run()
#7 C:\laragon\www\ptmsi-sumbar\system\Commands\Database\Seed.php(79): CodeIgniter\Database\Seeder->call('App\\Database\\Se...')
#8 C:\laragon\www\ptmsi-sumbar\system\CLI\Commands.php(74): CodeIgniter\Commands\Database\Seed->run(Array)
#9 C:\laragon\www\ptmsi-sumbar\system\CLI\Console.php(47): CodeIgniter\CLI\Commands->run('db:seed', Array)
#10 C:\laragon\www\ptmsi-sumbar\system\Boot.php(388): CodeIgniter\CLI\Console->run()
#11 C:\laragon\www\ptmsi-sumbar\system\Boot.php(133): CodeIgniter\Boot::runCommand(Object(CodeIgniter\CLI\Console))
#12 C:\laragon\www\ptmsi-sumbar\spark(87): CodeIgniter\Boot::bootSpark(Object(Config\Paths))
#13 {main}
DEBUG - 2025-12-07 15:39:43 --> Session: Class initialized using 'CodeIgniter\Session\Handlers\FileHandler' driver.
CRITICAL - 2025-12-07 15:44:29 --> CodeIgniter\Exceptions\BadMethodCallException: Call to undefined method App\Models\SertifikasiModel::getSertifikasiWithDetails
[Method: GET, Route: pembinaan]
in SYSTEMPATH\Model.php on line 927.
 1 APPPATH\Controllers\Pembinaan.php(25): CodeIgniter\Model->__call('getSertifikasiWithDetails', [])
 2 SYSTEMPATH\CodeIgniter.php(933): App\Controllers\Pembinaan->index()
 3 SYSTEMPATH\CodeIgniter.php(507): CodeIgniter\CodeIgniter->runController(Object(App\Controllers\Pembinaan))
 4 SYSTEMPATH\CodeIgniter.php(354): CodeIgniter\CodeIgniter->handleRequest(null, Object(Config\Cache), false)
 5 SYSTEMPATH\Boot.php(363): CodeIgniter\CodeIgniter->run()
 6 SYSTEMPATH\Boot.php(68): CodeIgniter\Boot::runCodeIgniter(Object(CodeIgniter\CodeIgniter))
 7 FCPATH\index.php(59): CodeIgniter\Boot::bootWeb(Object(Config\Paths))
 8 SYSTEMPATH\rewrite.php(44): require_once('C:\\laragon\\www\\ptmsi-sumbar\\public\\index.php')
DEBUG - 2025-12-07 16:06:01 --> Session: Class initialized using 'CodeIgniter\Session\Handlers\FileHandler' driver.
DEBUG - 2025-12-07 16:08:08 --> Session: Class initialized using 'CodeIgniter\Session\Handlers\FileHandler' driver.
CRITICAL - 2025-12-07 16:16:33 --> Error: Class "App\Models\UserModel" not found
[Method: GET, Route: login]
in APPPATH\Controllers\Auth.php on line 13.
 1 SYSTEMPATH\CodeIgniter.php(903): App\Controllers\Auth->__construct()
 2 SYSTEMPATH\CodeIgniter.php(498): CodeIgniter\CodeIgniter->createController()
 3 SYSTEMPATH\CodeIgniter.php(354): CodeIgniter\CodeIgniter->handleRequest(null, Object(Config\Cache), false)
 4 SYSTEMPATH\Boot.php(363): CodeIgniter\CodeIgniter->run()
 5 SYSTEMPATH\Boot.php(68): CodeIgniter\Boot::runCodeIgniter(Object(CodeIgniter\CodeIgniter))
 6 FCPATH\index.php(59): CodeIgniter\Boot::bootWeb(Object(Config\Paths))
 7 SYSTEMPATH\rewrite.php(44): require_once('C:\\laragon\\www\\ptmsi-sumbar\\public\\index.php')
DEBUG - 2025-12-07 16:17:08 --> Session: Class initialized using 'CodeIgniter\Session\Handlers\FileHandler' driver.
DEBUG - 2025-12-07 16:17:17 --> Session: Class initialized using 'CodeIgniter\Session\Handlers\FileHandler' driver.
DEBUG - 2025-12-07 16:31:21 --> Session: Class initialized using 'CodeIgniter\Session\Handlers\FileHandler' driver.
DEBUG - 2025-12-07 16:31:21 --> Session: Class initialized using 'CodeIgniter\Session\Handlers\FileHandler' driver.
CRITICAL - 2025-12-07 16:31:31 --> ErrorException: Undefined array key "password"
[Method: POST, Route: auth/login]
in APPPATH\Controllers\Auth.php on line 57.
 1 APPPATH\Controllers\Auth.php(57): CodeIgniter\Debug\Exceptions->errorHandler(2, 'Undefined array key "password"', 'C:\\laragon\\www\\ptmsi-sumbar\\app\\Controllers\\Auth.php', 57)
 2 SYSTEMPATH\CodeIgniter.php(933): App\Controllers\Auth->attemptLogin()
 3 SYSTEMPATH\CodeIgniter.php(507): CodeIgniter\CodeIgniter->runController(Object(App\Controllers\Auth))
 4 SYSTEMPATH\CodeIgniter.php(354): CodeIgniter\CodeIgniter->handleRequest(null, Object(Config\Cache), false)
 5 SYSTEMPATH\Boot.php(363): CodeIgniter\CodeIgniter->run()
 6 SYSTEMPATH\Boot.php(68): CodeIgniter\Boot::runCodeIgniter(Object(CodeIgniter\CodeIgniter))
 7 FCPATH\index.php(59): CodeIgniter\Boot::bootWeb(Object(Config\Paths))
 8 SYSTEMPATH\rewrite.php(44): require_once('C:\\laragon\\www\\ptmsi-sumbar\\public\\index.php')
DEBUG - 2025-12-07 16:34:03 --> Session: Class initialized using 'CodeIgniter\Session\Handlers\FileHandler' driver.
ERROR - 2025-12-07 16:34:03 --> mysqli_sql_exception: Unknown column 'user.id' in 'where clause' in C:\laragon\www\ptmsi-sumbar\system\Database\MySQLi\Connection.php:327
Stack trace:
#0 C:\laragon\www\ptmsi-sumbar\system\Database\MySQLi\Connection.php(327): mysqli->query('UPDATE `user` S...', 0)
#1 C:\laragon\www\ptmsi-sumbar\system\Database\BaseConnection.php(729): CodeIgniter\Database\MySQLi\Connection->execute('UPDATE `user` S...')
#2 C:\laragon\www\ptmsi-sumbar\system\Database\BaseConnection.php(646): CodeIgniter\Database\BaseConnection->simpleQuery('UPDATE `user` S...')
#3 C:\laragon\www\ptmsi-sumbar\system\Database\BaseBuilder.php(2521): CodeIgniter\Database\BaseConnection->query('UPDATE `user` S...', Array, false)
#4 C:\laragon\www\ptmsi-sumbar\system\Model.php(461): CodeIgniter\Database\BaseBuilder->update()
#5 C:\laragon\www\ptmsi-sumbar\system\BaseModel.php(1025): CodeIgniter\Model->doUpdate(Array, Array)
#6 C:\laragon\www\ptmsi-sumbar\system\Model.php(860): CodeIgniter\BaseModel->update(Array, Array)
#7 C:\laragon\www\ptmsi-sumbar\app\Controllers\Auth.php(99): CodeIgniter\Model->update('550e8400-e29b-4...', Array)
#8 C:\laragon\www\ptmsi-sumbar\system\CodeIgniter.php(933): App\Controllers\Auth->attemptLogin()
#9 C:\laragon\www\ptmsi-sumbar\system\CodeIgniter.php(507): CodeIgniter\CodeIgniter->runController(Object(App\Controllers\Auth))
#10 C:\laragon\www\ptmsi-sumbar\system\CodeIgniter.php(354): CodeIgniter\CodeIgniter->handleRequest(NULL, Object(Config\Cache), false)
#11 C:\laragon\www\ptmsi-sumbar\system\Boot.php(363): CodeIgniter\CodeIgniter->run()
#12 C:\laragon\www\ptmsi-sumbar\system\Boot.php(68): CodeIgniter\Boot::runCodeIgniter(Object(CodeIgniter\CodeIgniter))
#13 C:\laragon\www\ptmsi-sumbar\public\index.php(59): CodeIgniter\Boot::bootWeb(Object(Config\Paths))
#14 C:\laragon\www\ptmsi-sumbar\system\rewrite.php(44): require_once('C:\\laragon\\www\\...')
#15 {main}
CRITICAL - 2025-12-07 16:34:03 --> CodeIgniter\Database\Exceptions\DatabaseException: Unknown column 'user.id' in 'where clause'
[Method: POST, Route: auth/login]
in SYSTEMPATH\Database\BaseConnection.php on line 684.
 1 SYSTEMPATH\Database\BaseBuilder.php(2521): CodeIgniter\Database\BaseConnection->query('UPDATE `user` SET `last_login` = :last_login:
WHERE `user`.`id` IN :user.id:', [...], false)
 2 SYSTEMPATH\Model.php(461): CodeIgniter\Database\BaseBuilder->update()
 3 SYSTEMPATH\BaseModel.php(1025): CodeIgniter\Model->doUpdate([...], [...])
 4 SYSTEMPATH\Model.php(860): CodeIgniter\BaseModel->update([...], [...])
 5 APPPATH\Controllers\Auth.php(99): CodeIgniter\Model->update('550e8400-e29b-41d4-a716-446655440001', [...])
 6 SYSTEMPATH\CodeIgniter.php(933): App\Controllers\Auth->attemptLogin()
 7 SYSTEMPATH\CodeIgniter.php(507): CodeIgniter\CodeIgniter->runController(Object(App\Controllers\Auth))
 8 SYSTEMPATH\CodeIgniter.php(354): CodeIgniter\CodeIgniter->handleRequest(null, Object(Config\Cache), false)
 9 SYSTEMPATH\Boot.php(363): CodeIgniter\CodeIgniter->run()
10 SYSTEMPATH\Boot.php(68): CodeIgniter\Boot::runCodeIgniter(Object(CodeIgniter\CodeIgniter))
11 FCPATH\index.php(59): CodeIgniter\Boot::bootWeb(Object(Config\Paths))
12 SYSTEMPATH\rewrite.php(44): require_once('C:\\laragon\\www\\ptmsi-sumbar\\public\\index.php')
CRITICAL - 2025-12-07 16:34:03 --> [Caused by] CodeIgniter\Database\Exceptions\DatabaseException: Unknown column 'user.id' in 'where clause'
in SYSTEMPATH\Database\MySQLi\Connection.php on line 332.
 1 SYSTEMPATH\Database\BaseConnection.php(729): CodeIgniter\Database\MySQLi\Connection->execute('UPDATE `user` SET `last_login` = \'2025-12-07 16:34:03\'
WHERE `user`.`id` IN (\'550e8400-e29b-41d4-a716-446655440001\')')
 2 SYSTEMPATH\Database\BaseConnection.php(646): CodeIgniter\Database\BaseConnection->simpleQuery('UPDATE `user` SET `last_login` = \'2025-12-07 16:34:03\'
WHERE `user`.`id` IN (\'550e8400-e29b-41d4-a716-446655440001\')')
 3 SYSTEMPATH\Database\BaseBuilder.php(2521): CodeIgniter\Database\BaseConnection->query('UPDATE `user` SET `last_login` = :last_login:
WHERE `user`.`id` IN :user.id:', [...], false)
 4 SYSTEMPATH\Model.php(461): CodeIgniter\Database\BaseBuilder->update()
 5 SYSTEMPATH\BaseModel.php(1025): CodeIgniter\Model->doUpdate([...], [...])
 6 SYSTEMPATH\Model.php(860): CodeIgniter\BaseModel->update([...], [...])
 7 APPPATH\Controllers\Auth.php(99): CodeIgniter\Model->update('550e8400-e29b-41d4-a716-446655440001', [...])
 8 SYSTEMPATH\CodeIgniter.php(933): App\Controllers\Auth->attemptLogin()
 9 SYSTEMPATH\CodeIgniter.php(507): CodeIgniter\CodeIgniter->runController(Object(App\Controllers\Auth))
10 SYSTEMPATH\CodeIgniter.php(354): CodeIgniter\CodeIgniter->handleRequest(null, Object(Config\Cache), false)
11 SYSTEMPATH\Boot.php(363): CodeIgniter\CodeIgniter->run()
12 SYSTEMPATH\Boot.php(68): CodeIgniter\Boot::runCodeIgniter(Object(CodeIgniter\CodeIgniter))
13 FCPATH\index.php(59): CodeIgniter\Boot::bootWeb(Object(Config\Paths))
14 SYSTEMPATH\rewrite.php(44): require_once('C:\\laragon\\www\\ptmsi-sumbar\\public\\index.php')
CRITICAL - 2025-12-07 16:34:03 --> [Caused by] mysqli_sql_exception: Unknown column 'user.id' in 'where clause'
in SYSTEMPATH\Database\MySQLi\Connection.php on line 327.
 1 SYSTEMPATH\Database\MySQLi\Connection.php(327): mysqli->query('UPDATE `user` SET `last_login` = \'2025-12-07 16:34:03\'
WHERE `user`.`id` IN (\'550e8400-e29b-41d4-a716-446655440001\')', 0)
 2 SYSTEMPATH\Database\BaseConnection.php(729): CodeIgniter\Database\MySQLi\Connection->execute('UPDATE `user` SET `last_login` = \'2025-12-07 16:34:03\'
WHERE `user`.`id` IN (\'550e8400-e29b-41d4-a716-446655440001\')')
 3 SYSTEMPATH\Database\BaseConnection.php(646): CodeIgniter\Database\BaseConnection->simpleQuery('UPDATE `user` SET `last_login` = \'2025-12-07 16:34:03\'
WHERE `user`.`id` IN (\'550e8400-e29b-41d4-a716-446655440001\')')
 4 SYSTEMPATH\Database\BaseBuilder.php(2521): CodeIgniter\Database\BaseConnection->query('UPDATE `user` SET `last_login` = :last_login:
WHERE `user`.`id` IN :user.id:', [...], false)
 5 SYSTEMPATH\Model.php(461): CodeIgniter\Database\BaseBuilder->update()
 6 SYSTEMPATH\BaseModel.php(1025): CodeIgniter\Model->doUpdate([...], [...])
 7 SYSTEMPATH\Model.php(860): CodeIgniter\BaseModel->update([...], [...])
 8 APPPATH\Controllers\Auth.php(99): CodeIgniter\Model->update('550e8400-e29b-41d4-a716-446655440001', [...])
 9 SYSTEMPATH\CodeIgniter.php(933): App\Controllers\Auth->attemptLogin()
10 SYSTEMPATH\CodeIgniter.php(507): CodeIgniter\CodeIgniter->runController(Object(App\Controllers\Auth))
11 SYSTEMPATH\CodeIgniter.php(354): CodeIgniter\CodeIgniter->handleRequest(null, Object(Config\Cache), false)
12 SYSTEMPATH\Boot.php(363): CodeIgniter\CodeIgniter->run()
13 SYSTEMPATH\Boot.php(68): CodeIgniter\Boot::runCodeIgniter(Object(CodeIgniter\CodeIgniter))
14 FCPATH\index.php(59): CodeIgniter\Boot::bootWeb(Object(Config\Paths))
15 SYSTEMPATH\rewrite.php(44): require_once('C:\\laragon\\www\\ptmsi-sumbar\\public\\index.php')
DEBUG - 2025-12-07 16:36:57 --> Session: Class initialized using 'CodeIgniter\Session\Handlers\FileHandler' driver.
ERROR - 2025-12-07 16:36:57 --> mysqli_sql_exception: Unknown column 'last_login' in 'field list' in C:\laragon\www\ptmsi-sumbar\system\Database\MySQLi\Connection.php:327
Stack trace:
#0 C:\laragon\www\ptmsi-sumbar\system\Database\MySQLi\Connection.php(327): mysqli->query('UPDATE `user` S...', 0)
#1 C:\laragon\www\ptmsi-sumbar\system\Database\BaseConnection.php(729): CodeIgniter\Database\MySQLi\Connection->execute('UPDATE `user` S...')
#2 C:\laragon\www\ptmsi-sumbar\system\Database\BaseConnection.php(646): CodeIgniter\Database\BaseConnection->simpleQuery('UPDATE `user` S...')
#3 C:\laragon\www\ptmsi-sumbar\system\Database\BaseBuilder.php(2521): CodeIgniter\Database\BaseConnection->query('UPDATE `user` S...', Array, false)
#4 C:\laragon\www\ptmsi-sumbar\system\Model.php(461): CodeIgniter\Database\BaseBuilder->update()
#5 C:\laragon\www\ptmsi-sumbar\system\BaseModel.php(1025): CodeIgniter\Model->doUpdate(Array, Array)
#6 C:\laragon\www\ptmsi-sumbar\system\Model.php(860): CodeIgniter\BaseModel->update(Array, Array)
#7 C:\laragon\www\ptmsi-sumbar\app\Controllers\Auth.php(117): CodeIgniter\Model->update('550e8400-e29b-4...', Array)
#8 C:\laragon\www\ptmsi-sumbar\system\CodeIgniter.php(933): App\Controllers\Auth->attemptLogin()
#9 C:\laragon\www\ptmsi-sumbar\system\CodeIgniter.php(507): CodeIgniter\CodeIgniter->runController(Object(App\Controllers\Auth))
#10 C:\laragon\www\ptmsi-sumbar\system\CodeIgniter.php(354): CodeIgniter\CodeIgniter->handleRequest(NULL, Object(Config\Cache), false)
#11 C:\laragon\www\ptmsi-sumbar\system\Boot.php(363): CodeIgniter\CodeIgniter->run()
#12 C:\laragon\www\ptmsi-sumbar\system\Boot.php(68): CodeIgniter\Boot::runCodeIgniter(Object(CodeIgniter\CodeIgniter))
#13 C:\laragon\www\ptmsi-sumbar\public\index.php(59): CodeIgniter\Boot::bootWeb(Object(Config\Paths))
#14 C:\laragon\www\ptmsi-sumbar\system\rewrite.php(44): require_once('C:\\laragon\\www\\...')
#15 {main}
CRITICAL - 2025-12-07 16:36:57 --> CodeIgniter\Database\Exceptions\DatabaseException: Unknown column 'last_login' in 'field list'
[Method: POST, Route: auth/login]
in SYSTEMPATH\Database\BaseConnection.php on line 684.
 1 SYSTEMPATH\Database\BaseBuilder.php(2521): CodeIgniter\Database\BaseConnection->query('UPDATE `user` SET `last_login` = :last_login:
WHERE `user`.`id_user` IN :user.id_user:', [...], false)
 2 SYSTEMPATH\Model.php(461): CodeIgniter\Database\BaseBuilder->update()
 3 SYSTEMPATH\BaseModel.php(1025): CodeIgniter\Model->doUpdate([...], [...])
 4 SYSTEMPATH\Model.php(860): CodeIgniter\BaseModel->update([...], [...])
 5 APPPATH\Controllers\Auth.php(117): CodeIgniter\Model->update('550e8400-e29b-41d4-a716-446655440001', [...])
 6 SYSTEMPATH\CodeIgniter.php(933): App\Controllers\Auth->attemptLogin()
 7 SYSTEMPATH\CodeIgniter.php(507): CodeIgniter\CodeIgniter->runController(Object(App\Controllers\Auth))
 8 SYSTEMPATH\CodeIgniter.php(354): CodeIgniter\CodeIgniter->handleRequest(null, Object(Config\Cache), false)
 9 SYSTEMPATH\Boot.php(363): CodeIgniter\CodeIgniter->run()
10 SYSTEMPATH\Boot.php(68): CodeIgniter\Boot::runCodeIgniter(Object(CodeIgniter\CodeIgniter))
11 FCPATH\index.php(59): CodeIgniter\Boot::bootWeb(Object(Config\Paths))
12 SYSTEMPATH\rewrite.php(44): require_once('C:\\laragon\\www\\ptmsi-sumbar\\public\\index.php')
CRITICAL - 2025-12-07 16:36:57 --> [Caused by] CodeIgniter\Database\Exceptions\DatabaseException: Unknown column 'last_login' in 'field list'
in SYSTEMPATH\Database\MySQLi\Connection.php on line 332.
 1 SYSTEMPATH\Database\BaseConnection.php(729): CodeIgniter\Database\MySQLi\Connection->execute('UPDATE `user` SET `last_login` = \'2025-12-07 16:36:57\'
WHERE `user`.`id_user` IN (\'550e8400-e29b-41d4-a716-446655440001\')')
 2 SYSTEMPATH\Database\BaseConnection.php(646): CodeIgniter\Database\BaseConnection->simpleQuery('UPDATE `user` SET `last_login` = \'2025-12-07 16:36:57\'
WHERE `user`.`id_user` IN (\'550e8400-e29b-41d4-a716-446655440001\')')
 3 SYSTEMPATH\Database\BaseBuilder.php(2521): CodeIgniter\Database\BaseConnection->query('UPDATE `user` SET `last_login` = :last_login:
WHERE `user`.`id_user` IN :user.id_user:', [...], false)
 4 SYSTEMPATH\Model.php(461): CodeIgniter\Database\BaseBuilder->update()
 5 SYSTEMPATH\BaseModel.php(1025): CodeIgniter\Model->doUpdate([...], [...])
 6 SYSTEMPATH\Model.php(860): CodeIgniter\BaseModel->update([...], [...])
 7 APPPATH\Controllers\Auth.php(117): CodeIgniter\Model->update('550e8400-e29b-41d4-a716-446655440001', [...])
 8 SYSTEMPATH\CodeIgniter.php(933): App\Controllers\Auth->attemptLogin()
 9 SYSTEMPATH\CodeIgniter.php(507): CodeIgniter\CodeIgniter->runController(Object(App\Controllers\Auth))
10 SYSTEMPATH\CodeIgniter.php(354): CodeIgniter\CodeIgniter->handleRequest(null, Object(Config\Cache), false)
11 SYSTEMPATH\Boot.php(363): CodeIgniter\CodeIgniter->run()
12 SYSTEMPATH\Boot.php(68): CodeIgniter\Boot::runCodeIgniter(Object(CodeIgniter\CodeIgniter))
13 FCPATH\index.php(59): CodeIgniter\Boot::bootWeb(Object(Config\Paths))
14 SYSTEMPATH\rewrite.php(44): require_once('C:\\laragon\\www\\ptmsi-sumbar\\public\\index.php')
CRITICAL - 2025-12-07 16:36:57 --> [Caused by] mysqli_sql_exception: Unknown column 'last_login' in 'field list'
in SYSTEMPATH\Database\MySQLi\Connection.php on line 327.
 1 SYSTEMPATH\Database\MySQLi\Connection.php(327): mysqli->query('UPDATE `user` SET `last_login` = \'2025-12-07 16:36:57\'
WHERE `user`.`id_user` IN (\'550e8400-e29b-41d4-a716-446655440001\')', 0)
 2 SYSTEMPATH\Database\BaseConnection.php(729): CodeIgniter\Database\MySQLi\Connection->execute('UPDATE `user` SET `last_login` = \'2025-12-07 16:36:57\'
WHERE `user`.`id_user` IN (\'550e8400-e29b-41d4-a716-446655440001\')')
 3 SYSTEMPATH\Database\BaseConnection.php(646): CodeIgniter\Database\BaseConnection->simpleQuery('UPDATE `user` SET `last_login` = \'2025-12-07 16:36:57\'
WHERE `user`.`id_user` IN (\'550e8400-e29b-41d4-a716-446655440001\')')
 4 SYSTEMPATH\Database\BaseBuilder.php(2521): CodeIgniter\Database\BaseConnection->query('UPDATE `user` SET `last_login` = :last_login:
WHERE `user`.`id_user` IN :user.id_user:', [...], false)
 5 SYSTEMPATH\Model.php(461): CodeIgniter\Database\BaseBuilder->update()
 6 SYSTEMPATH\BaseModel.php(1025): CodeIgniter\Model->doUpdate([...], [...])
 7 SYSTEMPATH\Model.php(860): CodeIgniter\BaseModel->update([...], [...])
 8 APPPATH\Controllers\Auth.php(117): CodeIgniter\Model->update('550e8400-e29b-41d4-a716-446655440001', [...])
 9 SYSTEMPATH\CodeIgniter.php(933): App\Controllers\Auth->attemptLogin()
10 SYSTEMPATH\CodeIgniter.php(507): CodeIgniter\CodeIgniter->runController(Object(App\Controllers\Auth))
11 SYSTEMPATH\CodeIgniter.php(354): CodeIgniter\CodeIgniter->handleRequest(null, Object(Config\Cache), false)
12 SYSTEMPATH\Boot.php(363): CodeIgniter\CodeIgniter->run()
13 SYSTEMPATH\Boot.php(68): CodeIgniter\Boot::runCodeIgniter(Object(CodeIgniter\CodeIgniter))
14 FCPATH\index.php(59): CodeIgniter\Boot::bootWeb(Object(Config\Paths))
15 SYSTEMPATH\rewrite.php(44): require_once('C:\\laragon\\www\\ptmsi-sumbar\\public\\index.php')
DEBUG - 2025-12-07 16:39:29 --> Session: Class initialized using 'CodeIgniter\Session\Handlers\FileHandler' driver.
DEBUG - 2025-12-07 16:39:31 --> Session: Class initialized using 'CodeIgniter\Session\Handlers\FileHandler' driver.
ERROR - 2025-12-07 16:39:33 --> mysqli_sql_exception: Unknown column 'status' in 'where clause' in C:\laragon\www\ptmsi-sumbar\system\Database\MySQLi\Connection.php:327
Stack trace:
#0 C:\laragon\www\ptmsi-sumbar\system\Database\MySQLi\Connection.php(327): mysqli->query('SELECT COUNT(*)...', 0)
#1 C:\laragon\www\ptmsi-sumbar\system\Database\BaseConnection.php(729): CodeIgniter\Database\MySQLi\Connection->execute('SELECT COUNT(*)...')
#2 C:\laragon\www\ptmsi-sumbar\system\Database\BaseConnection.php(646): CodeIgniter\Database\BaseConnection->simpleQuery('SELECT COUNT(*)...')
#3 C:\laragon\www\ptmsi-sumbar\system\Database\BaseBuilder.php(1733): CodeIgniter\Database\BaseConnection->query('SELECT COUNT(*)...', Array, false)
#4 C:\laragon\www\ptmsi-sumbar\system\Model.php(675): CodeIgniter\Database\BaseBuilder->countAllResults(true)
#5 C:\laragon\www\ptmsi-sumbar\app\Controllers\Admin\Dashboard.php(46): CodeIgniter\Model->countAllResults()
#6 C:\laragon\www\ptmsi-sumbar\system\CodeIgniter.php(933): App\Controllers\Admin\Dashboard->index()
#7 C:\laragon\www\ptmsi-sumbar\system\CodeIgniter.php(507): CodeIgniter\CodeIgniter->runController(Object(App\Controllers\Admin\Dashboard))
#8 C:\laragon\www\ptmsi-sumbar\system\CodeIgniter.php(354): CodeIgniter\CodeIgniter->handleRequest(NULL, Object(Config\Cache), false)
#9 C:\laragon\www\ptmsi-sumbar\system\Boot.php(363): CodeIgniter\CodeIgniter->run()
#10 C:\laragon\www\ptmsi-sumbar\system\Boot.php(68): CodeIgniter\Boot::runCodeIgniter(Object(CodeIgniter\CodeIgniter))
#11 C:\laragon\www\ptmsi-sumbar\public\index.php(59): CodeIgniter\Boot::bootWeb(Object(Config\Paths))
#12 C:\laragon\www\ptmsi-sumbar\system\rewrite.php(44): require_once('C:\\laragon\\www\\...')
#13 {main}
CRITICAL - 2025-12-07 16:39:33 --> CodeIgniter\Database\Exceptions\DatabaseException: Unknown column 'status' in 'where clause'
[Method: GET, Route: admin/dashboard]
in SYSTEMPATH\Database\BaseConnection.php on line 684.
 1 SYSTEMPATH\Database\BaseBuilder.php(1733): CodeIgniter\Database\BaseConnection->query('SELECT COUNT(*) AS `numrows`
FROM `pelatih`
WHERE `status` = :status:', [...], false)
 2 SYSTEMPATH\Model.php(675): CodeIgniter\Database\BaseBuilder->countAllResults(true)
 3 APPPATH\Controllers\Admin\Dashboard.php(46): CodeIgniter\Model->countAllResults()
 4 SYSTEMPATH\CodeIgniter.php(933): App\Controllers\Admin\Dashboard->index()
 5 SYSTEMPATH\CodeIgniter.php(507): CodeIgniter\CodeIgniter->runController(Object(App\Controllers\Admin\Dashboard))
 6 SYSTEMPATH\CodeIgniter.php(354): CodeIgniter\CodeIgniter->handleRequest(null, Object(Config\Cache), false)
 7 SYSTEMPATH\Boot.php(363): CodeIgniter\CodeIgniter->run()
 8 SYSTEMPATH\Boot.php(68): CodeIgniter\Boot::runCodeIgniter(Object(CodeIgniter\CodeIgniter))
 9 FCPATH\index.php(59): CodeIgniter\Boot::bootWeb(Object(Config\Paths))
10 SYSTEMPATH\rewrite.php(44): require_once('C:\\laragon\\www\\ptmsi-sumbar\\public\\index.php')
CRITICAL - 2025-12-07 16:39:33 --> [Caused by] CodeIgniter\Database\Exceptions\DatabaseException: Unknown column 'status' in 'where clause'
in SYSTEMPATH\Database\MySQLi\Connection.php on line 332.
 1 SYSTEMPATH\Database\BaseConnection.php(729): CodeIgniter\Database\MySQLi\Connection->execute('SELECT COUNT(*) AS `numrows`
FROM `pelatih`
WHERE `status` = \'aktif\'')
 2 SYSTEMPATH\Database\BaseConnection.php(646): CodeIgniter\Database\BaseConnection->simpleQuery('SELECT COUNT(*) AS `numrows`
FROM `pelatih`
WHERE `status` = \'aktif\'')
 3 SYSTEMPATH\Database\BaseBuilder.php(1733): CodeIgniter\Database\BaseConnection->query('SELECT COUNT(*) AS `numrows`
FROM `pelatih`
WHERE `status` = :status:', [...], false)
 4 SYSTEMPATH\Model.php(675): CodeIgniter\Database\BaseBuilder->countAllResults(true)
 5 APPPATH\Controllers\Admin\Dashboard.php(46): CodeIgniter\Model->countAllResults()
 6 SYSTEMPATH\CodeIgniter.php(933): App\Controllers\Admin\Dashboard->index()
 7 SYSTEMPATH\CodeIgniter.php(507): CodeIgniter\CodeIgniter->runController(Object(App\Controllers\Admin\Dashboard))
 8 SYSTEMPATH\CodeIgniter.php(354): CodeIgniter\CodeIgniter->handleRequest(null, Object(Config\Cache), false)
 9 SYSTEMPATH\Boot.php(363): CodeIgniter\CodeIgniter->run()
10 SYSTEMPATH\Boot.php(68): CodeIgniter\Boot::runCodeIgniter(Object(CodeIgniter\CodeIgniter))
11 FCPATH\index.php(59): CodeIgniter\Boot::bootWeb(Object(Config\Paths))
12 SYSTEMPATH\rewrite.php(44): require_once('C:\\laragon\\www\\ptmsi-sumbar\\public\\index.php')
CRITICAL - 2025-12-07 16:39:33 --> [Caused by] mysqli_sql_exception: Unknown column 'status' in 'where clause'
in SYSTEMPATH\Database\MySQLi\Connection.php on line 327.
 1 SYSTEMPATH\Database\MySQLi\Connection.php(327): mysqli->query('SELECT COUNT(*) AS `numrows`
FROM `pelatih`
WHERE `status` = \'aktif\'', 0)
 2 SYSTEMPATH\Database\BaseConnection.php(729): CodeIgniter\Database\MySQLi\Connection->execute('SELECT COUNT(*) AS `numrows`
FROM `pelatih`
WHERE `status` = \'aktif\'')
 3 SYSTEMPATH\Database\BaseConnection.php(646): CodeIgniter\Database\BaseConnection->simpleQuery('SELECT COUNT(*) AS `numrows`
FROM `pelatih`
WHERE `status` = \'aktif\'')
 4 SYSTEMPATH\Database\BaseBuilder.php(1733): CodeIgniter\Database\BaseConnection->query('SELECT COUNT(*) AS `numrows`
FROM `pelatih`
WHERE `status` = :status:', [...], false)
 5 SYSTEMPATH\Model.php(675): CodeIgniter\Database\BaseBuilder->countAllResults(true)
 6 APPPATH\Controllers\Admin\Dashboard.php(46): CodeIgniter\Model->countAllResults()
 7 SYSTEMPATH\CodeIgniter.php(933): App\Controllers\Admin\Dashboard->index()
 8 SYSTEMPATH\CodeIgniter.php(507): CodeIgniter\CodeIgniter->runController(Object(App\Controllers\Admin\Dashboard))
 9 SYSTEMPATH\CodeIgniter.php(354): CodeIgniter\CodeIgniter->handleRequest(null, Object(Config\Cache), false)
10 SYSTEMPATH\Boot.php(363): CodeIgniter\CodeIgniter->run()
11 SYSTEMPATH\Boot.php(68): CodeIgniter\Boot::runCodeIgniter(Object(CodeIgniter\CodeIgniter))
12 FCPATH\index.php(59): CodeIgniter\Boot::bootWeb(Object(Config\Paths))
13 SYSTEMPATH\rewrite.php(44): require_once('C:\\laragon\\www\\ptmsi-sumbar\\public\\index.php')
DEBUG - 2025-12-07 16:40:45 --> Session: Class initialized using 'CodeIgniter\Session\Handlers\FileHandler' driver.
DEBUG - 2025-12-07 16:41:08 --> Session: Class initialized using 'CodeIgniter\Session\Handlers\FileHandler' driver.
DEBUG - 2025-12-07 16:41:15 --> Session: Class initialized using 'CodeIgniter\Session\Handlers\FileHandler' driver.
DEBUG - 2025-12-07 16:41:30 --> Session: Class initialized using 'CodeIgniter\Session\Handlers\FileHandler' driver.
CRITICAL - 2025-12-07 16:41:32 --> ErrorException: Undefined array key "gambar"
[Method: GET, Route: admin/berita]
in APPPATH\Views\admin\berita\index.php on line 62.
 1 APPPATH\Views\admin\berita\index.php(62): CodeIgniter\Debug\Exceptions->errorHandler(2, 'Undefined array key "gambar"', 'C:\\laragon\\www\\ptmsi-sumbar\\app\\Views\\admin\\berita\\index.php', 62)
 2 SYSTEMPATH\View\View.php(226): include('C:\\laragon\\www\\ptmsi-sumbar\\app\\Views\\admin\\berita\\index.php')
 3 SYSTEMPATH\View\View.php(229): CodeIgniter\View\View->CodeIgniter\View\{closure}()
 4 SYSTEMPATH\Common.php(1167): CodeIgniter\View\View->render('admin/berita/index', [], true)
 5 APPPATH\Controllers\Admin\Berita.php(35): view('admin/berita/index', [...])
 6 SYSTEMPATH\CodeIgniter.php(933): App\Controllers\Admin\Berita->index()
 7 SYSTEMPATH\CodeIgniter.php(507): CodeIgniter\CodeIgniter->runController(Object(App\Controllers\Admin\Berita))
 8 SYSTEMPATH\CodeIgniter.php(354): CodeIgniter\CodeIgniter->handleRequest(null, Object(Config\Cache), false)
 9 SYSTEMPATH\Boot.php(363): CodeIgniter\CodeIgniter->run()
10 SYSTEMPATH\Boot.php(68): CodeIgniter\Boot::runCodeIgniter(Object(CodeIgniter\CodeIgniter))
11 FCPATH\index.php(59): CodeIgniter\Boot::bootWeb(Object(Config\Paths))
12 SYSTEMPATH\rewrite.php(44): require_once('C:\\laragon\\www\\ptmsi-sumbar\\public\\index.php')
