DEBUG - 2025-12-22 00:00:05 --> Session: Class initialized using 'CodeIgniter\Session\Handlers\FileHandler' driver.
DEBUG - 2025-12-22 00:00:11 --> Session: Class initialized using 'CodeIgniter\Session\Handlers\FileHandler' driver.
DEBUG - 2025-12-22 00:00:27 --> Session: Class initialized using 'CodeIgniter\Session\Handlers\FileHandler' driver.
DEBUG - 2025-12-22 00:00:42 --> Session: Class initialized using 'CodeIgniter\Session\Handlers\FileHandler' driver.
DEBUG - 2025-12-22 00:01:44 --> Session: Class initialized using 'CodeIgniter\Session\Handlers\FileHandler' driver.
DEBUG - 2025-12-22 00:01:51 --> Session: Class initialized using 'CodeIgniter\Session\Handlers\FileHandler' driver.
DEBUG - 2025-12-22 00:01:51 --> Session: Class initialized using 'CodeIgniter\Session\Handlers\FileHandler' driver.
CRITICAL - 2025-12-22 00:01:53 --> ErrorException: Undefined array key "status"
[Method: GET, Route: user/profile]
in APPPATH\Views\user\profile.php on line 102.
 1 APPPATH\Views\user\profile.php(102): CodeIgniter\Debug\Exceptions->errorHandler(2, 'Undefined array key "status"', 'C:\\laragon\\www\\ptmsi-sumbar\\app\\Views\\user\\profile.php', 102)
 2 SYSTEMPATH\View\View.php(226): include('C:\\laragon\\www\\ptmsi-sumbar\\app\\Views\\user\\profile.php')
 3 SYSTEMPATH\View\View.php(229): CodeIgniter\View\View->CodeIgniter\View\{closure}()
 4 SYSTEMPATH\Common.php(1167): CodeIgniter\View\View->render('user/profile', [], true)
 5 APPPATH\Controllers\User\Dashboard.php(118): view('user/profile', [...])
 6 SYSTEMPATH\CodeIgniter.php(933): App\Controllers\User\Dashboard->profile()
 7 SYSTEMPATH\CodeIgniter.php(507): CodeIgniter\CodeIgniter->runController(Object(App\Controllers\User\Dashboard))
 8 SYSTEMPATH\CodeIgniter.php(354): CodeIgniter\CodeIgniter->handleRequest(null, Object(Config\Cache), false)
 9 SYSTEMPATH\Boot.php(363): CodeIgniter\CodeIgniter->run()
10 SYSTEMPATH\Boot.php(68): CodeIgniter\Boot::runCodeIgniter(Object(CodeIgniter\CodeIgniter))
11 FCPATH\index.php(59): CodeIgniter\Boot::bootWeb(Object(Config\Paths))
12 SYSTEMPATH\rewrite.php(44): require_once('C:\\laragon\\www\\ptmsi-sumbar\\public\\index.php')
DEBUG - 2025-12-22 00:01:56 --> Session: Class initialized using 'CodeIgniter\Session\Handlers\FileHandler' driver.
DEBUG - 2025-12-22 00:02:02 --> Session: Class initialized using 'CodeIgniter\Session\Handlers\FileHandler' driver.
DEBUG - 2025-12-22 00:02:02 --> Session: Class initialized using 'CodeIgniter\Session\Handlers\FileHandler' driver.
CRITICAL - 2025-12-22 00:02:04 --> ErrorException: Undefined array key "status"
[Method: GET, Route: user/profile]
in APPPATH\Views\user\profile.php on line 102.
 1 APPPATH\Views\user\profile.php(102): CodeIgniter\Debug\Exceptions->errorHandler(2, 'Undefined array key "status"', 'C:\\laragon\\www\\ptmsi-sumbar\\app\\Views\\user\\profile.php', 102)
 2 SYSTEMPATH\View\View.php(226): include('C:\\laragon\\www\\ptmsi-sumbar\\app\\Views\\user\\profile.php')
 3 SYSTEMPATH\View\View.php(229): CodeIgniter\View\View->CodeIgniter\View\{closure}()
 4 SYSTEMPATH\Common.php(1167): CodeIgniter\View\View->render('user/profile', [], true)
 5 APPPATH\Controllers\User\Dashboard.php(118): view('user/profile', [...])
 6 SYSTEMPATH\CodeIgniter.php(933): App\Controllers\User\Dashboard->profile()
 7 SYSTEMPATH\CodeIgniter.php(507): CodeIgniter\CodeIgniter->runController(Object(App\Controllers\User\Dashboard))
 8 SYSTEMPATH\CodeIgniter.php(354): CodeIgniter\CodeIgniter->handleRequest(null, Object(Config\Cache), false)
 9 SYSTEMPATH\Boot.php(363): CodeIgniter\CodeIgniter->run()
10 SYSTEMPATH\Boot.php(68): CodeIgniter\Boot::runCodeIgniter(Object(CodeIgniter\CodeIgniter))
11 FCPATH\index.php(59): CodeIgniter\Boot::bootWeb(Object(Config\Paths))
12 SYSTEMPATH\rewrite.php(44): require_once('C:\\laragon\\www\\ptmsi-sumbar\\public\\index.php')
DEBUG - 2025-12-22 01:10:02 --> Session: Class initialized using 'CodeIgniter\Session\Handlers\FileHandler' driver.
CRITICAL - 2025-12-22 01:10:04 --> ErrorException: Undefined array key "status"
[Method: GET, Route: user/profile]
in APPPATH\Views\user\profile.php on line 102.
 1 APPPATH\Views\user\profile.php(102): CodeIgniter\Debug\Exceptions->errorHandler(2, 'Undefined array key "status"', 'C:\\laragon\\www\\ptmsi-sumbar\\app\\Views\\user\\profile.php', 102)
 2 SYSTEMPATH\View\View.php(226): include('C:\\laragon\\www\\ptmsi-sumbar\\app\\Views\\user\\profile.php')
 3 SYSTEMPATH\View\View.php(229): CodeIgniter\View\View->CodeIgniter\View\{closure}()
 4 SYSTEMPATH\Common.php(1167): CodeIgniter\View\View->render('user/profile', [], true)
 5 APPPATH\Controllers\User\Dashboard.php(118): view('user/profile', [...])
 6 SYSTEMPATH\CodeIgniter.php(933): App\Controllers\User\Dashboard->profile()
 7 SYSTEMPATH\CodeIgniter.php(507): CodeIgniter\CodeIgniter->runController(Object(App\Controllers\User\Dashboard))
 8 SYSTEMPATH\CodeIgniter.php(354): CodeIgniter\CodeIgniter->handleRequest(null, Object(Config\Cache), false)
 9 SYSTEMPATH\Boot.php(363): CodeIgniter\CodeIgniter->run()
10 SYSTEMPATH\Boot.php(68): CodeIgniter\Boot::runCodeIgniter(Object(CodeIgniter\CodeIgniter))
11 FCPATH\index.php(59): CodeIgniter\Boot::bootWeb(Object(Config\Paths))
12 SYSTEMPATH\rewrite.php(44): require_once('C:\\laragon\\www\\ptmsi-sumbar\\public\\index.php')
DEBUG - 2025-12-22 01:10:43 --> Session: Class initialized using 'CodeIgniter\Session\Handlers\FileHandler' driver.
DEBUG - 2025-12-22 01:10:51 --> Session: Class initialized using 'CodeIgniter\Session\Handlers\FileHandler' driver.
DEBUG - 2025-12-22 01:10:59 --> Session: Class initialized using 'CodeIgniter\Session\Handlers\FileHandler' driver.
DEBUG - 2025-12-22 01:12:03 --> Session: Class initialized using 'CodeIgniter\Session\Handlers\FileHandler' driver.
DEBUG - 2025-12-22 01:12:11 --> Session: Class initialized using 'CodeIgniter\Session\Handlers\FileHandler' driver.
DEBUG - 2025-12-22 01:12:29 --> Session: Class initialized using 'CodeIgniter\Session\Handlers\FileHandler' driver.
DEBUG - 2025-12-22 01:12:29 --> Session: Class initialized using 'CodeIgniter\Session\Handlers\FileHandler' driver.
DEBUG - 2025-12-22 01:12:45 --> Session: Class initialized using 'CodeIgniter\Session\Handlers\FileHandler' driver.
DEBUG - 2025-12-22 01:13:27 --> Session: Class initialized using 'CodeIgniter\Session\Handlers\FileHandler' driver.
DEBUG - 2025-12-22 01:13:30 --> Session: Class initialized using 'CodeIgniter\Session\Handlers\FileHandler' driver.
DEBUG - 2025-12-22 01:14:50 --> Session: Class initialized using 'CodeIgniter\Session\Handlers\FileHandler' driver.
DEBUG - 2025-12-22 01:15:12 --> Session: Class initialized using 'CodeIgniter\Session\Handlers\FileHandler' driver.
DEBUG - 2025-12-22 01:15:19 --> Session: Class initialized using 'CodeIgniter\Session\Handlers\FileHandler' driver.
DEBUG - 2025-12-22 01:15:21 --> Session: Class initialized using 'CodeIgniter\Session\Handlers\FileHandler' driver.
INFO - 2025-12-22 01:15:24 --> Login method called
DEBUG - 2025-12-22 01:15:24 --> Session: Class initialized using 'CodeIgniter\Session\Handlers\FileHandler' driver.
INFO - 2025-12-22 01:15:24 --> Showing login view
DEBUG - 2025-12-22 01:15:40 --> Session: Class initialized using 'CodeIgniter\Session\Handlers\FileHandler' driver.
DEBUG - 2025-12-22 01:15:40 --> Session: Class initialized using 'CodeIgniter\Session\Handlers\FileHandler' driver.
DEBUG - 2025-12-22 01:15:49 --> Session: Class initialized using 'CodeIgniter\Session\Handlers\FileHandler' driver.
DEBUG - 2025-12-22 01:16:09 --> Session: Class initialized using 'CodeIgniter\Session\Handlers\FileHandler' driver.
INFO - 2025-12-22 01:16:11 --> User created successfully with ID: atlet_69489bdb21b0e
INFO - 2025-12-22 01:16:11 --> Atlet created successfully with ID: 10
INFO - 2025-12-22 01:16:11 --> Atlet activation completed successfully
DEBUG - 2025-12-22 01:16:11 --> Session: Class initialized using 'CodeIgniter\Session\Handlers\FileHandler' driver.
DEBUG - 2025-12-22 01:16:21 --> Session: Class initialized using 'CodeIgniter\Session\Handlers\FileHandler' driver.
DEBUG - 2025-12-22 01:16:23 --> Session: Class initialized using 'CodeIgniter\Session\Handlers\FileHandler' driver.
INFO - 2025-12-22 01:16:43 --> Login method called
DEBUG - 2025-12-22 01:16:43 --> Session: Class initialized using 'CodeIgniter\Session\Handlers\FileHandler' driver.
INFO - 2025-12-22 01:16:43 --> Showing login view
DEBUG - 2025-12-22 01:16:57 --> Session: Class initialized using 'CodeIgniter\Session\Handlers\FileHandler' driver.
DEBUG - 2025-12-22 01:16:57 --> Session: Class initialized using 'CodeIgniter\Session\Handlers\FileHandler' driver.
DEBUG - 2025-12-22 01:16:57 --> Session: Class initialized using 'CodeIgniter\Session\Handlers\FileHandler' driver.
DEBUG - 2025-12-22 01:17:03 --> Session: Class initialized using 'CodeIgniter\Session\Handlers\FileHandler' driver.
DEBUG - 2025-12-22 01:17:57 --> Session: Class initialized using 'CodeIgniter\Session\Handlers\FileHandler' driver.
DEBUG - 2025-12-22 01:18:25 --> Session: Class initialized using 'CodeIgniter\Session\Handlers\FileHandler' driver.
DEBUG - 2025-12-22 01:18:54 --> Session: Class initialized using 'CodeIgniter\Session\Handlers\FileHandler' driver.
DEBUG - 2025-12-22 01:19:11 --> Session: Class initialized using 'CodeIgniter\Session\Handlers\FileHandler' driver.
DEBUG - 2025-12-22 01:19:19 --> Session: Class initialized using 'CodeIgniter\Session\Handlers\FileHandler' driver.
DEBUG - 2025-12-22 01:19:27 --> Session: Class initialized using 'CodeIgniter\Session\Handlers\FileHandler' driver.
DEBUG - 2025-12-22 01:20:01 --> Session: Class initialized using 'CodeIgniter\Session\Handlers\FileHandler' driver.
DEBUG - 2025-12-22 01:20:04 --> Session: Class initialized using 'CodeIgniter\Session\Handlers\FileHandler' driver.
DEBUG - 2025-12-22 01:21:10 --> Session: Class initialized using 'CodeIgniter\Session\Handlers\FileHandler' driver.
DEBUG - 2025-12-22 01:22:01 --> Session: Class initialized using 'CodeIgniter\Session\Handlers\FileHandler' driver.
DEBUG - 2025-12-22 01:28:01 --> Session: Class initialized using 'CodeIgniter\Session\Handlers\FileHandler' driver.
DEBUG - 2025-12-22 01:35:29 --> Session: Class initialized using 'CodeIgniter\Session\Handlers\FileHandler' driver.
DEBUG - 2025-12-22 01:35:40 --> Session: Class initialized using 'CodeIgniter\Session\Handlers\FileHandler' driver.
DEBUG - 2025-12-22 01:35:45 --> Session: Class initialized using 'CodeIgniter\Session\Handlers\FileHandler' driver.
DEBUG - 2025-12-22 01:35:56 --> Session: Class initialized using 'CodeIgniter\Session\Handlers\FileHandler' driver.
DEBUG - 2025-12-22 01:36:02 --> Session: Class initialized using 'CodeIgniter\Session\Handlers\FileHandler' driver.
DEBUG - 2025-12-22 01:36:07 --> Session: Class initialized using 'CodeIgniter\Session\Handlers\FileHandler' driver.
DEBUG - 2025-12-22 08:19:07 --> Session: Class initialized using 'CodeIgniter\Session\Handlers\FileHandler' driver.
INFO - 2025-12-22 08:19:08 --> Login method called
DEBUG - 2025-12-22 08:19:08 --> Session: Class initialized using 'CodeIgniter\Session\Handlers\FileHandler' driver.
INFO - 2025-12-22 08:19:08 --> Showing login view
DEBUG - 2025-12-22 08:19:29 --> Session: Class initialized using 'CodeIgniter\Session\Handlers\FileHandler' driver.
DEBUG - 2025-12-22 08:19:29 --> Session: Class initialized using 'CodeIgniter\Session\Handlers\FileHandler' driver.
DEBUG - 2025-12-22 08:19:29 --> Session: Class initialized using 'CodeIgniter\Session\Handlers\FileHandler' driver.
DEBUG - 2025-12-22 08:19:42 --> Session: Class initialized using 'CodeIgniter\Session\Handlers\FileHandler' driver.
DEBUG - 2025-12-22 08:19:47 --> Session: Class initialized using 'CodeIgniter\Session\Handlers\FileHandler' driver.
DEBUG - 2025-12-22 08:19:47 --> Session: Class initialized using 'CodeIgniter\Session\Handlers\FileHandler' driver.
DEBUG - 2025-12-22 08:19:58 --> Session: Class initialized using 'CodeIgniter\Session\Handlers\FileHandler' driver.
DEBUG - 2025-12-22 08:20:21 --> Session: Class initialized using 'CodeIgniter\Session\Handlers\FileHandler' driver.
DEBUG - 2025-12-22 08:20:35 --> Session: Class initialized using 'CodeIgniter\Session\Handlers\FileHandler' driver.
DEBUG - 2025-12-22 08:20:44 --> Session: Class initialized using 'CodeIgniter\Session\Handlers\FileHandler' driver.
DEBUG - 2025-12-22 08:20:46 --> Session: Class initialized using 'CodeIgniter\Session\Handlers\FileHandler' driver.
INFO - 2025-12-22 08:20:51 --> Login method called
DEBUG - 2025-12-22 08:20:51 --> Session: Class initialized using 'CodeIgniter\Session\Handlers\FileHandler' driver.
INFO - 2025-12-22 08:20:51 --> Showing login view
DEBUG - 2025-12-22 08:20:59 --> Session: Class initialized using 'CodeIgniter\Session\Handlers\FileHandler' driver.
DEBUG - 2025-12-22 08:20:59 --> Session: Class initialized using 'CodeIgniter\Session\Handlers\FileHandler' driver.
DEBUG - 2025-12-22 08:20:59 --> Session: Class initialized using 'CodeIgniter\Session\Handlers\FileHandler' driver.
DEBUG - 2025-12-22 08:21:01 --> Session: Class initialized using 'CodeIgniter\Session\Handlers\FileHandler' driver.
DEBUG - 2025-12-22 08:21:23 --> Session: Class initialized using 'CodeIgniter\Session\Handlers\FileHandler' driver.
DEBUG - 2025-12-22 08:21:26 --> Session: Class initialized using 'CodeIgniter\Session\Handlers\FileHandler' driver.
INFO - 2025-12-22 08:21:29 --> Login method called
DEBUG - 2025-12-22 08:21:29 --> Session: Class initialized using 'CodeIgniter\Session\Handlers\FileHandler' driver.
INFO - 2025-12-22 08:21:29 --> Showing login view
DEBUG - 2025-12-22 08:21:38 --> Session: Class initialized using 'CodeIgniter\Session\Handlers\FileHandler' driver.
DEBUG - 2025-12-22 08:21:38 --> Session: Class initialized using 'CodeIgniter\Session\Handlers\FileHandler' driver.
DEBUG - 2025-12-22 08:21:38 --> Session: Class initialized using 'CodeIgniter\Session\Handlers\FileHandler' driver.
DEBUG - 2025-12-22 08:23:29 --> Session: Class initialized using 'CodeIgniter\Session\Handlers\FileHandler' driver.
DEBUG - 2025-12-22 08:23:31 --> Session: Class initialized using 'CodeIgniter\Session\Handlers\FileHandler' driver.
INFO - 2025-12-22 08:23:33 --> Login method called
DEBUG - 2025-12-22 08:23:33 --> Session: Class initialized using 'CodeIgniter\Session\Handlers\FileHandler' driver.
INFO - 2025-12-22 08:23:33 --> Showing login view
DEBUG - 2025-12-22 08:23:47 --> Session: Class initialized using 'CodeIgniter\Session\Handlers\FileHandler' driver.
DEBUG - 2025-12-22 08:23:48 --> Session: Class initialized using 'CodeIgniter\Session\Handlers\FileHandler' driver.
DEBUG - 2025-12-22 08:23:48 --> Session: Class initialized using 'CodeIgniter\Session\Handlers\FileHandler' driver.
DEBUG - 2025-12-22 08:23:50 --> Session: Class initialized using 'CodeIgniter\Session\Handlers\FileHandler' driver.
DEBUG - 2025-12-22 08:23:58 --> Session: Class initialized using 'CodeIgniter\Session\Handlers\FileHandler' driver.
DEBUG - 2025-12-22 08:23:58 --> Session: Class initialized using 'CodeIgniter\Session\Handlers\FileHandler' driver.
DEBUG - 2025-12-22 08:24:01 --> Session: Class initialized using 'CodeIgniter\Session\Handlers\FileHandler' driver.
DEBUG - 2025-12-22 08:26:05 --> Session: Class initialized using 'CodeIgniter\Session\Handlers\FileHandler' driver.
DEBUG - 2025-12-22 08:27:29 --> Session: Class initialized using 'CodeIgniter\Session\Handlers\FileHandler' driver.
DEBUG - 2025-12-22 08:27:35 --> Session: Class initialized using 'CodeIgniter\Session\Handlers\FileHandler' driver.
DEBUG - 2025-12-22 08:27:35 --> Session: Class initialized using 'CodeIgniter\Session\Handlers\FileHandler' driver.
DEBUG - 2025-12-22 08:27:37 --> Session: Class initialized using 'CodeIgniter\Session\Handlers\FileHandler' driver.
DEBUG - 2025-12-22 08:28:47 --> Session: Class initialized using 'CodeIgniter\Session\Handlers\FileHandler' driver.
DEBUG - 2025-12-22 08:29:28 --> Session: Class initialized using 'CodeIgniter\Session\Handlers\FileHandler' driver.
DEBUG - 2025-12-22 08:29:30 --> Session: Class initialized using 'CodeIgniter\Session\Handlers\FileHandler' driver.
DEBUG - 2025-12-22 08:29:37 --> Session: Class initialized using 'CodeIgniter\Session\Handlers\FileHandler' driver.
DEBUG - 2025-12-22 08:29:39 --> Session: Class initialized using 'CodeIgniter\Session\Handlers\FileHandler' driver.
INFO - 2025-12-22 08:29:41 --> Login method called
DEBUG - 2025-12-22 08:29:41 --> Session: Class initialized using 'CodeIgniter\Session\Handlers\FileHandler' driver.
INFO - 2025-12-22 08:29:41 --> Showing login view
DEBUG - 2025-12-22 08:29:57 --> Session: Class initialized using 'CodeIgniter\Session\Handlers\FileHandler' driver.
INFO - 2025-12-22 08:29:57 --> Login method called
DEBUG - 2025-12-22 08:29:57 --> Session: Class initialized using 'CodeIgniter\Session\Handlers\FileHandler' driver.
INFO - 2025-12-22 08:29:57 --> Showing login view
DEBUG - 2025-12-22 08:30:05 --> Session: Class initialized using 'CodeIgniter\Session\Handlers\FileHandler' driver.
DEBUG - 2025-12-22 08:30:05 --> Session: Class initialized using 'CodeIgniter\Session\Handlers\FileHandler' driver.
DEBUG - 2025-12-22 08:30:05 --> Session: Class initialized using 'CodeIgniter\Session\Handlers\FileHandler' driver.
DEBUG - 2025-12-22 08:30:07 --> Session: Class initialized using 'CodeIgniter\Session\Handlers\FileHandler' driver.
DEBUG - 2025-12-22 08:30:35 --> Session: Class initialized using 'CodeIgniter\Session\Handlers\FileHandler' driver.
DEBUG - 2025-12-22 08:30:35 --> Session: Class initialized using 'CodeIgniter\Session\Handlers\FileHandler' driver.
DEBUG - 2025-12-22 08:30:37 --> Session: Class initialized using 'CodeIgniter\Session\Handlers\FileHandler' driver.
DEBUG - 2025-12-22 08:31:56 --> Session: Class initialized using 'CodeIgniter\Session\Handlers\FileHandler' driver.
DEBUG - 2025-12-22 08:31:58 --> Session: Class initialized using 'CodeIgniter\Session\Handlers\FileHandler' driver.
DEBUG - 2025-12-22 08:32:20 --> Session: Class initialized using 'CodeIgniter\Session\Handlers\FileHandler' driver.
DEBUG - 2025-12-22 08:32:23 --> Session: Class initialized using 'CodeIgniter\Session\Handlers\FileHandler' driver.
DEBUG - 2025-12-22 08:32:39 --> Session: Class initialized using 'CodeIgniter\Session\Handlers\FileHandler' driver.
DEBUG - 2025-12-22 08:32:41 --> Session: Class initialized using 'CodeIgniter\Session\Handlers\FileHandler' driver.
DEBUG - 2025-12-22 08:34:04 --> Session: Class initialized using 'CodeIgniter\Session\Handlers\FileHandler' driver.
DEBUG - 2025-12-22 08:34:19 --> Session: Class initialized using 'CodeIgniter\Session\Handlers\FileHandler' driver.
DEBUG - 2025-12-22 08:34:21 --> Session: Class initialized using 'CodeIgniter\Session\Handlers\FileHandler' driver.
CRITICAL - 2025-12-22 08:34:24 --> CodeIgniter\View\Exceptions\ViewException: Invalid file: "user/atlet/profil.php"
[Method: GET, Route: user/atlet/profil]
in SYSTEMPATH\Exceptions\FrameworkException.php on line 39.
 1 SYSTEMPATH\View\View.php(214): CodeIgniter\Exceptions\FrameworkException::forInvalidFile('user/atlet/profil.php')
 2 SYSTEMPATH\Common.php(1167): CodeIgniter\View\View->render('user/atlet/profil', [], true)
 3 APPPATH\Controllers\User\AtletDashboard.php(75): view('user/atlet/profil', [...])
 4 SYSTEMPATH\CodeIgniter.php(933): App\Controllers\User\AtletDashboard->profil()
 5 SYSTEMPATH\CodeIgniter.php(507): CodeIgniter\CodeIgniter->runController(Object(App\Controllers\User\AtletDashboard))
 6 SYSTEMPATH\CodeIgniter.php(354): CodeIgniter\CodeIgniter->handleRequest(null, Object(Config\Cache), false)
 7 SYSTEMPATH\Boot.php(363): CodeIgniter\CodeIgniter->run()
 8 SYSTEMPATH\Boot.php(68): CodeIgniter\Boot::runCodeIgniter(Object(CodeIgniter\CodeIgniter))
 9 FCPATH\index.php(59): CodeIgniter\Boot::bootWeb(Object(Config\Paths))
10 SYSTEMPATH\rewrite.php(44): require_once('C:\\laragon\\www\\ptmsi-sumbar\\public\\index.php')
DEBUG - 2025-12-22 08:34:57 --> Session: Class initialized using 'CodeIgniter\Session\Handlers\FileHandler' driver.
DEBUG - 2025-12-22 08:35:38 --> Session: Class initialized using 'CodeIgniter\Session\Handlers\FileHandler' driver.
DEBUG - 2025-12-22 08:35:47 --> Session: Class initialized using 'CodeIgniter\Session\Handlers\FileHandler' driver.
ERROR - 2025-12-22 08:35:49 --> mysqli_sql_exception: Unknown column 'status' in 'where clause' in C:\laragon\www\ptmsi-sumbar\system\Database\MySQLi\Connection.php:327
Stack trace:
#0 C:\laragon\www\ptmsi-sumbar\system\Database\MySQLi\Connection.php(327): mysqli->query('SELECT COUNT(*)...', 0)
#1 C:\laragon\www\ptmsi-sumbar\system\Database\BaseConnection.php(729): CodeIgniter\Database\MySQLi\Connection->execute('SELECT COUNT(*)...')
#2 C:\laragon\www\ptmsi-sumbar\system\Database\BaseConnection.php(646): CodeIgniter\Database\BaseConnection->simpleQuery('SELECT COUNT(*)...')
#3 C:\laragon\www\ptmsi-sumbar\system\Database\BaseBuilder.php(1733): CodeIgniter\Database\BaseConnection->query('SELECT COUNT(*)...', Array, false)
#4 C:\laragon\www\ptmsi-sumbar\system\Model.php(675): CodeIgniter\Database\BaseBuilder->countAllResults(true)
#5 C:\laragon\www\ptmsi-sumbar\app\Controllers\User\AtletDashboard.php(286): CodeIgniter\Model->countAllResults()
#6 C:\laragon\www\ptmsi-sumbar\app\Controllers\User\AtletDashboard.php(46): App\Controllers\User\AtletDashboard->getStatistikAtlet('10')
#7 C:\laragon\www\ptmsi-sumbar\system\CodeIgniter.php(933): App\Controllers\User\AtletDashboard->index()
#8 C:\laragon\www\ptmsi-sumbar\system\CodeIgniter.php(507): CodeIgniter\CodeIgniter->runController(Object(App\Controllers\User\AtletDashboard))
#9 C:\laragon\www\ptmsi-sumbar\system\CodeIgniter.php(354): CodeIgniter\CodeIgniter->handleRequest(NULL, Object(Config\Cache), false)
#10 C:\laragon\www\ptmsi-sumbar\system\Boot.php(363): CodeIgniter\CodeIgniter->run()
#11 C:\laragon\www\ptmsi-sumbar\system\Boot.php(68): CodeIgniter\Boot::runCodeIgniter(Object(CodeIgniter\CodeIgniter))
#12 C:\laragon\www\ptmsi-sumbar\public\index.php(59): CodeIgniter\Boot::bootWeb(Object(Config\Paths))
#13 C:\laragon\www\ptmsi-sumbar\system\rewrite.php(44): require_once('C:\\laragon\\www\\...')
#14 {main}
CRITICAL - 2025-12-22 08:35:49 --> CodeIgniter\Database\Exceptions\DatabaseException: Unknown column 'status' in 'where clause'
[Method: GET, Route: user/atlet/dashboard]
in SYSTEMPATH\Database\BaseConnection.php on line 684.
 1 SYSTEMPATH\Database\BaseBuilder.php(1733): CodeIgniter\Database\BaseConnection->query('SELECT COUNT(*) AS `numrows`
FROM `pendaftaran_event`
WHERE `id_atlet` = :id_atlet:
AND `status` = :status:', [...], false)
 2 SYSTEMPATH\Model.php(675): CodeIgniter\Database\BaseBuilder->countAllResults(true)
 3 APPPATH\Controllers\User\AtletDashboard.php(286): CodeIgniter\Model->countAllResults()
 4 APPPATH\Controllers\User\AtletDashboard.php(46): App\Controllers\User\AtletDashboard->getStatistikAtlet('10')
 5 SYSTEMPATH\CodeIgniter.php(933): App\Controllers\User\AtletDashboard->index()
 6 SYSTEMPATH\CodeIgniter.php(507): CodeIgniter\CodeIgniter->runController(Object(App\Controllers\User\AtletDashboard))
 7 SYSTEMPATH\CodeIgniter.php(354): CodeIgniter\CodeIgniter->handleRequest(null, Object(Config\Cache), false)
 8 SYSTEMPATH\Boot.php(363): CodeIgniter\CodeIgniter->run()
 9 SYSTEMPATH\Boot.php(68): CodeIgniter\Boot::runCodeIgniter(Object(CodeIgniter\CodeIgniter))
10 FCPATH\index.php(59): CodeIgniter\Boot::bootWeb(Object(Config\Paths))
11 SYSTEMPATH\rewrite.php(44): require_once('C:\\laragon\\www\\ptmsi-sumbar\\public\\index.php')
CRITICAL - 2025-12-22 08:35:49 --> [Caused by] CodeIgniter\Database\Exceptions\DatabaseException: Unknown column 'status' in 'where clause'
in SYSTEMPATH\Database\MySQLi\Connection.php on line 332.
 1 SYSTEMPATH\Database\BaseConnection.php(729): CodeIgniter\Database\MySQLi\Connection->execute('SELECT COUNT(*) AS `numrows`
FROM `pendaftaran_event`
WHERE `id_atlet` = \'10\'
AND `status` = \'diterima\'')
 2 SYSTEMPATH\Database\BaseConnection.php(646): CodeIgniter\Database\BaseConnection->simpleQuery('SELECT COUNT(*) AS `numrows`
FROM `pendaftaran_event`
WHERE `id_atlet` = \'10\'
AND `status` = \'diterima\'')
 3 SYSTEMPATH\Database\BaseBuilder.php(1733): CodeIgniter\Database\BaseConnection->query('SELECT COUNT(*) AS `numrows`
FROM `pendaftaran_event`
WHERE `id_atlet` = :id_atlet:
AND `status` = :status:', [...], false)
 4 SYSTEMPATH\Model.php(675): CodeIgniter\Database\BaseBuilder->countAllResults(true)
 5 APPPATH\Controllers\User\AtletDashboard.php(286): CodeIgniter\Model->countAllResults()
 6 APPPATH\Controllers\User\AtletDashboard.php(46): App\Controllers\User\AtletDashboard->getStatistikAtlet('10')
 7 SYSTEMPATH\CodeIgniter.php(933): App\Controllers\User\AtletDashboard->index()
 8 SYSTEMPATH\CodeIgniter.php(507): CodeIgniter\CodeIgniter->runController(Object(App\Controllers\User\AtletDashboard))
 9 SYSTEMPATH\CodeIgniter.php(354): CodeIgniter\CodeIgniter->handleRequest(null, Object(Config\Cache), false)
10 SYSTEMPATH\Boot.php(363): CodeIgniter\CodeIgniter->run()
11 SYSTEMPATH\Boot.php(68): CodeIgniter\Boot::runCodeIgniter(Object(CodeIgniter\CodeIgniter))
12 FCPATH\index.php(59): CodeIgniter\Boot::bootWeb(Object(Config\Paths))
13 SYSTEMPATH\rewrite.php(44): require_once('C:\\laragon\\www\\ptmsi-sumbar\\public\\index.php')
CRITICAL - 2025-12-22 08:35:49 --> [Caused by] mysqli_sql_exception: Unknown column 'status' in 'where clause'
in SYSTEMPATH\Database\MySQLi\Connection.php on line 327.
 1 SYSTEMPATH\Database\MySQLi\Connection.php(327): mysqli->query('SELECT COUNT(*) AS `numrows`
FROM `pendaftaran_event`
WHERE `id_atlet` = \'10\'
AND `status` = \'diterima\'', 0)
 2 SYSTEMPATH\Database\BaseConnection.php(729): CodeIgniter\Database\MySQLi\Connection->execute('SELECT COUNT(*) AS `numrows`
FROM `pendaftaran_event`
WHERE `id_atlet` = \'10\'
AND `status` = \'diterima\'')
 3 SYSTEMPATH\Database\BaseConnection.php(646): CodeIgniter\Database\BaseConnection->simpleQuery('SELECT COUNT(*) AS `numrows`
FROM `pendaftaran_event`
WHERE `id_atlet` = \'10\'
AND `status` = \'diterima\'')
 4 SYSTEMPATH\Database\BaseBuilder.php(1733): CodeIgniter\Database\BaseConnection->query('SELECT COUNT(*) AS `numrows`
FROM `pendaftaran_event`
WHERE `id_atlet` = :id_atlet:
AND `status` = :status:', [...], false)
 5 SYSTEMPATH\Model.php(675): CodeIgniter\Database\BaseBuilder->countAllResults(true)
 6 APPPATH\Controllers\User\AtletDashboard.php(286): CodeIgniter\Model->countAllResults()
 7 APPPATH\Controllers\User\AtletDashboard.php(46): App\Controllers\User\AtletDashboard->getStatistikAtlet('10')
 8 SYSTEMPATH\CodeIgniter.php(933): App\Controllers\User\AtletDashboard->index()
 9 SYSTEMPATH\CodeIgniter.php(507): CodeIgniter\CodeIgniter->runController(Object(App\Controllers\User\AtletDashboard))
10 SYSTEMPATH\CodeIgniter.php(354): CodeIgniter\CodeIgniter->handleRequest(null, Object(Config\Cache), false)
11 SYSTEMPATH\Boot.php(363): CodeIgniter\CodeIgniter->run()
12 SYSTEMPATH\Boot.php(68): CodeIgniter\Boot::runCodeIgniter(Object(CodeIgniter\CodeIgniter))
13 FCPATH\index.php(59): CodeIgniter\Boot::bootWeb(Object(Config\Paths))
14 SYSTEMPATH\rewrite.php(44): require_once('C:\\laragon\\www\\ptmsi-sumbar\\public\\index.php')
DEBUG - 2025-12-22 08:36:48 --> Session: Class initialized using 'CodeIgniter\Session\Handlers\FileHandler' driver.
ERROR - 2025-12-22 08:36:50 --> mysqli_sql_exception: Unknown column 'status' in 'where clause' in C:\laragon\www\ptmsi-sumbar\system\Database\MySQLi\Connection.php:327
Stack trace:
#0 C:\laragon\www\ptmsi-sumbar\system\Database\MySQLi\Connection.php(327): mysqli->query('SELECT COUNT(*)...', 0)
#1 C:\laragon\www\ptmsi-sumbar\system\Database\BaseConnection.php(729): CodeIgniter\Database\MySQLi\Connection->execute('SELECT COUNT(*)...')
#2 C:\laragon\www\ptmsi-sumbar\system\Database\BaseConnection.php(646): CodeIgniter\Database\BaseConnection->simpleQuery('SELECT COUNT(*)...')
#3 C:\laragon\www\ptmsi-sumbar\system\Database\BaseBuilder.php(1733): CodeIgniter\Database\BaseConnection->query('SELECT COUNT(*)...', Array, false)
#4 C:\laragon\www\ptmsi-sumbar\system\Model.php(675): CodeIgniter\Database\BaseBuilder->countAllResults(true)
#5 C:\laragon\www\ptmsi-sumbar\app\Controllers\User\AtletDashboard.php(291): CodeIgniter\Model->countAllResults()
#6 C:\laragon\www\ptmsi-sumbar\app\Controllers\User\AtletDashboard.php(51): App\Controllers\User\AtletDashboard->getStatistikAtlet('10')
#7 C:\laragon\www\ptmsi-sumbar\system\CodeIgniter.php(933): App\Controllers\User\AtletDashboard->index()
#8 C:\laragon\www\ptmsi-sumbar\system\CodeIgniter.php(507): CodeIgniter\CodeIgniter->runController(Object(App\Controllers\User\AtletDashboard))
#9 C:\laragon\www\ptmsi-sumbar\system\CodeIgniter.php(354): CodeIgniter\CodeIgniter->handleRequest(NULL, Object(Config\Cache), false)
#10 C:\laragon\www\ptmsi-sumbar\system\Boot.php(363): CodeIgniter\CodeIgniter->run()
#11 C:\laragon\www\ptmsi-sumbar\system\Boot.php(68): CodeIgniter\Boot::runCodeIgniter(Object(CodeIgniter\CodeIgniter))
#12 C:\laragon\www\ptmsi-sumbar\public\index.php(59): CodeIgniter\Boot::bootWeb(Object(Config\Paths))
#13 C:\laragon\www\ptmsi-sumbar\system\rewrite.php(44): require_once('C:\\laragon\\www\\...')
#14 {main}
CRITICAL - 2025-12-22 08:36:50 --> CodeIgniter\Database\Exceptions\DatabaseException: Unknown column 'status' in 'where clause'
[Method: GET, Route: user/atlet/dashboard]
in SYSTEMPATH\Database\BaseConnection.php on line 684.
 1 SYSTEMPATH\Database\BaseBuilder.php(1733): CodeIgniter\Database\BaseConnection->query('SELECT COUNT(*) AS `numrows`
FROM `pendaftaran_event`
WHERE `id_atlet` = :id_atlet:
AND `status` = :status:', [...], false)
 2 SYSTEMPATH\Model.php(675): CodeIgniter\Database\BaseBuilder->countAllResults(true)
 3 APPPATH\Controllers\User\AtletDashboard.php(291): CodeIgniter\Model->countAllResults()
 4 APPPATH\Controllers\User\AtletDashboard.php(51): App\Controllers\User\AtletDashboard->getStatistikAtlet('10')
 5 SYSTEMPATH\CodeIgniter.php(933): App\Controllers\User\AtletDashboard->index()
 6 SYSTEMPATH\CodeIgniter.php(507): CodeIgniter\CodeIgniter->runController(Object(App\Controllers\User\AtletDashboard))
 7 SYSTEMPATH\CodeIgniter.php(354): CodeIgniter\CodeIgniter->handleRequest(null, Object(Config\Cache), false)
 8 SYSTEMPATH\Boot.php(363): CodeIgniter\CodeIgniter->run()
 9 SYSTEMPATH\Boot.php(68): CodeIgniter\Boot::runCodeIgniter(Object(CodeIgniter\CodeIgniter))
10 FCPATH\index.php(59): CodeIgniter\Boot::bootWeb(Object(Config\Paths))
11 SYSTEMPATH\rewrite.php(44): require_once('C:\\laragon\\www\\ptmsi-sumbar\\public\\index.php')
CRITICAL - 2025-12-22 08:36:50 --> [Caused by] CodeIgniter\Database\Exceptions\DatabaseException: Unknown column 'status' in 'where clause'
in SYSTEMPATH\Database\MySQLi\Connection.php on line 332.
 1 SYSTEMPATH\Database\BaseConnection.php(729): CodeIgniter\Database\MySQLi\Connection->execute('SELECT COUNT(*) AS `numrows`
FROM `pendaftaran_event`
WHERE `id_atlet` = \'10\'
AND `status` = \'diterima\'')
 2 SYSTEMPATH\Database\BaseConnection.php(646): CodeIgniter\Database\BaseConnection->simpleQuery('SELECT COUNT(*) AS `numrows`
FROM `pendaftaran_event`
WHERE `id_atlet` = \'10\'
AND `status` = \'diterima\'')
 3 SYSTEMPATH\Database\BaseBuilder.php(1733): CodeIgniter\Database\BaseConnection->query('SELECT COUNT(*) AS `numrows`
FROM `pendaftaran_event`
WHERE `id_atlet` = :id_atlet:
AND `status` = :status:', [...], false)
 4 SYSTEMPATH\Model.php(675): CodeIgniter\Database\BaseBuilder->countAllResults(true)
 5 APPPATH\Controllers\User\AtletDashboard.php(291): CodeIgniter\Model->countAllResults()
 6 APPPATH\Controllers\User\AtletDashboard.php(51): App\Controllers\User\AtletDashboard->getStatistikAtlet('10')
 7 SYSTEMPATH\CodeIgniter.php(933): App\Controllers\User\AtletDashboard->index()
 8 SYSTEMPATH\CodeIgniter.php(507): CodeIgniter\CodeIgniter->runController(Object(App\Controllers\User\AtletDashboard))
 9 SYSTEMPATH\CodeIgniter.php(354): CodeIgniter\CodeIgniter->handleRequest(null, Object(Config\Cache), false)
10 SYSTEMPATH\Boot.php(363): CodeIgniter\CodeIgniter->run()
11 SYSTEMPATH\Boot.php(68): CodeIgniter\Boot::runCodeIgniter(Object(CodeIgniter\CodeIgniter))
12 FCPATH\index.php(59): CodeIgniter\Boot::bootWeb(Object(Config\Paths))
13 SYSTEMPATH\rewrite.php(44): require_once('C:\\laragon\\www\\ptmsi-sumbar\\public\\index.php')
CRITICAL - 2025-12-22 08:36:50 --> [Caused by] mysqli_sql_exception: Unknown column 'status' in 'where clause'
in SYSTEMPATH\Database\MySQLi\Connection.php on line 327.
 1 SYSTEMPATH\Database\MySQLi\Connection.php(327): mysqli->query('SELECT COUNT(*) AS `numrows`
FROM `pendaftaran_event`
WHERE `id_atlet` = \'10\'
AND `status` = \'diterima\'', 0)
 2 SYSTEMPATH\Database\BaseConnection.php(729): CodeIgniter\Database\MySQLi\Connection->execute('SELECT COUNT(*) AS `numrows`
FROM `pendaftaran_event`
WHERE `id_atlet` = \'10\'
AND `status` = \'diterima\'')
 3 SYSTEMPATH\Database\BaseConnection.php(646): CodeIgniter\Database\BaseConnection->simpleQuery('SELECT COUNT(*) AS `numrows`
FROM `pendaftaran_event`
WHERE `id_atlet` = \'10\'
AND `status` = \'diterima\'')
 4 SYSTEMPATH\Database\BaseBuilder.php(1733): CodeIgniter\Database\BaseConnection->query('SELECT COUNT(*) AS `numrows`
FROM `pendaftaran_event`
WHERE `id_atlet` = :id_atlet:
AND `status` = :status:', [...], false)
 5 SYSTEMPATH\Model.php(675): CodeIgniter\Database\BaseBuilder->countAllResults(true)
 6 APPPATH\Controllers\User\AtletDashboard.php(291): CodeIgniter\Model->countAllResults()
 7 APPPATH\Controllers\User\AtletDashboard.php(51): App\Controllers\User\AtletDashboard->getStatistikAtlet('10')
 8 SYSTEMPATH\CodeIgniter.php(933): App\Controllers\User\AtletDashboard->index()
 9 SYSTEMPATH\CodeIgniter.php(507): CodeIgniter\CodeIgniter->runController(Object(App\Controllers\User\AtletDashboard))
10 SYSTEMPATH\CodeIgniter.php(354): CodeIgniter\CodeIgniter->handleRequest(null, Object(Config\Cache), false)
11 SYSTEMPATH\Boot.php(363): CodeIgniter\CodeIgniter->run()
12 SYSTEMPATH\Boot.php(68): CodeIgniter\Boot::runCodeIgniter(Object(CodeIgniter\CodeIgniter))
13 FCPATH\index.php(59): CodeIgniter\Boot::bootWeb(Object(Config\Paths))
14 SYSTEMPATH\rewrite.php(44): require_once('C:\\laragon\\www\\ptmsi-sumbar\\public\\index.php')
DEBUG - 2025-12-22 08:36:58 --> Session: Class initialized using 'CodeIgniter\Session\Handlers\FileHandler' driver.
ERROR - 2025-12-22 08:37:00 --> mysqli_sql_exception: Unknown column 'status' in 'where clause' in C:\laragon\www\ptmsi-sumbar\system\Database\MySQLi\Connection.php:327
Stack trace:
#0 C:\laragon\www\ptmsi-sumbar\system\Database\MySQLi\Connection.php(327): mysqli->query('SELECT COUNT(*)...', 0)
#1 C:\laragon\www\ptmsi-sumbar\system\Database\BaseConnection.php(729): CodeIgniter\Database\MySQLi\Connection->execute('SELECT COUNT(*)...')
#2 C:\laragon\www\ptmsi-sumbar\system\Database\BaseConnection.php(646): CodeIgniter\Database\BaseConnection->simpleQuery('SELECT COUNT(*)...')
#3 C:\laragon\www\ptmsi-sumbar\system\Database\BaseBuilder.php(1733): CodeIgniter\Database\BaseConnection->query('SELECT COUNT(*)...', Array, false)
#4 C:\laragon\www\ptmsi-sumbar\system\Model.php(675): CodeIgniter\Database\BaseBuilder->countAllResults(true)
#5 C:\laragon\www\ptmsi-sumbar\app\Controllers\User\AtletDashboard.php(291): CodeIgniter\Model->countAllResults()
#6 C:\laragon\www\ptmsi-sumbar\app\Controllers\User\AtletDashboard.php(51): App\Controllers\User\AtletDashboard->getStatistikAtlet('10')
#7 C:\laragon\www\ptmsi-sumbar\system\CodeIgniter.php(933): App\Controllers\User\AtletDashboard->index()
#8 C:\laragon\www\ptmsi-sumbar\system\CodeIgniter.php(507): CodeIgniter\CodeIgniter->runController(Object(App\Controllers\User\AtletDashboard))
#9 C:\laragon\www\ptmsi-sumbar\system\CodeIgniter.php(354): CodeIgniter\CodeIgniter->handleRequest(NULL, Object(Config\Cache), false)
#10 C:\laragon\www\ptmsi-sumbar\system\Boot.php(363): CodeIgniter\CodeIgniter->run()
#11 C:\laragon\www\ptmsi-sumbar\system\Boot.php(68): CodeIgniter\Boot::runCodeIgniter(Object(CodeIgniter\CodeIgniter))
#12 C:\laragon\www\ptmsi-sumbar\public\index.php(59): CodeIgniter\Boot::bootWeb(Object(Config\Paths))
#13 C:\laragon\www\ptmsi-sumbar\system\rewrite.php(44): require_once('C:\\laragon\\www\\...')
#14 {main}
CRITICAL - 2025-12-22 08:37:00 --> CodeIgniter\Database\Exceptions\DatabaseException: Unknown column 'status' in 'where clause'
[Method: GET, Route: user/atlet/dashboard]
in SYSTEMPATH\Database\BaseConnection.php on line 684.
 1 SYSTEMPATH\Database\BaseBuilder.php(1733): CodeIgniter\Database\BaseConnection->query('SELECT COUNT(*) AS `numrows`
FROM `pendaftaran_event`
WHERE `id_atlet` = :id_atlet:
AND `status` = :status:', [...], false)
 2 SYSTEMPATH\Model.php(675): CodeIgniter\Database\BaseBuilder->countAllResults(true)
 3 APPPATH\Controllers\User\AtletDashboard.php(291): CodeIgniter\Model->countAllResults()
 4 APPPATH\Controllers\User\AtletDashboard.php(51): App\Controllers\User\AtletDashboard->getStatistikAtlet('10')
 5 SYSTEMPATH\CodeIgniter.php(933): App\Controllers\User\AtletDashboard->index()
 6 SYSTEMPATH\CodeIgniter.php(507): CodeIgniter\CodeIgniter->runController(Object(App\Controllers\User\AtletDashboard))
 7 SYSTEMPATH\CodeIgniter.php(354): CodeIgniter\CodeIgniter->handleRequest(null, Object(Config\Cache), false)
 8 SYSTEMPATH\Boot.php(363): CodeIgniter\CodeIgniter->run()
 9 SYSTEMPATH\Boot.php(68): CodeIgniter\Boot::runCodeIgniter(Object(CodeIgniter\CodeIgniter))
10 FCPATH\index.php(59): CodeIgniter\Boot::bootWeb(Object(Config\Paths))
11 SYSTEMPATH\rewrite.php(44): require_once('C:\\laragon\\www\\ptmsi-sumbar\\public\\index.php')
CRITICAL - 2025-12-22 08:37:00 --> [Caused by] CodeIgniter\Database\Exceptions\DatabaseException: Unknown column 'status' in 'where clause'
in SYSTEMPATH\Database\MySQLi\Connection.php on line 332.
 1 SYSTEMPATH\Database\BaseConnection.php(729): CodeIgniter\Database\MySQLi\Connection->execute('SELECT COUNT(*) AS `numrows`
FROM `pendaftaran_event`
WHERE `id_atlet` = \'10\'
AND `status` = \'diterima\'')
 2 SYSTEMPATH\Database\BaseConnection.php(646): CodeIgniter\Database\BaseConnection->simpleQuery('SELECT COUNT(*) AS `numrows`
FROM `pendaftaran_event`
WHERE `id_atlet` = \'10\'
AND `status` = \'diterima\'')
 3 SYSTEMPATH\Database\BaseBuilder.php(1733): CodeIgniter\Database\BaseConnection->query('SELECT COUNT(*) AS `numrows`
FROM `pendaftaran_event`
WHERE `id_atlet` = :id_atlet:
AND `status` = :status:', [...], false)
 4 SYSTEMPATH\Model.php(675): CodeIgniter\Database\BaseBuilder->countAllResults(true)
 5 APPPATH\Controllers\User\AtletDashboard.php(291): CodeIgniter\Model->countAllResults()
 6 APPPATH\Controllers\User\AtletDashboard.php(51): App\Controllers\User\AtletDashboard->getStatistikAtlet('10')
 7 SYSTEMPATH\CodeIgniter.php(933): App\Controllers\User\AtletDashboard->index()
 8 SYSTEMPATH\CodeIgniter.php(507): CodeIgniter\CodeIgniter->runController(Object(App\Controllers\User\AtletDashboard))
 9 SYSTEMPATH\CodeIgniter.php(354): CodeIgniter\CodeIgniter->handleRequest(null, Object(Config\Cache), false)
10 SYSTEMPATH\Boot.php(363): CodeIgniter\CodeIgniter->run()
11 SYSTEMPATH\Boot.php(68): CodeIgniter\Boot::runCodeIgniter(Object(CodeIgniter\CodeIgniter))
12 FCPATH\index.php(59): CodeIgniter\Boot::bootWeb(Object(Config\Paths))
13 SYSTEMPATH\rewrite.php(44): require_once('C:\\laragon\\www\\ptmsi-sumbar\\public\\index.php')
CRITICAL - 2025-12-22 08:37:00 --> [Caused by] mysqli_sql_exception: Unknown column 'status' in 'where clause'
in SYSTEMPATH\Database\MySQLi\Connection.php on line 327.
 1 SYSTEMPATH\Database\MySQLi\Connection.php(327): mysqli->query('SELECT COUNT(*) AS `numrows`
FROM `pendaftaran_event`
WHERE `id_atlet` = \'10\'
AND `status` = \'diterima\'', 0)
 2 SYSTEMPATH\Database\BaseConnection.php(729): CodeIgniter\Database\MySQLi\Connection->execute('SELECT COUNT(*) AS `numrows`
FROM `pendaftaran_event`
WHERE `id_atlet` = \'10\'
AND `status` = \'diterima\'')
 3 SYSTEMPATH\Database\BaseConnection.php(646): CodeIgniter\Database\BaseConnection->simpleQuery('SELECT COUNT(*) AS `numrows`
FROM `pendaftaran_event`
WHERE `id_atlet` = \'10\'
AND `status` = \'diterima\'')
 4 SYSTEMPATH\Database\BaseBuilder.php(1733): CodeIgniter\Database\BaseConnection->query('SELECT COUNT(*) AS `numrows`
FROM `pendaftaran_event`
WHERE `id_atlet` = :id_atlet:
AND `status` = :status:', [...], false)
 5 SYSTEMPATH\Model.php(675): CodeIgniter\Database\BaseBuilder->countAllResults(true)
 6 APPPATH\Controllers\User\AtletDashboard.php(291): CodeIgniter\Model->countAllResults()
 7 APPPATH\Controllers\User\AtletDashboard.php(51): App\Controllers\User\AtletDashboard->getStatistikAtlet('10')
 8 SYSTEMPATH\CodeIgniter.php(933): App\Controllers\User\AtletDashboard->index()
 9 SYSTEMPATH\CodeIgniter.php(507): CodeIgniter\CodeIgniter->runController(Object(App\Controllers\User\AtletDashboard))
10 SYSTEMPATH\CodeIgniter.php(354): CodeIgniter\CodeIgniter->handleRequest(null, Object(Config\Cache), false)
11 SYSTEMPATH\Boot.php(363): CodeIgniter\CodeIgniter->run()
12 SYSTEMPATH\Boot.php(68): CodeIgniter\Boot::runCodeIgniter(Object(CodeIgniter\CodeIgniter))
13 FCPATH\index.php(59): CodeIgniter\Boot::bootWeb(Object(Config\Paths))
14 SYSTEMPATH\rewrite.php(44): require_once('C:\\laragon\\www\\ptmsi-sumbar\\public\\index.php')
DEBUG - 2025-12-22 08:37:02 --> Session: Class initialized using 'CodeIgniter\Session\Handlers\FileHandler' driver.
DEBUG - 2025-12-22 08:37:05 --> Session: Class initialized using 'CodeIgniter\Session\Handlers\FileHandler' driver.
ERROR - 2025-12-22 08:37:07 --> mysqli_sql_exception: Unknown column 'status' in 'where clause' in C:\laragon\www\ptmsi-sumbar\system\Database\MySQLi\Connection.php:327
Stack trace:
#0 C:\laragon\www\ptmsi-sumbar\system\Database\MySQLi\Connection.php(327): mysqli->query('SELECT COUNT(*)...', 0)
#1 C:\laragon\www\ptmsi-sumbar\system\Database\BaseConnection.php(729): CodeIgniter\Database\MySQLi\Connection->execute('SELECT COUNT(*)...')
#2 C:\laragon\www\ptmsi-sumbar\system\Database\BaseConnection.php(646): CodeIgniter\Database\BaseConnection->simpleQuery('SELECT COUNT(*)...')
#3 C:\laragon\www\ptmsi-sumbar\system\Database\BaseBuilder.php(1733): CodeIgniter\Database\BaseConnection->query('SELECT COUNT(*)...', Array, false)
#4 C:\laragon\www\ptmsi-sumbar\system\Model.php(675): CodeIgniter\Database\BaseBuilder->countAllResults(true)
#5 C:\laragon\www\ptmsi-sumbar\app\Controllers\User\AtletDashboard.php(291): CodeIgniter\Model->countAllResults()
#6 C:\laragon\www\ptmsi-sumbar\app\Controllers\User\AtletDashboard.php(51): App\Controllers\User\AtletDashboard->getStatistikAtlet('10')
#7 C:\laragon\www\ptmsi-sumbar\system\CodeIgniter.php(933): App\Controllers\User\AtletDashboard->index()
#8 C:\laragon\www\ptmsi-sumbar\system\CodeIgniter.php(507): CodeIgniter\CodeIgniter->runController(Object(App\Controllers\User\AtletDashboard))
#9 C:\laragon\www\ptmsi-sumbar\system\CodeIgniter.php(354): CodeIgniter\CodeIgniter->handleRequest(NULL, Object(Config\Cache), false)
#10 C:\laragon\www\ptmsi-sumbar\system\Boot.php(363): CodeIgniter\CodeIgniter->run()
#11 C:\laragon\www\ptmsi-sumbar\system\Boot.php(68): CodeIgniter\Boot::runCodeIgniter(Object(CodeIgniter\CodeIgniter))
#12 C:\laragon\www\ptmsi-sumbar\public\index.php(59): CodeIgniter\Boot::bootWeb(Object(Config\Paths))
#13 C:\laragon\www\ptmsi-sumbar\system\rewrite.php(44): require_once('C:\\laragon\\www\\...')
#14 {main}
CRITICAL - 2025-12-22 08:37:07 --> CodeIgniter\Database\Exceptions\DatabaseException: Unknown column 'status' in 'where clause'
[Method: GET, Route: user/atlet/dashboard]
in SYSTEMPATH\Database\BaseConnection.php on line 684.
 1 SYSTEMPATH\Database\BaseBuilder.php(1733): CodeIgniter\Database\BaseConnection->query('SELECT COUNT(*) AS `numrows`
FROM `pendaftaran_event`
WHERE `id_atlet` = :id_atlet:
AND `status` = :status:', [...], false)
 2 SYSTEMPATH\Model.php(675): CodeIgniter\Database\BaseBuilder->countAllResults(true)
 3 APPPATH\Controllers\User\AtletDashboard.php(291): CodeIgniter\Model->countAllResults()
 4 APPPATH\Controllers\User\AtletDashboard.php(51): App\Controllers\User\AtletDashboard->getStatistikAtlet('10')
 5 SYSTEMPATH\CodeIgniter.php(933): App\Controllers\User\AtletDashboard->index()
 6 SYSTEMPATH\CodeIgniter.php(507): CodeIgniter\CodeIgniter->runController(Object(App\Controllers\User\AtletDashboard))
 7 SYSTEMPATH\CodeIgniter.php(354): CodeIgniter\CodeIgniter->handleRequest(null, Object(Config\Cache), false)
 8 SYSTEMPATH\Boot.php(363): CodeIgniter\CodeIgniter->run()
 9 SYSTEMPATH\Boot.php(68): CodeIgniter\Boot::runCodeIgniter(Object(CodeIgniter\CodeIgniter))
10 FCPATH\index.php(59): CodeIgniter\Boot::bootWeb(Object(Config\Paths))
11 SYSTEMPATH\rewrite.php(44): require_once('C:\\laragon\\www\\ptmsi-sumbar\\public\\index.php')
CRITICAL - 2025-12-22 08:37:07 --> [Caused by] CodeIgniter\Database\Exceptions\DatabaseException: Unknown column 'status' in 'where clause'
in SYSTEMPATH\Database\MySQLi\Connection.php on line 332.
 1 SYSTEMPATH\Database\BaseConnection.php(729): CodeIgniter\Database\MySQLi\Connection->execute('SELECT COUNT(*) AS `numrows`
FROM `pendaftaran_event`
WHERE `id_atlet` = \'10\'
AND `status` = \'diterima\'')
 2 SYSTEMPATH\Database\BaseConnection.php(646): CodeIgniter\Database\BaseConnection->simpleQuery('SELECT COUNT(*) AS `numrows`
FROM `pendaftaran_event`
WHERE `id_atlet` = \'10\'
AND `status` = \'diterima\'')
 3 SYSTEMPATH\Database\BaseBuilder.php(1733): CodeIgniter\Database\BaseConnection->query('SELECT COUNT(*) AS `numrows`
FROM `pendaftaran_event`
WHERE `id_atlet` = :id_atlet:
AND `status` = :status:', [...], false)
 4 SYSTEMPATH\Model.php(675): CodeIgniter\Database\BaseBuilder->countAllResults(true)
 5 APPPATH\Controllers\User\AtletDashboard.php(291): CodeIgniter\Model->countAllResults()
 6 APPPATH\Controllers\User\AtletDashboard.php(51): App\Controllers\User\AtletDashboard->getStatistikAtlet('10')
 7 SYSTEMPATH\CodeIgniter.php(933): App\Controllers\User\AtletDashboard->index()
 8 SYSTEMPATH\CodeIgniter.php(507): CodeIgniter\CodeIgniter->runController(Object(App\Controllers\User\AtletDashboard))
 9 SYSTEMPATH\CodeIgniter.php(354): CodeIgniter\CodeIgniter->handleRequest(null, Object(Config\Cache), false)
10 SYSTEMPATH\Boot.php(363): CodeIgniter\CodeIgniter->run()
11 SYSTEMPATH\Boot.php(68): CodeIgniter\Boot::runCodeIgniter(Object(CodeIgniter\CodeIgniter))
12 FCPATH\index.php(59): CodeIgniter\Boot::bootWeb(Object(Config\Paths))
13 SYSTEMPATH\rewrite.php(44): require_once('C:\\laragon\\www\\ptmsi-sumbar\\public\\index.php')
CRITICAL - 2025-12-22 08:37:07 --> [Caused by] mysqli_sql_exception: Unknown column 'status' in 'where clause'
in SYSTEMPATH\Database\MySQLi\Connection.php on line 327.
 1 SYSTEMPATH\Database\MySQLi\Connection.php(327): mysqli->query('SELECT COUNT(*) AS `numrows`
FROM `pendaftaran_event`
WHERE `id_atlet` = \'10\'
AND `status` = \'diterima\'', 0)
 2 SYSTEMPATH\Database\BaseConnection.php(729): CodeIgniter\Database\MySQLi\Connection->execute('SELECT COUNT(*) AS `numrows`
FROM `pendaftaran_event`
WHERE `id_atlet` = \'10\'
AND `status` = \'diterima\'')
 3 SYSTEMPATH\Database\BaseConnection.php(646): CodeIgniter\Database\BaseConnection->simpleQuery('SELECT COUNT(*) AS `numrows`
FROM `pendaftaran_event`
WHERE `id_atlet` = \'10\'
AND `status` = \'diterima\'')
 4 SYSTEMPATH\Database\BaseBuilder.php(1733): CodeIgniter\Database\BaseConnection->query('SELECT COUNT(*) AS `numrows`
FROM `pendaftaran_event`
WHERE `id_atlet` = :id_atlet:
AND `status` = :status:', [...], false)
 5 SYSTEMPATH\Model.php(675): CodeIgniter\Database\BaseBuilder->countAllResults(true)
 6 APPPATH\Controllers\User\AtletDashboard.php(291): CodeIgniter\Model->countAllResults()
 7 APPPATH\Controllers\User\AtletDashboard.php(51): App\Controllers\User\AtletDashboard->getStatistikAtlet('10')
 8 SYSTEMPATH\CodeIgniter.php(933): App\Controllers\User\AtletDashboard->index()
 9 SYSTEMPATH\CodeIgniter.php(507): CodeIgniter\CodeIgniter->runController(Object(App\Controllers\User\AtletDashboard))
10 SYSTEMPATH\CodeIgniter.php(354): CodeIgniter\CodeIgniter->handleRequest(null, Object(Config\Cache), false)
11 SYSTEMPATH\Boot.php(363): CodeIgniter\CodeIgniter->run()
12 SYSTEMPATH\Boot.php(68): CodeIgniter\Boot::runCodeIgniter(Object(CodeIgniter\CodeIgniter))
13 FCPATH\index.php(59): CodeIgniter\Boot::bootWeb(Object(Config\Paths))
14 SYSTEMPATH\rewrite.php(44): require_once('C:\\laragon\\www\\ptmsi-sumbar\\public\\index.php')
DEBUG - 2025-12-22 08:37:53 --> Session: Class initialized using 'CodeIgniter\Session\Handlers\FileHandler' driver.
ERROR - 2025-12-22 08:37:55 --> mysqli_sql_exception: Unknown column 'id_atlet_1' in 'where clause' in C:\laragon\www\ptmsi-sumbar\system\Database\MySQLi\Connection.php:327
Stack trace:
#0 C:\laragon\www\ptmsi-sumbar\system\Database\MySQLi\Connection.php(327): mysqli->query('SELECT COUNT(*)...', 0)
#1 C:\laragon\www\ptmsi-sumbar\system\Database\BaseConnection.php(729): CodeIgniter\Database\MySQLi\Connection->execute('SELECT COUNT(*)...')
#2 C:\laragon\www\ptmsi-sumbar\system\Database\BaseConnection.php(646): CodeIgniter\Database\BaseConnection->simpleQuery('SELECT COUNT(*)...')
#3 C:\laragon\www\ptmsi-sumbar\system\Database\BaseBuilder.php(1733): CodeIgniter\Database\BaseConnection->query('SELECT COUNT(*)...', Array, false)
#4 C:\laragon\www\ptmsi-sumbar\system\Model.php(675): CodeIgniter\Database\BaseBuilder->countAllResults(true)
#5 C:\laragon\www\ptmsi-sumbar\app\Controllers\User\AtletDashboard.php(297): CodeIgniter\Model->countAllResults()
#6 C:\laragon\www\ptmsi-sumbar\app\Controllers\User\AtletDashboard.php(51): App\Controllers\User\AtletDashboard->getStatistikAtlet('10')
#7 C:\laragon\www\ptmsi-sumbar\system\CodeIgniter.php(933): App\Controllers\User\AtletDashboard->index()
#8 C:\laragon\www\ptmsi-sumbar\system\CodeIgniter.php(507): CodeIgniter\CodeIgniter->runController(Object(App\Controllers\User\AtletDashboard))
#9 C:\laragon\www\ptmsi-sumbar\system\CodeIgniter.php(354): CodeIgniter\CodeIgniter->handleRequest(NULL, Object(Config\Cache), false)
#10 C:\laragon\www\ptmsi-sumbar\system\Boot.php(363): CodeIgniter\CodeIgniter->run()
#11 C:\laragon\www\ptmsi-sumbar\system\Boot.php(68): CodeIgniter\Boot::runCodeIgniter(Object(CodeIgniter\CodeIgniter))
#12 C:\laragon\www\ptmsi-sumbar\public\index.php(59): CodeIgniter\Boot::bootWeb(Object(Config\Paths))
#13 C:\laragon\www\ptmsi-sumbar\system\rewrite.php(44): require_once('C:\\laragon\\www\\...')
#14 {main}
CRITICAL - 2025-12-22 08:37:55 --> CodeIgniter\Database\Exceptions\DatabaseException: Unknown column 'id_atlet_1' in 'where clause'
[Method: GET, Route: user/atlet/dashboard]
in SYSTEMPATH\Database\BaseConnection.php on line 684.
 1 SYSTEMPATH\Database\BaseBuilder.php(1733): CodeIgniter\Database\BaseConnection->query('SELECT COUNT(*) AS `numrows`
FROM `bracket_turnamen`
WHERE   (
`id_atlet_1` = :id_atlet_1:
OR `id_atlet_2` = :id_atlet_2:
 )', [...], false)
 2 SYSTEMPATH\Model.php(675): CodeIgniter\Database\BaseBuilder->countAllResults(true)
 3 APPPATH\Controllers\User\AtletDashboard.php(297): CodeIgniter\Model->countAllResults()
 4 APPPATH\Controllers\User\AtletDashboard.php(51): App\Controllers\User\AtletDashboard->getStatistikAtlet('10')
 5 SYSTEMPATH\CodeIgniter.php(933): App\Controllers\User\AtletDashboard->index()
 6 SYSTEMPATH\CodeIgniter.php(507): CodeIgniter\CodeIgniter->runController(Object(App\Controllers\User\AtletDashboard))
 7 SYSTEMPATH\CodeIgniter.php(354): CodeIgniter\CodeIgniter->handleRequest(null, Object(Config\Cache), false)
 8 SYSTEMPATH\Boot.php(363): CodeIgniter\CodeIgniter->run()
 9 SYSTEMPATH\Boot.php(68): CodeIgniter\Boot::runCodeIgniter(Object(CodeIgniter\CodeIgniter))
10 FCPATH\index.php(59): CodeIgniter\Boot::bootWeb(Object(Config\Paths))
11 SYSTEMPATH\rewrite.php(44): require_once('C:\\laragon\\www\\ptmsi-sumbar\\public\\index.php')
CRITICAL - 2025-12-22 08:37:55 --> [Caused by] CodeIgniter\Database\Exceptions\DatabaseException: Unknown column 'id_atlet_1' in 'where clause'
in SYSTEMPATH\Database\MySQLi\Connection.php on line 332.
 1 SYSTEMPATH\Database\BaseConnection.php(729): CodeIgniter\Database\MySQLi\Connection->execute('SELECT COUNT(*) AS `numrows`
FROM `bracket_turnamen`
WHERE   (
`id_atlet_1` = \'10\'
OR `id_atlet_2` = \'10\'
 )')
 2 SYSTEMPATH\Database\BaseConnection.php(646): CodeIgniter\Database\BaseConnection->simpleQuery('SELECT COUNT(*) AS `numrows`
FROM `bracket_turnamen`
WHERE   (
`id_atlet_1` = \'10\'
OR `id_atlet_2` = \'10\'
 )')
 3 SYSTEMPATH\Database\BaseBuilder.php(1733): CodeIgniter\Database\BaseConnection->query('SELECT COUNT(*) AS `numrows`
FROM `bracket_turnamen`
WHERE   (
`id_atlet_1` = :id_atlet_1:
OR `id_atlet_2` = :id_atlet_2:
 )', [...], false)
 4 SYSTEMPATH\Model.php(675): CodeIgniter\Database\BaseBuilder->countAllResults(true)
 5 APPPATH\Controllers\User\AtletDashboard.php(297): CodeIgniter\Model->countAllResults()
 6 APPPATH\Controllers\User\AtletDashboard.php(51): App\Controllers\User\AtletDashboard->getStatistikAtlet('10')
 7 SYSTEMPATH\CodeIgniter.php(933): App\Controllers\User\AtletDashboard->index()
 8 SYSTEMPATH\CodeIgniter.php(507): CodeIgniter\CodeIgniter->runController(Object(App\Controllers\User\AtletDashboard))
 9 SYSTEMPATH\CodeIgniter.php(354): CodeIgniter\CodeIgniter->handleRequest(null, Object(Config\Cache), false)
10 SYSTEMPATH\Boot.php(363): CodeIgniter\CodeIgniter->run()
11 SYSTEMPATH\Boot.php(68): CodeIgniter\Boot::runCodeIgniter(Object(CodeIgniter\CodeIgniter))
12 FCPATH\index.php(59): CodeIgniter\Boot::bootWeb(Object(Config\Paths))
13 SYSTEMPATH\rewrite.php(44): require_once('C:\\laragon\\www\\ptmsi-sumbar\\public\\index.php')
CRITICAL - 2025-12-22 08:37:55 --> [Caused by] mysqli_sql_exception: Unknown column 'id_atlet_1' in 'where clause'
in SYSTEMPATH\Database\MySQLi\Connection.php on line 327.
 1 SYSTEMPATH\Database\MySQLi\Connection.php(327): mysqli->query('SELECT COUNT(*) AS `numrows`
FROM `bracket_turnamen`
WHERE   (
`id_atlet_1` = \'10\'
OR `id_atlet_2` = \'10\'
 )', 0)
 2 SYSTEMPATH\Database\BaseConnection.php(729): CodeIgniter\Database\MySQLi\Connection->execute('SELECT COUNT(*) AS `numrows`
FROM `bracket_turnamen`
WHERE   (
`id_atlet_1` = \'10\'
OR `id_atlet_2` = \'10\'
 )')
 3 SYSTEMPATH\Database\BaseConnection.php(646): CodeIgniter\Database\BaseConnection->simpleQuery('SELECT COUNT(*) AS `numrows`
FROM `bracket_turnamen`
WHERE   (
`id_atlet_1` = \'10\'
OR `id_atlet_2` = \'10\'
 )')
 4 SYSTEMPATH\Database\BaseBuilder.php(1733): CodeIgniter\Database\BaseConnection->query('SELECT COUNT(*) AS `numrows`
FROM `bracket_turnamen`
WHERE   (
`id_atlet_1` = :id_atlet_1:
OR `id_atlet_2` = :id_atlet_2:
 )', [...], false)
 5 SYSTEMPATH\Model.php(675): CodeIgniter\Database\BaseBuilder->countAllResults(true)
 6 APPPATH\Controllers\User\AtletDashboard.php(297): CodeIgniter\Model->countAllResults()
 7 APPPATH\Controllers\User\AtletDashboard.php(51): App\Controllers\User\AtletDashboard->getStatistikAtlet('10')
 8 SYSTEMPATH\CodeIgniter.php(933): App\Controllers\User\AtletDashboard->index()
 9 SYSTEMPATH\CodeIgniter.php(507): CodeIgniter\CodeIgniter->runController(Object(App\Controllers\User\AtletDashboard))
10 SYSTEMPATH\CodeIgniter.php(354): CodeIgniter\CodeIgniter->handleRequest(null, Object(Config\Cache), false)
11 SYSTEMPATH\Boot.php(363): CodeIgniter\CodeIgniter->run()
12 SYSTEMPATH\Boot.php(68): CodeIgniter\Boot::runCodeIgniter(Object(CodeIgniter\CodeIgniter))
13 FCPATH\index.php(59): CodeIgniter\Boot::bootWeb(Object(Config\Paths))
14 SYSTEMPATH\rewrite.php(44): require_once('C:\\laragon\\www\\ptmsi-sumbar\\public\\index.php')
DEBUG - 2025-12-22 08:38:39 --> Session: Class initialized using 'CodeIgniter\Session\Handlers\FileHandler' driver.
DEBUG - 2025-12-22 08:38:46 --> Session: Class initialized using 'CodeIgniter\Session\Handlers\FileHandler' driver.
ERROR - 2025-12-22 08:38:48 --> mysqli_sql_exception: Unknown column 'bracket_turnamen.id_atlet_1' in 'where clause' in C:\laragon\www\ptmsi-sumbar\system\Database\MySQLi\Connection.php:327
Stack trace:
#0 C:\laragon\www\ptmsi-sumbar\system\Database\MySQLi\Connection.php(327): mysqli->query('SELECT `bracket...', 0)
#1 C:\laragon\www\ptmsi-sumbar\system\Database\BaseConnection.php(729): CodeIgniter\Database\MySQLi\Connection->execute('SELECT `bracket...')
#2 C:\laragon\www\ptmsi-sumbar\system\Database\BaseConnection.php(646): CodeIgniter\Database\BaseConnection->simpleQuery('SELECT `bracket...')
#3 C:\laragon\www\ptmsi-sumbar\system\Database\BaseBuilder.php(1649): CodeIgniter\Database\BaseConnection->query('SELECT `bracket...', Array, false)
#4 C:\laragon\www\ptmsi-sumbar\system\Model.php(286): CodeIgniter\Database\BaseBuilder->get()
#5 C:\laragon\www\ptmsi-sumbar\system\BaseModel.php(677): CodeIgniter\Model->doFindAll(0, 0)
#6 C:\laragon\www\ptmsi-sumbar\app\Controllers\User\AtletDashboard.php(208): CodeIgniter\BaseModel->findAll()
#7 C:\laragon\www\ptmsi-sumbar\system\CodeIgniter.php(933): App\Controllers\User\AtletDashboard->riwayatPertandingan()
#8 C:\laragon\www\ptmsi-sumbar\system\CodeIgniter.php(507): CodeIgniter\CodeIgniter->runController(Object(App\Controllers\User\AtletDashboard))
#9 C:\laragon\www\ptmsi-sumbar\system\CodeIgniter.php(354): CodeIgniter\CodeIgniter->handleRequest(NULL, Object(Config\Cache), false)
#10 C:\laragon\www\ptmsi-sumbar\system\Boot.php(363): CodeIgniter\CodeIgniter->run()
#11 C:\laragon\www\ptmsi-sumbar\system\Boot.php(68): CodeIgniter\Boot::runCodeIgniter(Object(CodeIgniter\CodeIgniter))
#12 C:\laragon\www\ptmsi-sumbar\public\index.php(59): CodeIgniter\Boot::bootWeb(Object(Config\Paths))
#13 C:\laragon\www\ptmsi-sumbar\system\rewrite.php(44): require_once('C:\\laragon\\www\\...')
#14 {main}
CRITICAL - 2025-12-22 08:38:48 --> CodeIgniter\Database\Exceptions\DatabaseException: Unknown column 'bracket_turnamen.id_atlet_1' in 'where clause'
[Method: GET, Route: user/atlet/riwayat-pertandingan]
in SYSTEMPATH\Database\BaseConnection.php on line 684.
 1 SYSTEMPATH\Database\BaseBuilder.php(1649): CodeIgniter\Database\BaseConnection->query('SELECT `bracket_turnamen`.*, `event`.`nama_event`, `event`.`tanggal_mulai`
FROM `bracket_turnamen`
LEFT JOIN `event` ON `event`.`id_event` = `bracket_turnamen`.`id_event`
WHERE `bracket_turnamen`.`id_atlet_1` = :bracket_turnamen.id_atlet_1:
OR `bracket_turnamen`.`id_atlet_2` = :bracket_turnamen.id_atlet_2:
ORDER BY `event`.`tanggal_mulai` DESC', [...], false)
 2 SYSTEMPATH\Model.php(286): CodeIgniter\Database\BaseBuilder->get()
 3 SYSTEMPATH\BaseModel.php(677): CodeIgniter\Model->doFindAll(0, 0)
 4 APPPATH\Controllers\User\AtletDashboard.php(208): CodeIgniter\BaseModel->findAll()
 5 SYSTEMPATH\CodeIgniter.php(933): App\Controllers\User\AtletDashboard->riwayatPertandingan()
 6 SYSTEMPATH\CodeIgniter.php(507): CodeIgniter\CodeIgniter->runController(Object(App\Controllers\User\AtletDashboard))
 7 SYSTEMPATH\CodeIgniter.php(354): CodeIgniter\CodeIgniter->handleRequest(null, Object(Config\Cache), false)
 8 SYSTEMPATH\Boot.php(363): CodeIgniter\CodeIgniter->run()
 9 SYSTEMPATH\Boot.php(68): CodeIgniter\Boot::runCodeIgniter(Object(CodeIgniter\CodeIgniter))
10 FCPATH\index.php(59): CodeIgniter\Boot::bootWeb(Object(Config\Paths))
11 SYSTEMPATH\rewrite.php(44): require_once('C:\\laragon\\www\\ptmsi-sumbar\\public\\index.php')
CRITICAL - 2025-12-22 08:38:48 --> [Caused by] CodeIgniter\Database\Exceptions\DatabaseException: Unknown column 'bracket_turnamen.id_atlet_1' in 'where clause'
in SYSTEMPATH\Database\MySQLi\Connection.php on line 332.
 1 SYSTEMPATH\Database\BaseConnection.php(729): CodeIgniter\Database\MySQLi\Connection->execute('SELECT `bracket_turnamen`.*, `event`.`nama_event`, `event`.`tanggal_mulai`
FROM `bracket_turnamen`
LEFT JOIN `event` ON `event`.`id_event` = `bracket_turnamen`.`id_event`
WHERE `bracket_turnamen`.`id_atlet_1` = \'10\'
OR `bracket_turnamen`.`id_atlet_2` = \'10\'
ORDER BY `event`.`tanggal_mulai` DESC')
 2 SYSTEMPATH\Database\BaseConnection.php(646): CodeIgniter\Database\BaseConnection->simpleQuery('SELECT `bracket_turnamen`.*, `event`.`nama_event`, `event`.`tanggal_mulai`
FROM `bracket_turnamen`
LEFT JOIN `event` ON `event`.`id_event` = `bracket_turnamen`.`id_event`
WHERE `bracket_turnamen`.`id_atlet_1` = \'10\'
OR `bracket_turnamen`.`id_atlet_2` = \'10\'
ORDER BY `event`.`tanggal_mulai` DESC')
 3 SYSTEMPATH\Database\BaseBuilder.php(1649): CodeIgniter\Database\BaseConnection->query('SELECT `bracket_turnamen`.*, `event`.`nama_event`, `event`.`tanggal_mulai`
FROM `bracket_turnamen`
LEFT JOIN `event` ON `event`.`id_event` = `bracket_turnamen`.`id_event`
WHERE `bracket_turnamen`.`id_atlet_1` = :bracket_turnamen.id_atlet_1:
OR `bracket_turnamen`.`id_atlet_2` = :bracket_turnamen.id_atlet_2:
ORDER BY `event`.`tanggal_mulai` DESC', [...], false)
 4 SYSTEMPATH\Model.php(286): CodeIgniter\Database\BaseBuilder->get()
 5 SYSTEMPATH\BaseModel.php(677): CodeIgniter\Model->doFindAll(0, 0)
 6 APPPATH\Controllers\User\AtletDashboard.php(208): CodeIgniter\BaseModel->findAll()
 7 SYSTEMPATH\CodeIgniter.php(933): App\Controllers\User\AtletDashboard->riwayatPertandingan()
 8 SYSTEMPATH\CodeIgniter.php(507): CodeIgniter\CodeIgniter->runController(Object(App\Controllers\User\AtletDashboard))
 9 SYSTEMPATH\CodeIgniter.php(354): CodeIgniter\CodeIgniter->handleRequest(null, Object(Config\Cache), false)
10 SYSTEMPATH\Boot.php(363): CodeIgniter\CodeIgniter->run()
11 SYSTEMPATH\Boot.php(68): CodeIgniter\Boot::runCodeIgniter(Object(CodeIgniter\CodeIgniter))
12 FCPATH\index.php(59): CodeIgniter\Boot::bootWeb(Object(Config\Paths))
13 SYSTEMPATH\rewrite.php(44): require_once('C:\\laragon\\www\\ptmsi-sumbar\\public\\index.php')
CRITICAL - 2025-12-22 08:38:48 --> [Caused by] mysqli_sql_exception: Unknown column 'bracket_turnamen.id_atlet_1' in 'where clause'
in SYSTEMPATH\Database\MySQLi\Connection.php on line 327.
 1 SYSTEMPATH\Database\MySQLi\Connection.php(327): mysqli->query('SELECT `bracket_turnamen`.*, `event`.`nama_event`, `event`.`tanggal_mulai`
FROM `bracket_turnamen`
LEFT JOIN `event` ON `event`.`id_event` = `bracket_turnamen`.`id_event`
WHERE `bracket_turnamen`.`id_atlet_1` = \'10\'
OR `bracket_turnamen`.`id_atlet_2` = \'10\'
ORDER BY `event`.`tanggal_mulai` DESC', 0)
 2 SYSTEMPATH\Database\BaseConnection.php(729): CodeIgniter\Database\MySQLi\Connection->execute('SELECT `bracket_turnamen`.*, `event`.`nama_event`, `event`.`tanggal_mulai`
FROM `bracket_turnamen`
LEFT JOIN `event` ON `event`.`id_event` = `bracket_turnamen`.`id_event`
WHERE `bracket_turnamen`.`id_atlet_1` = \'10\'
OR `bracket_turnamen`.`id_atlet_2` = \'10\'
ORDER BY `event`.`tanggal_mulai` DESC')
 3 SYSTEMPATH\Database\BaseConnection.php(646): CodeIgniter\Database\BaseConnection->simpleQuery('SELECT `bracket_turnamen`.*, `event`.`nama_event`, `event`.`tanggal_mulai`
FROM `bracket_turnamen`
LEFT JOIN `event` ON `event`.`id_event` = `bracket_turnamen`.`id_event`
WHERE `bracket_turnamen`.`id_atlet_1` = \'10\'
OR `bracket_turnamen`.`id_atlet_2` = \'10\'
ORDER BY `event`.`tanggal_mulai` DESC')
 4 SYSTEMPATH\Database\BaseBuilder.php(1649): CodeIgniter\Database\BaseConnection->query('SELECT `bracket_turnamen`.*, `event`.`nama_event`, `event`.`tanggal_mulai`
FROM `bracket_turnamen`
LEFT JOIN `event` ON `event`.`id_event` = `bracket_turnamen`.`id_event`
WHERE `bracket_turnamen`.`id_atlet_1` = :bracket_turnamen.id_atlet_1:
OR `bracket_turnamen`.`id_atlet_2` = :bracket_turnamen.id_atlet_2:
ORDER BY `event`.`tanggal_mulai` DESC', [...], false)
 5 SYSTEMPATH\Model.php(286): CodeIgniter\Database\BaseBuilder->get()
 6 SYSTEMPATH\BaseModel.php(677): CodeIgniter\Model->doFindAll(0, 0)
 7 APPPATH\Controllers\User\AtletDashboard.php(208): CodeIgniter\BaseModel->findAll()
 8 SYSTEMPATH\CodeIgniter.php(933): App\Controllers\User\AtletDashboard->riwayatPertandingan()
 9 SYSTEMPATH\CodeIgniter.php(507): CodeIgniter\CodeIgniter->runController(Object(App\Controllers\User\AtletDashboard))
10 SYSTEMPATH\CodeIgniter.php(354): CodeIgniter\CodeIgniter->handleRequest(null, Object(Config\Cache), false)
11 SYSTEMPATH\Boot.php(363): CodeIgniter\CodeIgniter->run()
12 SYSTEMPATH\Boot.php(68): CodeIgniter\Boot::runCodeIgniter(Object(CodeIgniter\CodeIgniter))
13 FCPATH\index.php(59): CodeIgniter\Boot::bootWeb(Object(Config\Paths))
14 SYSTEMPATH\rewrite.php(44): require_once('C:\\laragon\\www\\ptmsi-sumbar\\public\\index.php')
DEBUG - 2025-12-22 08:38:50 --> Session: Class initialized using 'CodeIgniter\Session\Handlers\FileHandler' driver.
DEBUG - 2025-12-22 08:39:39 --> Session: Class initialized using 'CodeIgniter\Session\Handlers\FileHandler' driver.
CRITICAL - 2025-12-22 08:39:41 --> CodeIgniter\View\Exceptions\ViewException: Invalid file: "user/atlet/kartu.php"
[Method: GET, Route: user/atlet/kartu]
in SYSTEMPATH\Exceptions\FrameworkException.php on line 39.
 1 SYSTEMPATH\View\View.php(214): CodeIgniter\Exceptions\FrameworkException::forInvalidFile('user/atlet/kartu.php')
 2 SYSTEMPATH\Common.php(1167): CodeIgniter\View\View->render('user/atlet/kartu', [], true)
 3 APPPATH\Controllers\User\AtletDashboard.php(151): view('user/atlet/kartu', [...])
 4 SYSTEMPATH\CodeIgniter.php(933): App\Controllers\User\AtletDashboard->kartuAtlet()
 5 SYSTEMPATH\CodeIgniter.php(507): CodeIgniter\CodeIgniter->runController(Object(App\Controllers\User\AtletDashboard))
 6 SYSTEMPATH\CodeIgniter.php(354): CodeIgniter\CodeIgniter->handleRequest(null, Object(Config\Cache), false)
 7 SYSTEMPATH\Boot.php(363): CodeIgniter\CodeIgniter->run()
 8 SYSTEMPATH\Boot.php(68): CodeIgniter\Boot::runCodeIgniter(Object(CodeIgniter\CodeIgniter))
 9 FCPATH\index.php(59): CodeIgniter\Boot::bootWeb(Object(Config\Paths))
10 SYSTEMPATH\rewrite.php(44): require_once('C:\\laragon\\www\\ptmsi-sumbar\\public\\index.php')
DEBUG - 2025-12-22 08:42:20 --> Session: Class initialized using 'CodeIgniter\Session\Handlers\FileHandler' driver.
DEBUG - 2025-12-22 08:42:27 --> Session: Class initialized using 'CodeIgniter\Session\Handlers\FileHandler' driver.
DEBUG - 2025-12-22 08:42:38 --> Session: Class initialized using 'CodeIgniter\Session\Handlers\FileHandler' driver.
ERROR - 2025-12-22 08:42:40 --> mysqli_sql_exception: Unknown column 'bracket_turnamen.id_atlet_1' in 'where clause' in C:\laragon\www\ptmsi-sumbar\system\Database\MySQLi\Connection.php:327
Stack trace:
#0 C:\laragon\www\ptmsi-sumbar\system\Database\MySQLi\Connection.php(327): mysqli->query('SELECT `bracket...', 0)
#1 C:\laragon\www\ptmsi-sumbar\system\Database\BaseConnection.php(729): CodeIgniter\Database\MySQLi\Connection->execute('SELECT `bracket...')
#2 C:\laragon\www\ptmsi-sumbar\system\Database\BaseConnection.php(646): CodeIgniter\Database\BaseConnection->simpleQuery('SELECT `bracket...')
#3 C:\laragon\www\ptmsi-sumbar\system\Database\BaseBuilder.php(1649): CodeIgniter\Database\BaseConnection->query('SELECT `bracket...', Array, false)
#4 C:\laragon\www\ptmsi-sumbar\system\Model.php(286): CodeIgniter\Database\BaseBuilder->get()
#5 C:\laragon\www\ptmsi-sumbar\system\BaseModel.php(677): CodeIgniter\Model->doFindAll(0, 0)
#6 C:\laragon\www\ptmsi-sumbar\app\Controllers\User\AtletDashboard.php(208): CodeIgniter\BaseModel->findAll()
#7 C:\laragon\www\ptmsi-sumbar\system\CodeIgniter.php(933): App\Controllers\User\AtletDashboard->riwayatPertandingan()
#8 C:\laragon\www\ptmsi-sumbar\system\CodeIgniter.php(507): CodeIgniter\CodeIgniter->runController(Object(App\Controllers\User\AtletDashboard))
#9 C:\laragon\www\ptmsi-sumbar\system\CodeIgniter.php(354): CodeIgniter\CodeIgniter->handleRequest(NULL, Object(Config\Cache), false)
#10 C:\laragon\www\ptmsi-sumbar\system\Boot.php(363): CodeIgniter\CodeIgniter->run()
#11 C:\laragon\www\ptmsi-sumbar\system\Boot.php(68): CodeIgniter\Boot::runCodeIgniter(Object(CodeIgniter\CodeIgniter))
#12 C:\laragon\www\ptmsi-sumbar\public\index.php(59): CodeIgniter\Boot::bootWeb(Object(Config\Paths))
#13 C:\laragon\www\ptmsi-sumbar\system\rewrite.php(44): require_once('C:\\laragon\\www\\...')
#14 {main}
CRITICAL - 2025-12-22 08:42:40 --> CodeIgniter\Database\Exceptions\DatabaseException: Unknown column 'bracket_turnamen.id_atlet_1' in 'where clause'
[Method: GET, Route: user/atlet/riwayat-pertandingan]
in SYSTEMPATH\Database\BaseConnection.php on line 684.
 1 SYSTEMPATH\Database\BaseBuilder.php(1649): CodeIgniter\Database\BaseConnection->query('SELECT `bracket_turnamen`.*, `event`.`nama_event`, `event`.`tanggal_mulai`
FROM `bracket_turnamen`
LEFT JOIN `event` ON `event`.`id_event` = `bracket_turnamen`.`id_event`
WHERE `bracket_turnamen`.`id_atlet_1` = :bracket_turnamen.id_atlet_1:
OR `bracket_turnamen`.`id_atlet_2` = :bracket_turnamen.id_atlet_2:
ORDER BY `event`.`tanggal_mulai` DESC', [...], false)
 2 SYSTEMPATH\Model.php(286): CodeIgniter\Database\BaseBuilder->get()
 3 SYSTEMPATH\BaseModel.php(677): CodeIgniter\Model->doFindAll(0, 0)
 4 APPPATH\Controllers\User\AtletDashboard.php(208): CodeIgniter\BaseModel->findAll()
 5 SYSTEMPATH\CodeIgniter.php(933): App\Controllers\User\AtletDashboard->riwayatPertandingan()
 6 SYSTEMPATH\CodeIgniter.php(507): CodeIgniter\CodeIgniter->runController(Object(App\Controllers\User\AtletDashboard))
 7 SYSTEMPATH\CodeIgniter.php(354): CodeIgniter\CodeIgniter->handleRequest(null, Object(Config\Cache), false)
 8 SYSTEMPATH\Boot.php(363): CodeIgniter\CodeIgniter->run()
 9 SYSTEMPATH\Boot.php(68): CodeIgniter\Boot::runCodeIgniter(Object(CodeIgniter\CodeIgniter))
10 FCPATH\index.php(59): CodeIgniter\Boot::bootWeb(Object(Config\Paths))
11 SYSTEMPATH\rewrite.php(44): require_once('C:\\laragon\\www\\ptmsi-sumbar\\public\\index.php')
CRITICAL - 2025-12-22 08:42:40 --> [Caused by] CodeIgniter\Database\Exceptions\DatabaseException: Unknown column 'bracket_turnamen.id_atlet_1' in 'where clause'
in SYSTEMPATH\Database\MySQLi\Connection.php on line 332.
 1 SYSTEMPATH\Database\BaseConnection.php(729): CodeIgniter\Database\MySQLi\Connection->execute('SELECT `bracket_turnamen`.*, `event`.`nama_event`, `event`.`tanggal_mulai`
FROM `bracket_turnamen`
LEFT JOIN `event` ON `event`.`id_event` = `bracket_turnamen`.`id_event`
WHERE `bracket_turnamen`.`id_atlet_1` = \'10\'
OR `bracket_turnamen`.`id_atlet_2` = \'10\'
ORDER BY `event`.`tanggal_mulai` DESC')
 2 SYSTEMPATH\Database\BaseConnection.php(646): CodeIgniter\Database\BaseConnection->simpleQuery('SELECT `bracket_turnamen`.*, `event`.`nama_event`, `event`.`tanggal_mulai`
FROM `bracket_turnamen`
LEFT JOIN `event` ON `event`.`id_event` = `bracket_turnamen`.`id_event`
WHERE `bracket_turnamen`.`id_atlet_1` = \'10\'
OR `bracket_turnamen`.`id_atlet_2` = \'10\'
ORDER BY `event`.`tanggal_mulai` DESC')
 3 SYSTEMPATH\Database\BaseBuilder.php(1649): CodeIgniter\Database\BaseConnection->query('SELECT `bracket_turnamen`.*, `event`.`nama_event`, `event`.`tanggal_mulai`
FROM `bracket_turnamen`
LEFT JOIN `event` ON `event`.`id_event` = `bracket_turnamen`.`id_event`
WHERE `bracket_turnamen`.`id_atlet_1` = :bracket_turnamen.id_atlet_1:
OR `bracket_turnamen`.`id_atlet_2` = :bracket_turnamen.id_atlet_2:
ORDER BY `event`.`tanggal_mulai` DESC', [...], false)
 4 SYSTEMPATH\Model.php(286): CodeIgniter\Database\BaseBuilder->get()
 5 SYSTEMPATH\BaseModel.php(677): CodeIgniter\Model->doFindAll(0, 0)
 6 APPPATH\Controllers\User\AtletDashboard.php(208): CodeIgniter\BaseModel->findAll()
 7 SYSTEMPATH\CodeIgniter.php(933): App\Controllers\User\AtletDashboard->riwayatPertandingan()
 8 SYSTEMPATH\CodeIgniter.php(507): CodeIgniter\CodeIgniter->runController(Object(App\Controllers\User\AtletDashboard))
 9 SYSTEMPATH\CodeIgniter.php(354): CodeIgniter\CodeIgniter->handleRequest(null, Object(Config\Cache), false)
10 SYSTEMPATH\Boot.php(363): CodeIgniter\CodeIgniter->run()
11 SYSTEMPATH\Boot.php(68): CodeIgniter\Boot::runCodeIgniter(Object(CodeIgniter\CodeIgniter))
12 FCPATH\index.php(59): CodeIgniter\Boot::bootWeb(Object(Config\Paths))
13 SYSTEMPATH\rewrite.php(44): require_once('C:\\laragon\\www\\ptmsi-sumbar\\public\\index.php')
CRITICAL - 2025-12-22 08:42:40 --> [Caused by] mysqli_sql_exception: Unknown column 'bracket_turnamen.id_atlet_1' in 'where clause'
in SYSTEMPATH\Database\MySQLi\Connection.php on line 327.
 1 SYSTEMPATH\Database\MySQLi\Connection.php(327): mysqli->query('SELECT `bracket_turnamen`.*, `event`.`nama_event`, `event`.`tanggal_mulai`
FROM `bracket_turnamen`
LEFT JOIN `event` ON `event`.`id_event` = `bracket_turnamen`.`id_event`
WHERE `bracket_turnamen`.`id_atlet_1` = \'10\'
OR `bracket_turnamen`.`id_atlet_2` = \'10\'
ORDER BY `event`.`tanggal_mulai` DESC', 0)
 2 SYSTEMPATH\Database\BaseConnection.php(729): CodeIgniter\Database\MySQLi\Connection->execute('SELECT `bracket_turnamen`.*, `event`.`nama_event`, `event`.`tanggal_mulai`
FROM `bracket_turnamen`
LEFT JOIN `event` ON `event`.`id_event` = `bracket_turnamen`.`id_event`
WHERE `bracket_turnamen`.`id_atlet_1` = \'10\'
OR `bracket_turnamen`.`id_atlet_2` = \'10\'
ORDER BY `event`.`tanggal_mulai` DESC')
 3 SYSTEMPATH\Database\BaseConnection.php(646): CodeIgniter\Database\BaseConnection->simpleQuery('SELECT `bracket_turnamen`.*, `event`.`nama_event`, `event`.`tanggal_mulai`
FROM `bracket_turnamen`
LEFT JOIN `event` ON `event`.`id_event` = `bracket_turnamen`.`id_event`
WHERE `bracket_turnamen`.`id_atlet_1` = \'10\'
OR `bracket_turnamen`.`id_atlet_2` = \'10\'
ORDER BY `event`.`tanggal_mulai` DESC')
 4 SYSTEMPATH\Database\BaseBuilder.php(1649): CodeIgniter\Database\BaseConnection->query('SELECT `bracket_turnamen`.*, `event`.`nama_event`, `event`.`tanggal_mulai`
FROM `bracket_turnamen`
LEFT JOIN `event` ON `event`.`id_event` = `bracket_turnamen`.`id_event`
WHERE `bracket_turnamen`.`id_atlet_1` = :bracket_turnamen.id_atlet_1:
OR `bracket_turnamen`.`id_atlet_2` = :bracket_turnamen.id_atlet_2:
ORDER BY `event`.`tanggal_mulai` DESC', [...], false)
 5 SYSTEMPATH\Model.php(286): CodeIgniter\Database\BaseBuilder->get()
 6 SYSTEMPATH\BaseModel.php(677): CodeIgniter\Model->doFindAll(0, 0)
 7 APPPATH\Controllers\User\AtletDashboard.php(208): CodeIgniter\BaseModel->findAll()
 8 SYSTEMPATH\CodeIgniter.php(933): App\Controllers\User\AtletDashboard->riwayatPertandingan()
 9 SYSTEMPATH\CodeIgniter.php(507): CodeIgniter\CodeIgniter->runController(Object(App\Controllers\User\AtletDashboard))
10 SYSTEMPATH\CodeIgniter.php(354): CodeIgniter\CodeIgniter->handleRequest(null, Object(Config\Cache), false)
11 SYSTEMPATH\Boot.php(363): CodeIgniter\CodeIgniter->run()
12 SYSTEMPATH\Boot.php(68): CodeIgniter\Boot::runCodeIgniter(Object(CodeIgniter\CodeIgniter))
13 FCPATH\index.php(59): CodeIgniter\Boot::bootWeb(Object(Config\Paths))
14 SYSTEMPATH\rewrite.php(44): require_once('C:\\laragon\\www\\ptmsi-sumbar\\public\\index.php')
DEBUG - 2025-12-22 08:44:10 --> Session: Class initialized using 'CodeIgniter\Session\Handlers\FileHandler' driver.
DEBUG - 2025-12-22 08:45:37 --> Session: Class initialized using 'CodeIgniter\Session\Handlers\FileHandler' driver.
ERROR - 2025-12-22 08:45:40 --> mysqli_sql_exception: Unknown column 'tahun' in 'order clause' in C:\laragon\www\ptmsi-sumbar\system\Database\MySQLi\Connection.php:327
Stack trace:
#0 C:\laragon\www\ptmsi-sumbar\system\Database\MySQLi\Connection.php(327): mysqli->query('SELECT *\nFROM `...', 0)
#1 C:\laragon\www\ptmsi-sumbar\system\Database\BaseConnection.php(729): CodeIgniter\Database\MySQLi\Connection->execute('SELECT *\nFROM `...')
#2 C:\laragon\www\ptmsi-sumbar\system\Database\BaseConnection.php(646): CodeIgniter\Database\BaseConnection->simpleQuery('SELECT *\nFROM `...')
#3 C:\laragon\www\ptmsi-sumbar\system\Database\BaseBuilder.php(1649): CodeIgniter\Database\BaseConnection->query('SELECT *\nFROM `...', Array, false)
#4 C:\laragon\www\ptmsi-sumbar\system\Model.php(286): CodeIgniter\Database\BaseBuilder->get()
#5 C:\laragon\www\ptmsi-sumbar\system\BaseModel.php(677): CodeIgniter\Model->doFindAll(0, 0)
#6 C:\laragon\www\ptmsi-sumbar\app\Controllers\User\AtletDashboard.php(228): CodeIgniter\BaseModel->findAll()
#7 C:\laragon\www\ptmsi-sumbar\system\CodeIgniter.php(933): App\Controllers\User\AtletDashboard->rankingPribadi()
#8 C:\laragon\www\ptmsi-sumbar\system\CodeIgniter.php(507): CodeIgniter\CodeIgniter->runController(Object(App\Controllers\User\AtletDashboard))
#9 C:\laragon\www\ptmsi-sumbar\system\CodeIgniter.php(354): CodeIgniter\CodeIgniter->handleRequest(NULL, Object(Config\Cache), false)
#10 C:\laragon\www\ptmsi-sumbar\system\Boot.php(363): CodeIgniter\CodeIgniter->run()
#11 C:\laragon\www\ptmsi-sumbar\system\Boot.php(68): CodeIgniter\Boot::runCodeIgniter(Object(CodeIgniter\CodeIgniter))
#12 C:\laragon\www\ptmsi-sumbar\public\index.php(59): CodeIgniter\Boot::bootWeb(Object(Config\Paths))
#13 C:\laragon\www\ptmsi-sumbar\system\rewrite.php(44): require_once('C:\\laragon\\www\\...')
#14 {main}
CRITICAL - 2025-12-22 08:45:40 --> CodeIgniter\Database\Exceptions\DatabaseException: Unknown column 'tahun' in 'order clause'
[Method: GET, Route: user/atlet/ranking-pribadi]
in SYSTEMPATH\Database\BaseConnection.php on line 684.
 1 SYSTEMPATH\Database\BaseBuilder.php(1649): CodeIgniter\Database\BaseConnection->query('SELECT *
FROM `ranking`
WHERE `id_atlet` = :id_atlet:
ORDER BY `tahun` DESC, `bulan` DESC', [...], false)
 2 SYSTEMPATH\Model.php(286): CodeIgniter\Database\BaseBuilder->get()
 3 SYSTEMPATH\BaseModel.php(677): CodeIgniter\Model->doFindAll(0, 0)
 4 APPPATH\Controllers\User\AtletDashboard.php(228): CodeIgniter\BaseModel->findAll()
 5 SYSTEMPATH\CodeIgniter.php(933): App\Controllers\User\AtletDashboard->rankingPribadi()
 6 SYSTEMPATH\CodeIgniter.php(507): CodeIgniter\CodeIgniter->runController(Object(App\Controllers\User\AtletDashboard))
 7 SYSTEMPATH\CodeIgniter.php(354): CodeIgniter\CodeIgniter->handleRequest(null, Object(Config\Cache), false)
 8 SYSTEMPATH\Boot.php(363): CodeIgniter\CodeIgniter->run()
 9 SYSTEMPATH\Boot.php(68): CodeIgniter\Boot::runCodeIgniter(Object(CodeIgniter\CodeIgniter))
10 FCPATH\index.php(59): CodeIgniter\Boot::bootWeb(Object(Config\Paths))
11 SYSTEMPATH\rewrite.php(44): require_once('C:\\laragon\\www\\ptmsi-sumbar\\public\\index.php')
CRITICAL - 2025-12-22 08:45:40 --> [Caused by] CodeIgniter\Database\Exceptions\DatabaseException: Unknown column 'tahun' in 'order clause'
in SYSTEMPATH\Database\MySQLi\Connection.php on line 332.
 1 SYSTEMPATH\Database\BaseConnection.php(729): CodeIgniter\Database\MySQLi\Connection->execute('SELECT *
FROM `ranking`
WHERE `id_atlet` = \'10\'
ORDER BY `tahun` DESC, `bulan` DESC')
 2 SYSTEMPATH\Database\BaseConnection.php(646): CodeIgniter\Database\BaseConnection->simpleQuery('SELECT *
FROM `ranking`
WHERE `id_atlet` = \'10\'
ORDER BY `tahun` DESC, `bulan` DESC')
 3 SYSTEMPATH\Database\BaseBuilder.php(1649): CodeIgniter\Database\BaseConnection->query('SELECT *
FROM `ranking`
WHERE `id_atlet` = :id_atlet:
ORDER BY `tahun` DESC, `bulan` DESC', [...], false)
 4 SYSTEMPATH\Model.php(286): CodeIgniter\Database\BaseBuilder->get()
 5 SYSTEMPATH\BaseModel.php(677): CodeIgniter\Model->doFindAll(0, 0)
 6 APPPATH\Controllers\User\AtletDashboard.php(228): CodeIgniter\BaseModel->findAll()
 7 SYSTEMPATH\CodeIgniter.php(933): App\Controllers\User\AtletDashboard->rankingPribadi()
 8 SYSTEMPATH\CodeIgniter.php(507): CodeIgniter\CodeIgniter->runController(Object(App\Controllers\User\AtletDashboard))
 9 SYSTEMPATH\CodeIgniter.php(354): CodeIgniter\CodeIgniter->handleRequest(null, Object(Config\Cache), false)
10 SYSTEMPATH\Boot.php(363): CodeIgniter\CodeIgniter->run()
11 SYSTEMPATH\Boot.php(68): CodeIgniter\Boot::runCodeIgniter(Object(CodeIgniter\CodeIgniter))
12 FCPATH\index.php(59): CodeIgniter\Boot::bootWeb(Object(Config\Paths))
13 SYSTEMPATH\rewrite.php(44): require_once('C:\\laragon\\www\\ptmsi-sumbar\\public\\index.php')
CRITICAL - 2025-12-22 08:45:40 --> [Caused by] mysqli_sql_exception: Unknown column 'tahun' in 'order clause'
in SYSTEMPATH\Database\MySQLi\Connection.php on line 327.
 1 SYSTEMPATH\Database\MySQLi\Connection.php(327): mysqli->query('SELECT *
FROM `ranking`
WHERE `id_atlet` = \'10\'
ORDER BY `tahun` DESC, `bulan` DESC', 0)
 2 SYSTEMPATH\Database\BaseConnection.php(729): CodeIgniter\Database\MySQLi\Connection->execute('SELECT *
FROM `ranking`
WHERE `id_atlet` = \'10\'
ORDER BY `tahun` DESC, `bulan` DESC')
 3 SYSTEMPATH\Database\BaseConnection.php(646): CodeIgniter\Database\BaseConnection->simpleQuery('SELECT *
FROM `ranking`
WHERE `id_atlet` = \'10\'
ORDER BY `tahun` DESC, `bulan` DESC')
 4 SYSTEMPATH\Database\BaseBuilder.php(1649): CodeIgniter\Database\BaseConnection->query('SELECT *
FROM `ranking`
WHERE `id_atlet` = :id_atlet:
ORDER BY `tahun` DESC, `bulan` DESC', [...], false)
 5 SYSTEMPATH\Model.php(286): CodeIgniter\Database\BaseBuilder->get()
 6 SYSTEMPATH\BaseModel.php(677): CodeIgniter\Model->doFindAll(0, 0)
 7 APPPATH\Controllers\User\AtletDashboard.php(228): CodeIgniter\BaseModel->findAll()
 8 SYSTEMPATH\CodeIgniter.php(933): App\Controllers\User\AtletDashboard->rankingPribadi()
 9 SYSTEMPATH\CodeIgniter.php(507): CodeIgniter\CodeIgniter->runController(Object(App\Controllers\User\AtletDashboard))
10 SYSTEMPATH\CodeIgniter.php(354): CodeIgniter\CodeIgniter->handleRequest(null, Object(Config\Cache), false)
11 SYSTEMPATH\Boot.php(363): CodeIgniter\CodeIgniter->run()
12 SYSTEMPATH\Boot.php(68): CodeIgniter\Boot::runCodeIgniter(Object(CodeIgniter\CodeIgniter))
13 FCPATH\index.php(59): CodeIgniter\Boot::bootWeb(Object(Config\Paths))
14 SYSTEMPATH\rewrite.php(44): require_once('C:\\laragon\\www\\ptmsi-sumbar\\public\\index.php')
DEBUG - 2025-12-22 08:45:42 --> Session: Class initialized using 'CodeIgniter\Session\Handlers\FileHandler' driver.
DEBUG - 2025-12-22 08:45:50 --> Session: Class initialized using 'CodeIgniter\Session\Handlers\FileHandler' driver.
DEBUG - 2025-12-22 08:46:35 --> Session: Class initialized using 'CodeIgniter\Session\Handlers\FileHandler' driver.
DEBUG - 2025-12-22 08:46:39 --> Session: Class initialized using 'CodeIgniter\Session\Handlers\FileHandler' driver.
DEBUG - 2025-12-22 08:46:46 --> Session: Class initialized using 'CodeIgniter\Session\Handlers\FileHandler' driver.
DEBUG - 2025-12-22 08:46:59 --> Session: Class initialized using 'CodeIgniter\Session\Handlers\FileHandler' driver.
DEBUG - 2025-12-22 08:47:01 --> Session: Class initialized using 'CodeIgniter\Session\Handlers\FileHandler' driver.
