ERROR - 2025-12-04 12:20:46 --> Error connecting to the database: mysqli_sql_exception: No connection could be made because the target machine actively refused it in C:\laragon\www\ptmsi-sumbar\system\Database\MySQLi\Connection.php:201
Stack trace:
#0 C:\laragon\www\ptmsi-sumbar\system\Database\MySQLi\Connection.php(201): mysqli->real_connect('localhost', '', Object(SensitiveParameterValue), '', 3306, '', 0)
#1 C:\laragon\www\ptmsi-sumbar\system\Database\BaseConnection.php(419): CodeIgniter\Database\MySQLi\Connection->connect(false)
#2 C:\laragon\www\ptmsi-sumbar\system\Database\BaseConnection.php(614): CodeIgniter\Database\BaseConnection->initialize()
#3 C:\laragon\www\ptmsi-sumbar\system\Database\BaseConnection.php(1525): CodeIgniter\Database\BaseConnection->query('SHOW TABLES FRO...')
#4 C:\laragon\www\ptmsi-sumbar\system\Database\BaseConnection.php(1545): CodeIgniter\Database\BaseConnection->listTables()
#5 C:\laragon\www\ptmsi-sumbar\system\Database\MigrationRunner.php(768): CodeIgniter\Database\BaseConnection->tableExists('migrations')
#6 C:\laragon\www\ptmsi-sumbar\system\Database\MigrationRunner.php(162): CodeIgniter\Database\MigrationRunner->ensureTable()
#7 C:\laragon\www\ptmsi-sumbar\system\Commands\Database\Migrate.php(85): CodeIgniter\Database\MigrationRunner->latest(NULL)
#8 C:\laragon\www\ptmsi-sumbar\system\CLI\Commands.php(74): CodeIgniter\Commands\Database\Migrate->run(Array)
#9 C:\laragon\www\ptmsi-sumbar\system\CLI\Console.php(47): CodeIgniter\CLI\Commands->run('migrate', Array)
#10 C:\laragon\www\ptmsi-sumbar\system\Boot.php(388): CodeIgniter\CLI\Console->run()
#11 C:\laragon\www\ptmsi-sumbar\system\Boot.php(133): CodeIgniter\Boot::runCommand(Object(CodeIgniter\CLI\Console))
#12 C:\laragon\www\ptmsi-sumbar\spark(87): CodeIgniter\Boot::bootSpark(Object(Config\Paths))
#13 {main}

Next CodeIgniter\Database\Exceptions\DatabaseException: No connection could be made because the target machine actively refused it in C:\laragon\www\ptmsi-sumbar\system\Database\MySQLi\Connection.php:246
Stack trace:
#0 C:\laragon\www\ptmsi-sumbar\system\Database\BaseConnection.php(419): CodeIgniter\Database\MySQLi\Connection->connect(false)
#1 C:\laragon\www\ptmsi-sumbar\system\Database\BaseConnection.php(614): CodeIgniter\Database\BaseConnection->initialize()
#2 C:\laragon\www\ptmsi-sumbar\system\Database\BaseConnection.php(1525): CodeIgniter\Database\BaseConnection->query('SHOW TABLES FRO...')
#3 C:\laragon\www\ptmsi-sumbar\system\Database\BaseConnection.php(1545): CodeIgniter\Database\BaseConnection->listTables()
#4 C:\laragon\www\ptmsi-sumbar\system\Database\MigrationRunner.php(768): CodeIgniter\Database\BaseConnection->tableExists('migrations')
#5 C:\laragon\www\ptmsi-sumbar\system\Database\MigrationRunner.php(162): CodeIgniter\Database\MigrationRunner->ensureTable()
#6 C:\laragon\www\ptmsi-sumbar\system\Commands\Database\Migrate.php(85): CodeIgniter\Database\MigrationRunner->latest(NULL)
#7 C:\laragon\www\ptmsi-sumbar\system\CLI\Commands.php(74): CodeIgniter\Commands\Database\Migrate->run(Array)
#8 C:\laragon\www\ptmsi-sumbar\system\CLI\Console.php(47): CodeIgniter\CLI\Commands->run('migrate', Array)
#9 C:\laragon\www\ptmsi-sumbar\system\Boot.php(388): CodeIgniter\CLI\Console->run()
#10 C:\laragon\www\ptmsi-sumbar\system\Boot.php(133): CodeIgniter\Boot::runCommand(Object(CodeIgniter\CLI\Console))
#11 C:\laragon\www\ptmsi-sumbar\spark(87): CodeIgniter\Boot::bootSpark(Object(Config\Paths))
#12 {main}
ERROR - 2025-12-04 12:23:16 --> mysqli_sql_exception: You have an error in your SQL syntax; check the manual that corresponds to your MySQL server version for the right syntax to use near '' at line 1 in C:\laragon\www\ptmsi-sumbar\system\Database\MySQLi\Connection.php:327
Stack trace:
#0 C:\laragon\www\ptmsi-sumbar\system\Database\MySQLi\Connection.php(327): mysqli->query('SHOW TABLES FRO...', 0)
#1 C:\laragon\www\ptmsi-sumbar\system\Database\BaseConnection.php(729): CodeIgniter\Database\MySQLi\Connection->execute('SHOW TABLES FRO...')
#2 C:\laragon\www\ptmsi-sumbar\system\Database\BaseConnection.php(646): CodeIgniter\Database\BaseConnection->simpleQuery('SHOW TABLES FRO...')
#3 C:\laragon\www\ptmsi-sumbar\system\Database\BaseConnection.php(1525): CodeIgniter\Database\BaseConnection->query('SHOW TABLES FRO...')
#4 C:\laragon\www\ptmsi-sumbar\system\Database\BaseConnection.php(1545): CodeIgniter\Database\BaseConnection->listTables()
#5 C:\laragon\www\ptmsi-sumbar\system\Database\MigrationRunner.php(768): CodeIgniter\Database\BaseConnection->tableExists('migrations')
#6 C:\laragon\www\ptmsi-sumbar\system\Database\MigrationRunner.php(162): CodeIgniter\Database\MigrationRunner->ensureTable()
#7 C:\laragon\www\ptmsi-sumbar\system\Commands\Database\Migrate.php(85): CodeIgniter\Database\MigrationRunner->latest(NULL)
#8 C:\laragon\www\ptmsi-sumbar\system\CLI\Commands.php(74): CodeIgniter\Commands\Database\Migrate->run(Array)
#9 C:\laragon\www\ptmsi-sumbar\system\CLI\Console.php(47): CodeIgniter\CLI\Commands->run('migrate', Array)
#10 C:\laragon\www\ptmsi-sumbar\system\Boot.php(388): CodeIgniter\CLI\Console->run()
#11 C:\laragon\www\ptmsi-sumbar\system\Boot.php(133): CodeIgniter\Boot::runCommand(Object(CodeIgniter\CLI\Console))
#12 C:\laragon\www\ptmsi-sumbar\spark(87): CodeIgniter\Boot::bootSpark(Object(Config\Paths))
#13 {main}
ERROR - 2025-12-04 12:24:24 --> mysqli_sql_exception: You have an error in your SQL syntax; check the manual that corresponds to your MySQL server version for the right syntax to use near '' at line 1 in C:\laragon\www\ptmsi-sumbar\system\Database\MySQLi\Connection.php:327
Stack trace:
#0 C:\laragon\www\ptmsi-sumbar\system\Database\MySQLi\Connection.php(327): mysqli->query('SHOW TABLES FRO...', 0)
#1 C:\laragon\www\ptmsi-sumbar\system\Database\BaseConnection.php(729): CodeIgniter\Database\MySQLi\Connection->execute('SHOW TABLES FRO...')
#2 C:\laragon\www\ptmsi-sumbar\system\Database\BaseConnection.php(646): CodeIgniter\Database\BaseConnection->simpleQuery('SHOW TABLES FRO...')
#3 C:\laragon\www\ptmsi-sumbar\system\Database\BaseConnection.php(1525): CodeIgniter\Database\BaseConnection->query('SHOW TABLES FRO...')
#4 C:\laragon\www\ptmsi-sumbar\system\Database\BaseConnection.php(1545): CodeIgniter\Database\BaseConnection->listTables()
#5 C:\laragon\www\ptmsi-sumbar\system\Database\MigrationRunner.php(768): CodeIgniter\Database\BaseConnection->tableExists('migrations')
#6 C:\laragon\www\ptmsi-sumbar\system\Database\MigrationRunner.php(162): CodeIgniter\Database\MigrationRunner->ensureTable()
#7 C:\laragon\www\ptmsi-sumbar\system\Commands\Database\Migrate.php(85): CodeIgniter\Database\MigrationRunner->latest(NULL)
#8 C:\laragon\www\ptmsi-sumbar\system\CLI\Commands.php(74): CodeIgniter\Commands\Database\Migrate->run(Array)
#9 C:\laragon\www\ptmsi-sumbar\system\CLI\Console.php(47): CodeIgniter\CLI\Commands->run('migrate', Array)
#10 C:\laragon\www\ptmsi-sumbar\system\Boot.php(388): CodeIgniter\CLI\Console->run()
#11 C:\laragon\www\ptmsi-sumbar\system\Boot.php(133): CodeIgniter\Boot::runCommand(Object(CodeIgniter\CLI\Console))
#12 C:\laragon\www\ptmsi-sumbar\spark(87): CodeIgniter\Boot::bootSpark(Object(Config\Paths))
#13 {main}
ERROR - 2025-12-04 12:25:32 --> mysqli_sql_exception: You have an error in your SQL syntax; check the manual that corresponds to your MySQL server version for the right syntax to use near '' at line 1 in C:\laragon\www\ptmsi-sumbar\system\Database\MySQLi\Connection.php:327
Stack trace:
#0 C:\laragon\www\ptmsi-sumbar\system\Database\MySQLi\Connection.php(327): mysqli->query('SHOW TABLES FRO...', 0)
#1 C:\laragon\www\ptmsi-sumbar\system\Database\BaseConnection.php(729): CodeIgniter\Database\MySQLi\Connection->execute('SHOW TABLES FRO...')
#2 C:\laragon\www\ptmsi-sumbar\system\Database\BaseConnection.php(646): CodeIgniter\Database\BaseConnection->simpleQuery('SHOW TABLES FRO...')
#3 C:\laragon\www\ptmsi-sumbar\system\Database\BaseConnection.php(1525): CodeIgniter\Database\BaseConnection->query('SHOW TABLES FRO...')
#4 C:\laragon\www\ptmsi-sumbar\system\Database\BaseConnection.php(1545): CodeIgniter\Database\BaseConnection->listTables()
#5 C:\laragon\www\ptmsi-sumbar\system\Database\MigrationRunner.php(768): CodeIgniter\Database\BaseConnection->tableExists('migrations')
#6 C:\laragon\www\ptmsi-sumbar\system\Database\MigrationRunner.php(162): CodeIgniter\Database\MigrationRunner->ensureTable()
#7 C:\laragon\www\ptmsi-sumbar\system\Commands\Database\Migrate.php(85): CodeIgniter\Database\MigrationRunner->latest(NULL)
#8 C:\laragon\www\ptmsi-sumbar\system\CLI\Commands.php(74): CodeIgniter\Commands\Database\Migrate->run(Array)
#9 C:\laragon\www\ptmsi-sumbar\system\CLI\Console.php(47): CodeIgniter\CLI\Commands->run('migrate', Array)
#10 C:\laragon\www\ptmsi-sumbar\system\Boot.php(388): CodeIgniter\CLI\Console->run()
#11 C:\laragon\www\ptmsi-sumbar\system\Boot.php(133): CodeIgniter\Boot::runCommand(Object(CodeIgniter\CLI\Console))
#12 C:\laragon\www\ptmsi-sumbar\spark(87): CodeIgniter\Boot::bootSpark(Object(Config\Paths))
#13 {main}
ERROR - 2025-12-04 12:27:00 --> mysqli_sql_exception: You have an error in your SQL syntax; check the manual that corresponds to your MySQL server version for the right syntax to use near '' at line 1 in C:\laragon\www\ptmsi-sumbar\system\Database\MySQLi\Connection.php:327
Stack trace:
#0 C:\laragon\www\ptmsi-sumbar\system\Database\MySQLi\Connection.php(327): mysqli->query('SHOW TABLES FRO...', 0)
#1 C:\laragon\www\ptmsi-sumbar\system\Database\BaseConnection.php(729): CodeIgniter\Database\MySQLi\Connection->execute('SHOW TABLES FRO...')
#2 C:\laragon\www\ptmsi-sumbar\system\Database\BaseConnection.php(646): CodeIgniter\Database\BaseConnection->simpleQuery('SHOW TABLES FRO...')
#3 C:\laragon\www\ptmsi-sumbar\system\Database\BaseConnection.php(1525): CodeIgniter\Database\BaseConnection->query('SHOW TABLES FRO...')
#4 C:\laragon\www\ptmsi-sumbar\system\Database\BaseConnection.php(1545): CodeIgniter\Database\BaseConnection->listTables()
#5 C:\laragon\www\ptmsi-sumbar\system\Database\MigrationRunner.php(768): CodeIgniter\Database\BaseConnection->tableExists('migrations')
#6 C:\laragon\www\ptmsi-sumbar\system\Database\MigrationRunner.php(162): CodeIgniter\Database\MigrationRunner->ensureTable()
#7 C:\laragon\www\ptmsi-sumbar\system\Commands\Database\Migrate.php(85): CodeIgniter\Database\MigrationRunner->latest(NULL)
#8 C:\laragon\www\ptmsi-sumbar\system\CLI\Commands.php(74): CodeIgniter\Commands\Database\Migrate->run(Array)
#9 C:\laragon\www\ptmsi-sumbar\system\CLI\Console.php(47): CodeIgniter\CLI\Commands->run('migrate', Array)
#10 C:\laragon\www\ptmsi-sumbar\system\Boot.php(388): CodeIgniter\CLI\Console->run()
#11 C:\laragon\www\ptmsi-sumbar\system\Boot.php(133): CodeIgniter\Boot::runCommand(Object(CodeIgniter\CLI\Console))
#12 C:\laragon\www\ptmsi-sumbar\spark(87): CodeIgniter\Boot::bootSpark(Object(Config\Paths))
#13 {main}
ERROR - 2025-12-04 12:28:09 --> mysqli_sql_exception: You have an error in your SQL syntax; check the manual that corresponds to your MySQL server version for the right syntax to use near '' at line 1 in C:\laragon\www\ptmsi-sumbar\system\Database\MySQLi\Connection.php:327
Stack trace:
#0 C:\laragon\www\ptmsi-sumbar\system\Database\MySQLi\Connection.php(327): mysqli->query('SHOW TABLES FRO...', 0)
#1 C:\laragon\www\ptmsi-sumbar\system\Database\BaseConnection.php(729): CodeIgniter\Database\MySQLi\Connection->execute('SHOW TABLES FRO...')
#2 C:\laragon\www\ptmsi-sumbar\system\Database\BaseConnection.php(646): CodeIgniter\Database\BaseConnection->simpleQuery('SHOW TABLES FRO...')
#3 C:\laragon\www\ptmsi-sumbar\system\Database\BaseConnection.php(1525): CodeIgniter\Database\BaseConnection->query('SHOW TABLES FRO...')
#4 C:\laragon\www\ptmsi-sumbar\system\Database\BaseConnection.php(1545): CodeIgniter\Database\BaseConnection->listTables()
#5 C:\laragon\www\ptmsi-sumbar\system\Database\MigrationRunner.php(768): CodeIgniter\Database\BaseConnection->tableExists('migrations')
#6 C:\laragon\www\ptmsi-sumbar\system\Database\MigrationRunner.php(162): CodeIgniter\Database\MigrationRunner->ensureTable()
#7 C:\laragon\www\ptmsi-sumbar\system\Commands\Database\Migrate.php(85): CodeIgniter\Database\MigrationRunner->latest(NULL)
#8 C:\laragon\www\ptmsi-sumbar\system\CLI\Commands.php(74): CodeIgniter\Commands\Database\Migrate->run(Array)
#9 C:\laragon\www\ptmsi-sumbar\system\CLI\Console.php(47): CodeIgniter\CLI\Commands->run('migrate', Array)
#10 C:\laragon\www\ptmsi-sumbar\system\Boot.php(388): CodeIgniter\CLI\Console->run()
#11 C:\laragon\www\ptmsi-sumbar\system\Boot.php(133): CodeIgniter\Boot::runCommand(Object(CodeIgniter\CLI\Console))
#12 C:\laragon\www\ptmsi-sumbar\spark(87): CodeIgniter\Boot::bootSpark(Object(Config\Paths))
#13 {main}
ERROR - 2025-12-04 12:30:03 --> mysqli_sql_exception: You have an error in your SQL syntax; check the manual that corresponds to your MySQL server version for the right syntax to use near '' at line 1 in C:\laragon\www\ptmsi-sumbar\system\Database\MySQLi\Connection.php:327
Stack trace:
#0 C:\laragon\www\ptmsi-sumbar\system\Database\MySQLi\Connection.php(327): mysqli->query('SHOW TABLES FRO...', 0)
#1 C:\laragon\www\ptmsi-sumbar\system\Database\BaseConnection.php(729): CodeIgniter\Database\MySQLi\Connection->execute('SHOW TABLES FRO...')
#2 C:\laragon\www\ptmsi-sumbar\system\Database\BaseConnection.php(646): CodeIgniter\Database\BaseConnection->simpleQuery('SHOW TABLES FRO...')
#3 C:\laragon\www\ptmsi-sumbar\system\Database\BaseConnection.php(1525): CodeIgniter\Database\BaseConnection->query('SHOW TABLES FRO...')
#4 C:\laragon\www\ptmsi-sumbar\system\Database\BaseConnection.php(1545): CodeIgniter\Database\BaseConnection->listTables()
#5 C:\laragon\www\ptmsi-sumbar\system\Database\MigrationRunner.php(768): CodeIgniter\Database\BaseConnection->tableExists('migrations')
#6 C:\laragon\www\ptmsi-sumbar\system\Database\MigrationRunner.php(162): CodeIgniter\Database\MigrationRunner->ensureTable()
#7 C:\laragon\www\ptmsi-sumbar\system\Commands\Database\Migrate.php(85): CodeIgniter\Database\MigrationRunner->latest(NULL)
#8 C:\laragon\www\ptmsi-sumbar\system\CLI\Commands.php(74): CodeIgniter\Commands\Database\Migrate->run(Array)
#9 C:\laragon\www\ptmsi-sumbar\system\CLI\Console.php(47): CodeIgniter\CLI\Commands->run('migrate', Array)
#10 C:\laragon\www\ptmsi-sumbar\system\Boot.php(388): CodeIgniter\CLI\Console->run()
#11 C:\laragon\www\ptmsi-sumbar\system\Boot.php(133): CodeIgniter\Boot::runCommand(Object(CodeIgniter\CLI\Console))
#12 C:\laragon\www\ptmsi-sumbar\spark(87): CodeIgniter\Boot::bootSpark(Object(Config\Paths))
#13 {main}
ERROR - 2025-12-04 12:30:59 --> mysqli_sql_exception: You have an error in your SQL syntax; check the manual that corresponds to your MySQL server version for the right syntax to use near '' at line 1 in C:\laragon\www\ptmsi-sumbar\system\Database\MySQLi\Connection.php:327
Stack trace:
#0 C:\laragon\www\ptmsi-sumbar\system\Database\MySQLi\Connection.php(327): mysqli->query('SHOW TABLES FRO...', 0)
#1 C:\laragon\www\ptmsi-sumbar\system\Database\BaseConnection.php(729): CodeIgniter\Database\MySQLi\Connection->execute('SHOW TABLES FRO...')
#2 C:\laragon\www\ptmsi-sumbar\system\Database\BaseConnection.php(646): CodeIgniter\Database\BaseConnection->simpleQuery('SHOW TABLES FRO...')
#3 C:\laragon\www\ptmsi-sumbar\system\Database\BaseConnection.php(1525): CodeIgniter\Database\BaseConnection->query('SHOW TABLES FRO...')
#4 C:\laragon\www\ptmsi-sumbar\system\Database\BaseConnection.php(1545): CodeIgniter\Database\BaseConnection->listTables()
#5 C:\laragon\www\ptmsi-sumbar\system\Database\MigrationRunner.php(768): CodeIgniter\Database\BaseConnection->tableExists('migrations')
#6 C:\laragon\www\ptmsi-sumbar\system\Database\MigrationRunner.php(162): CodeIgniter\Database\MigrationRunner->ensureTable()
#7 C:\laragon\www\ptmsi-sumbar\system\Commands\Database\Migrate.php(85): CodeIgniter\Database\MigrationRunner->latest(NULL)
#8 C:\laragon\www\ptmsi-sumbar\system\CLI\Commands.php(74): CodeIgniter\Commands\Database\Migrate->run(Array)
#9 C:\laragon\www\ptmsi-sumbar\system\CLI\Console.php(47): CodeIgniter\CLI\Commands->run('migrate', Array)
#10 C:\laragon\www\ptmsi-sumbar\system\Boot.php(388): CodeIgniter\CLI\Console->run()
#11 C:\laragon\www\ptmsi-sumbar\system\Boot.php(133): CodeIgniter\Boot::runCommand(Object(CodeIgniter\CLI\Console))
#12 C:\laragon\www\ptmsi-sumbar\spark(87): CodeIgniter\Boot::bootSpark(Object(Config\Paths))
#13 {main}
ERROR - 2025-12-04 12:31:37 --> mysqli_sql_exception: You have an error in your SQL syntax; check the manual that corresponds to your MySQL server version for the right syntax to use near '' at line 1 in C:\laragon\www\ptmsi-sumbar\system\Database\MySQLi\Connection.php:327
Stack trace:
#0 C:\laragon\www\ptmsi-sumbar\system\Database\MySQLi\Connection.php(327): mysqli->query('SHOW TABLES FRO...', 0)
#1 C:\laragon\www\ptmsi-sumbar\system\Database\BaseConnection.php(729): CodeIgniter\Database\MySQLi\Connection->execute('SHOW TABLES FRO...')
#2 C:\laragon\www\ptmsi-sumbar\system\Database\BaseConnection.php(646): CodeIgniter\Database\BaseConnection->simpleQuery('SHOW TABLES FRO...')
#3 C:\laragon\www\ptmsi-sumbar\system\Database\BaseConnection.php(1525): CodeIgniter\Database\BaseConnection->query('SHOW TABLES FRO...')
#4 C:\laragon\www\ptmsi-sumbar\system\Database\BaseConnection.php(1545): CodeIgniter\Database\BaseConnection->listTables()
#5 C:\laragon\www\ptmsi-sumbar\system\Database\MigrationRunner.php(768): CodeIgniter\Database\BaseConnection->tableExists('migrations')
#6 C:\laragon\www\ptmsi-sumbar\system\Database\MigrationRunner.php(162): CodeIgniter\Database\MigrationRunner->ensureTable()
#7 C:\laragon\www\ptmsi-sumbar\system\Commands\Database\Migrate.php(85): CodeIgniter\Database\MigrationRunner->latest(NULL)
#8 C:\laragon\www\ptmsi-sumbar\system\CLI\Commands.php(74): CodeIgniter\Commands\Database\Migrate->run(Array)
#9 C:\laragon\www\ptmsi-sumbar\system\CLI\Console.php(47): CodeIgniter\CLI\Commands->run('migrate', Array)
#10 C:\laragon\www\ptmsi-sumbar\system\Boot.php(388): CodeIgniter\CLI\Console->run()
#11 C:\laragon\www\ptmsi-sumbar\system\Boot.php(133): CodeIgniter\Boot::runCommand(Object(CodeIgniter\CLI\Console))
#12 C:\laragon\www\ptmsi-sumbar\spark(87): CodeIgniter\Boot::bootSpark(Object(Config\Paths))
#13 {main}
ERROR - 2025-12-04 12:31:43 --> mysqli_sql_exception: You have an error in your SQL syntax; check the manual that corresponds to your MySQL server version for the right syntax to use near '' at line 1 in C:\laragon\www\ptmsi-sumbar\system\Database\MySQLi\Connection.php:327
Stack trace:
#0 C:\laragon\www\ptmsi-sumbar\system\Database\MySQLi\Connection.php(327): mysqli->query('SHOW TABLES FRO...', 0)
#1 C:\laragon\www\ptmsi-sumbar\system\Database\BaseConnection.php(729): CodeIgniter\Database\MySQLi\Connection->execute('SHOW TABLES FRO...')
#2 C:\laragon\www\ptmsi-sumbar\system\Database\BaseConnection.php(646): CodeIgniter\Database\BaseConnection->simpleQuery('SHOW TABLES FRO...')
#3 C:\laragon\www\ptmsi-sumbar\system\Database\BaseConnection.php(1525): CodeIgniter\Database\BaseConnection->query('SHOW TABLES FRO...')
#4 C:\laragon\www\ptmsi-sumbar\system\Database\BaseConnection.php(1545): CodeIgniter\Database\BaseConnection->listTables()
#5 C:\laragon\www\ptmsi-sumbar\system\Database\MigrationRunner.php(768): CodeIgniter\Database\BaseConnection->tableExists('migrations')
#6 C:\laragon\www\ptmsi-sumbar\system\Database\MigrationRunner.php(231): CodeIgniter\Database\MigrationRunner->ensureTable()
#7 C:\laragon\www\ptmsi-sumbar\system\Commands\Database\MigrateRollback.php(101): CodeIgniter\Database\MigrationRunner->regress(0)
#8 C:\laragon\www\ptmsi-sumbar\system\CLI\Commands.php(74): CodeIgniter\Commands\Database\MigrateRollback->run(Array)
#9 C:\laragon\www\ptmsi-sumbar\system\CLI\BaseCommand.php(119): CodeIgniter\CLI\Commands->run('migrate:rollbac...', Array)
#10 C:\laragon\www\ptmsi-sumbar\system\Commands\Database\MigrateRefresh.php(86): CodeIgniter\CLI\BaseCommand->call('migrate:rollbac...', Array)
#11 C:\laragon\www\ptmsi-sumbar\system\CLI\Commands.php(74): CodeIgniter\Commands\Database\MigrateRefresh->run(Array)
#12 C:\laragon\www\ptmsi-sumbar\system\CLI\Console.php(47): CodeIgniter\CLI\Commands->run('migrate:refresh', Array)
#13 C:\laragon\www\ptmsi-sumbar\system\Boot.php(388): CodeIgniter\CLI\Console->run()
#14 C:\laragon\www\ptmsi-sumbar\system\Boot.php(133): CodeIgniter\Boot::runCommand(Object(CodeIgniter\CLI\Console))
#15 C:\laragon\www\ptmsi-sumbar\spark(87): CodeIgniter\Boot::bootSpark(Object(Config\Paths))
#16 {main}
ERROR - 2025-12-04 12:31:43 --> mysqli_sql_exception: You have an error in your SQL syntax; check the manual that corresponds to your MySQL server version for the right syntax to use near '' at line 1 in C:\laragon\www\ptmsi-sumbar\system\Database\MySQLi\Connection.php:327
Stack trace:
#0 C:\laragon\www\ptmsi-sumbar\system\Database\MySQLi\Connection.php(327): mysqli->query('SHOW TABLES FRO...', 0)
#1 C:\laragon\www\ptmsi-sumbar\system\Database\BaseConnection.php(729): CodeIgniter\Database\MySQLi\Connection->execute('SHOW TABLES FRO...')
#2 C:\laragon\www\ptmsi-sumbar\system\Database\BaseConnection.php(646): CodeIgniter\Database\BaseConnection->simpleQuery('SHOW TABLES FRO...')
#3 C:\laragon\www\ptmsi-sumbar\system\Database\BaseConnection.php(1525): CodeIgniter\Database\BaseConnection->query('SHOW TABLES FRO...')
#4 C:\laragon\www\ptmsi-sumbar\system\Database\BaseConnection.php(1545): CodeIgniter\Database\BaseConnection->listTables()
#5 C:\laragon\www\ptmsi-sumbar\system\Database\MigrationRunner.php(768): CodeIgniter\Database\BaseConnection->tableExists('migrations')
#6 C:\laragon\www\ptmsi-sumbar\system\Database\MigrationRunner.php(162): CodeIgniter\Database\MigrationRunner->ensureTable()
#7 C:\laragon\www\ptmsi-sumbar\system\Commands\Database\Migrate.php(85): CodeIgniter\Database\MigrationRunner->latest(NULL)
#8 C:\laragon\www\ptmsi-sumbar\system\CLI\Commands.php(74): CodeIgniter\Commands\Database\Migrate->run(Array)
#9 C:\laragon\www\ptmsi-sumbar\system\CLI\BaseCommand.php(119): CodeIgniter\CLI\Commands->run('migrate', Array)
#10 C:\laragon\www\ptmsi-sumbar\system\Commands\Database\MigrateRefresh.php(87): CodeIgniter\CLI\BaseCommand->call('migrate', Array)
#11 C:\laragon\www\ptmsi-sumbar\system\CLI\Commands.php(74): CodeIgniter\Commands\Database\MigrateRefresh->run(Array)
#12 C:\laragon\www\ptmsi-sumbar\system\CLI\Console.php(47): CodeIgniter\CLI\Commands->run('migrate:refresh', Array)
#13 C:\laragon\www\ptmsi-sumbar\system\Boot.php(388): CodeIgniter\CLI\Console->run()
#14 C:\laragon\www\ptmsi-sumbar\system\Boot.php(133): CodeIgniter\Boot::runCommand(Object(CodeIgniter\CLI\Console))
#15 C:\laragon\www\ptmsi-sumbar\spark(87): CodeIgniter\Boot::bootSpark(Object(Config\Paths))
#16 {main}
ERROR - 2025-12-04 12:32:41 --> mysqli_sql_exception: You have an error in your SQL syntax; check the manual that corresponds to your MySQL server version for the right syntax to use near '' at line 1 in C:\laragon\www\ptmsi-sumbar\system\Database\MySQLi\Connection.php:327
Stack trace:
#0 C:\laragon\www\ptmsi-sumbar\system\Database\MySQLi\Connection.php(327): mysqli->query('SHOW TABLES FRO...', 0)
#1 C:\laragon\www\ptmsi-sumbar\system\Database\BaseConnection.php(729): CodeIgniter\Database\MySQLi\Connection->execute('SHOW TABLES FRO...')
#2 C:\laragon\www\ptmsi-sumbar\system\Database\BaseConnection.php(646): CodeIgniter\Database\BaseConnection->simpleQuery('SHOW TABLES FRO...')
#3 C:\laragon\www\ptmsi-sumbar\system\Database\BaseConnection.php(1525): CodeIgniter\Database\BaseConnection->query('SHOW TABLES FRO...')
#4 C:\laragon\www\ptmsi-sumbar\system\Database\BaseConnection.php(1545): CodeIgniter\Database\BaseConnection->listTables()
#5 C:\laragon\www\ptmsi-sumbar\system\Database\MigrationRunner.php(768): CodeIgniter\Database\BaseConnection->tableExists('migrations')
#6 C:\laragon\www\ptmsi-sumbar\system\Database\MigrationRunner.php(231): CodeIgniter\Database\MigrationRunner->ensureTable()
#7 C:\laragon\www\ptmsi-sumbar\system\Commands\Database\MigrateRollback.php(101): CodeIgniter\Database\MigrationRunner->regress(0)
#8 C:\laragon\www\ptmsi-sumbar\system\CLI\Commands.php(74): CodeIgniter\Commands\Database\MigrateRollback->run(Array)
#9 C:\laragon\www\ptmsi-sumbar\system\CLI\BaseCommand.php(119): CodeIgniter\CLI\Commands->run('migrate:rollbac...', Array)
#10 C:\laragon\www\ptmsi-sumbar\system\Commands\Database\MigrateRefresh.php(86): CodeIgniter\CLI\BaseCommand->call('migrate:rollbac...', Array)
#11 C:\laragon\www\ptmsi-sumbar\system\CLI\Commands.php(74): CodeIgniter\Commands\Database\MigrateRefresh->run(Array)
#12 C:\laragon\www\ptmsi-sumbar\system\CLI\Console.php(47): CodeIgniter\CLI\Commands->run('migrate:refresh', Array)
#13 C:\laragon\www\ptmsi-sumbar\system\Boot.php(388): CodeIgniter\CLI\Console->run()
#14 C:\laragon\www\ptmsi-sumbar\system\Boot.php(133): CodeIgniter\Boot::runCommand(Object(CodeIgniter\CLI\Console))
#15 C:\laragon\www\ptmsi-sumbar\spark(87): CodeIgniter\Boot::bootSpark(Object(Config\Paths))
#16 {main}
ERROR - 2025-12-04 12:32:41 --> mysqli_sql_exception: You have an error in your SQL syntax; check the manual that corresponds to your MySQL server version for the right syntax to use near '' at line 1 in C:\laragon\www\ptmsi-sumbar\system\Database\MySQLi\Connection.php:327
Stack trace:
#0 C:\laragon\www\ptmsi-sumbar\system\Database\MySQLi\Connection.php(327): mysqli->query('SHOW TABLES FRO...', 0)
#1 C:\laragon\www\ptmsi-sumbar\system\Database\BaseConnection.php(729): CodeIgniter\Database\MySQLi\Connection->execute('SHOW TABLES FRO...')
#2 C:\laragon\www\ptmsi-sumbar\system\Database\BaseConnection.php(646): CodeIgniter\Database\BaseConnection->simpleQuery('SHOW TABLES FRO...')
#3 C:\laragon\www\ptmsi-sumbar\system\Database\BaseConnection.php(1525): CodeIgniter\Database\BaseConnection->query('SHOW TABLES FRO...')
#4 C:\laragon\www\ptmsi-sumbar\system\Database\BaseConnection.php(1545): CodeIgniter\Database\BaseConnection->listTables()
#5 C:\laragon\www\ptmsi-sumbar\system\Database\MigrationRunner.php(768): CodeIgniter\Database\BaseConnection->tableExists('migrations')
#6 C:\laragon\www\ptmsi-sumbar\system\Database\MigrationRunner.php(162): CodeIgniter\Database\MigrationRunner->ensureTable()
#7 C:\laragon\www\ptmsi-sumbar\system\Commands\Database\Migrate.php(85): CodeIgniter\Database\MigrationRunner->latest(NULL)
#8 C:\laragon\www\ptmsi-sumbar\system\CLI\Commands.php(74): CodeIgniter\Commands\Database\Migrate->run(Array)
#9 C:\laragon\www\ptmsi-sumbar\system\CLI\BaseCommand.php(119): CodeIgniter\CLI\Commands->run('migrate', Array)
#10 C:\laragon\www\ptmsi-sumbar\system\Commands\Database\MigrateRefresh.php(87): CodeIgniter\CLI\BaseCommand->call('migrate', Array)
#11 C:\laragon\www\ptmsi-sumbar\system\CLI\Commands.php(74): CodeIgniter\Commands\Database\MigrateRefresh->run(Array)
#12 C:\laragon\www\ptmsi-sumbar\system\CLI\Console.php(47): CodeIgniter\CLI\Commands->run('migrate:refresh', Array)
#13 C:\laragon\www\ptmsi-sumbar\system\Boot.php(388): CodeIgniter\CLI\Console->run()
#14 C:\laragon\www\ptmsi-sumbar\system\Boot.php(133): CodeIgniter\Boot::runCommand(Object(CodeIgniter\CLI\Console))
#15 C:\laragon\www\ptmsi-sumbar\spark(87): CodeIgniter\Boot::bootSpark(Object(Config\Paths))
#16 {main}
ERROR - 2025-12-04 12:33:49 --> mysqli_sql_exception: Duplicate key name 'email' in C:\laragon\www\ptmsi-sumbar\system\Database\MySQLi\Connection.php:327
Stack trace:
#0 C:\laragon\www\ptmsi-sumbar\system\Database\MySQLi\Connection.php(327): mysqli->query('CREATE TABLE `u...', 0)
#1 C:\laragon\www\ptmsi-sumbar\system\Database\BaseConnection.php(729): CodeIgniter\Database\MySQLi\Connection->execute('CREATE TABLE `u...')
#2 C:\laragon\www\ptmsi-sumbar\system\Database\BaseConnection.php(646): CodeIgniter\Database\BaseConnection->simpleQuery('CREATE TABLE `u...')
#3 C:\laragon\www\ptmsi-sumbar\system\Database\Forge.php(570): CodeIgniter\Database\BaseConnection->query('CREATE TABLE `u...')
#4 C:\laragon\www\ptmsi-sumbar\app\Database\Migrations\2025-12-04-000000_CreateUsersTable.php(74): CodeIgniter\Database\Forge->createTable('users', true)
#5 C:\laragon\www\ptmsi-sumbar\system\Database\MigrationRunner.php(876): App\Database\Migrations\CreateUsersTable->up()
#6 C:\laragon\www\ptmsi-sumbar\system\Database\MigrationRunner.php(182): CodeIgniter\Database\MigrationRunner->migrate('up', Object(stdClass))
#7 C:\laragon\www\ptmsi-sumbar\system\Commands\Database\Migrate.php(85): CodeIgniter\Database\MigrationRunner->latest(NULL)
#8 C:\laragon\www\ptmsi-sumbar\system\CLI\Commands.php(74): CodeIgniter\Commands\Database\Migrate->run(Array)
#9 C:\laragon\www\ptmsi-sumbar\system\CLI\BaseCommand.php(119): CodeIgniter\CLI\Commands->run('migrate', Array)
#10 C:\laragon\www\ptmsi-sumbar\system\Commands\Database\MigrateRefresh.php(87): CodeIgniter\CLI\BaseCommand->call('migrate', Array)
#11 C:\laragon\www\ptmsi-sumbar\system\CLI\Commands.php(74): CodeIgniter\Commands\Database\MigrateRefresh->run(Array)
#12 C:\laragon\www\ptmsi-sumbar\system\CLI\Console.php(47): CodeIgniter\CLI\Commands->run('migrate:refresh', Array)
#13 C:\laragon\www\ptmsi-sumbar\system\Boot.php(388): CodeIgniter\CLI\Console->run()
#14 C:\laragon\www\ptmsi-sumbar\system\Boot.php(133): CodeIgniter\Boot::runCommand(Object(CodeIgniter\CLI\Console))
#15 C:\laragon\www\ptmsi-sumbar\spark(87): CodeIgniter\Boot::bootSpark(Object(Config\Paths))
#16 {main}
ERROR - 2025-12-04 12:35:45 --> mysqli_sql_exception: You have an error in your SQL syntax; check the manual that corresponds to your MySQL server version for the right syntax to use near '),
	UNIQUE KEY `email` (`email`),
	UNIQUE KEY `id_user` (`id_user`)
) DEFAULT CH' at line 12 in C:\laragon\www\ptmsi-sumbar\system\Database\MySQLi\Connection.php:327
Stack trace:
#0 C:\laragon\www\ptmsi-sumbar\system\Database\MySQLi\Connection.php(327): mysqli->query('CREATE TABLE `u...', 0)
#1 C:\laragon\www\ptmsi-sumbar\system\Database\BaseConnection.php(729): CodeIgniter\Database\MySQLi\Connection->execute('CREATE TABLE `u...')
#2 C:\laragon\www\ptmsi-sumbar\system\Database\BaseConnection.php(646): CodeIgniter\Database\BaseConnection->simpleQuery('CREATE TABLE `u...')
#3 C:\laragon\www\ptmsi-sumbar\system\Database\Forge.php(570): CodeIgniter\Database\BaseConnection->query('CREATE TABLE `u...')
#4 C:\laragon\www\ptmsi-sumbar\app\Database\Migrations\2025-12-04-000000_CreateUsersTable.php(69): CodeIgniter\Database\Forge->createTable('user')
#5 C:\laragon\www\ptmsi-sumbar\system\Database\MigrationRunner.php(876): App\Database\Migrations\CreateUserTable->up()
#6 C:\laragon\www\ptmsi-sumbar\system\Database\MigrationRunner.php(182): CodeIgniter\Database\MigrationRunner->migrate('up', Object(stdClass))
#7 C:\laragon\www\ptmsi-sumbar\system\Commands\Database\Migrate.php(85): CodeIgniter\Database\MigrationRunner->latest(NULL)
#8 C:\laragon\www\ptmsi-sumbar\system\CLI\Commands.php(74): CodeIgniter\Commands\Database\Migrate->run(Array)
#9 C:\laragon\www\ptmsi-sumbar\system\CLI\BaseCommand.php(119): CodeIgniter\CLI\Commands->run('migrate', Array)
#10 C:\laragon\www\ptmsi-sumbar\system\Commands\Database\MigrateRefresh.php(87): CodeIgniter\CLI\BaseCommand->call('migrate', Array)
#11 C:\laragon\www\ptmsi-sumbar\system\CLI\Commands.php(74): CodeIgniter\Commands\Database\MigrateRefresh->run(Array)
#12 C:\laragon\www\ptmsi-sumbar\system\CLI\Console.php(47): CodeIgniter\CLI\Commands->run('migrate:refresh', Array)
#13 C:\laragon\www\ptmsi-sumbar\system\Boot.php(388): CodeIgniter\CLI\Console->run()
#14 C:\laragon\www\ptmsi-sumbar\system\Boot.php(133): CodeIgniter\Boot::runCommand(Object(CodeIgniter\CLI\Console))
#15 C:\laragon\www\ptmsi-sumbar\spark(87): CodeIgniter\Boot::bootSpark(Object(Config\Paths))
#16 {main}
ERROR - 2025-12-04 12:52:53 --> mysqli_sql_exception: Can't create table 'ptmsi_sumbar.event' (errno: 150) in C:\laragon\www\ptmsi-sumbar\system\Database\MySQLi\Connection.php:327
Stack trace:
#0 C:\laragon\www\ptmsi-sumbar\system\Database\MySQLi\Connection.php(327): mysqli->query('CREATE TABLE `e...', 0)
#1 C:\laragon\www\ptmsi-sumbar\system\Database\BaseConnection.php(729): CodeIgniter\Database\MySQLi\Connection->execute('CREATE TABLE `e...')
#2 C:\laragon\www\ptmsi-sumbar\system\Database\BaseConnection.php(646): CodeIgniter\Database\BaseConnection->simpleQuery('CREATE TABLE `e...')
#3 C:\laragon\www\ptmsi-sumbar\system\Database\Forge.php(570): CodeIgniter\Database\BaseConnection->query('CREATE TABLE `e...')
#4 C:\laragon\www\ptmsi-sumbar\app\Database\Migrations\2025-12-04-000005_CreateEventTable.php(61): CodeIgniter\Database\Forge->createTable('event')
#5 C:\laragon\www\ptmsi-sumbar\system\Database\MigrationRunner.php(876): App\Database\Migrations\CreateEventTable->up()
#6 C:\laragon\www\ptmsi-sumbar\system\Database\MigrationRunner.php(182): CodeIgniter\Database\MigrationRunner->migrate('up', Object(stdClass))
#7 C:\laragon\www\ptmsi-sumbar\system\Commands\Database\Migrate.php(85): CodeIgniter\Database\MigrationRunner->latest(NULL)
#8 C:\laragon\www\ptmsi-sumbar\system\CLI\Commands.php(74): CodeIgniter\Commands\Database\Migrate->run(Array)
#9 C:\laragon\www\ptmsi-sumbar\system\CLI\Console.php(47): CodeIgniter\CLI\Commands->run('migrate', Array)
#10 C:\laragon\www\ptmsi-sumbar\system\Boot.php(388): CodeIgniter\CLI\Console->run()
#11 C:\laragon\www\ptmsi-sumbar\system\Boot.php(133): CodeIgniter\Boot::runCommand(Object(CodeIgniter\CLI\Console))
#12 C:\laragon\www\ptmsi-sumbar\spark(87): CodeIgniter\Boot::bootSpark(Object(Config\Paths))
#13 {main}
ERROR - 2025-12-04 23:39:33 --> mysqli_sql_exception: Can't create table 'ptmsi_sumbar.hasil' (errno: 150) in C:\laragon\www\ptmsi-sumbar\system\Database\MySQLi\Connection.php:327
Stack trace:
#0 C:\laragon\www\ptmsi-sumbar\system\Database\MySQLi\Connection.php(327): mysqli->query('CREATE TABLE `h...', 0)
#1 C:\laragon\www\ptmsi-sumbar\system\Database\BaseConnection.php(729): CodeIgniter\Database\MySQLi\Connection->execute('CREATE TABLE `h...')
#2 C:\laragon\www\ptmsi-sumbar\system\Database\BaseConnection.php(646): CodeIgniter\Database\BaseConnection->simpleQuery('CREATE TABLE `h...')
#3 C:\laragon\www\ptmsi-sumbar\system\Database\Forge.php(570): CodeIgniter\Database\BaseConnection->query('CREATE TABLE `h...')
#4 C:\laragon\www\ptmsi-sumbar\app\Database\Migrations\2025-12-05-000009_CreateHasilTable.php(48): CodeIgniter\Database\Forge->createTable('hasil')
#5 C:\laragon\www\ptmsi-sumbar\system\Database\MigrationRunner.php(876): App\Database\Migrations\CreateHasilTable->up()
#6 C:\laragon\www\ptmsi-sumbar\system\Database\MigrationRunner.php(182): CodeIgniter\Database\MigrationRunner->migrate('up', Object(stdClass))
#7 C:\laragon\www\ptmsi-sumbar\system\Commands\Database\Migrate.php(85): CodeIgniter\Database\MigrationRunner->latest(NULL)
#8 C:\laragon\www\ptmsi-sumbar\system\CLI\Commands.php(74): CodeIgniter\Commands\Database\Migrate->run(Array)
#9 C:\laragon\www\ptmsi-sumbar\system\CLI\Console.php(47): CodeIgniter\CLI\Commands->run('migrate', Array)
#10 C:\laragon\www\ptmsi-sumbar\system\Boot.php(388): CodeIgniter\CLI\Console->run()
#11 C:\laragon\www\ptmsi-sumbar\system\Boot.php(133): CodeIgniter\Boot::runCommand(Object(CodeIgniter\CLI\Console))
#12 C:\laragon\www\ptmsi-sumbar\spark(87): CodeIgniter\Boot::bootSpark(Object(Config\Paths))
#13 {main}
ERROR - 2025-12-04 23:40:11 --> mysqli_sql_exception: Can't create table 'ptmsi_sumbar.hasil' (errno: 150) in C:\laragon\www\ptmsi-sumbar\system\Database\MySQLi\Connection.php:327
Stack trace:
#0 C:\laragon\www\ptmsi-sumbar\system\Database\MySQLi\Connection.php(327): mysqli->query('CREATE TABLE `h...', 0)
#1 C:\laragon\www\ptmsi-sumbar\system\Database\BaseConnection.php(729): CodeIgniter\Database\MySQLi\Connection->execute('CREATE TABLE `h...')
#2 C:\laragon\www\ptmsi-sumbar\system\Database\BaseConnection.php(646): CodeIgniter\Database\BaseConnection->simpleQuery('CREATE TABLE `h...')
#3 C:\laragon\www\ptmsi-sumbar\system\Database\Forge.php(570): CodeIgniter\Database\BaseConnection->query('CREATE TABLE `h...')
#4 C:\laragon\www\ptmsi-sumbar\app\Database\Migrations\2025-12-05-000009_CreateHasilTable.php(48): CodeIgniter\Database\Forge->createTable('hasil')
#5 C:\laragon\www\ptmsi-sumbar\system\Database\MigrationRunner.php(876): App\Database\Migrations\CreateHasilTable->up()
#6 C:\laragon\www\ptmsi-sumbar\system\Database\MigrationRunner.php(182): CodeIgniter\Database\MigrationRunner->migrate('up', Object(stdClass))
#7 C:\laragon\www\ptmsi-sumbar\system\Commands\Database\Migrate.php(85): CodeIgniter\Database\MigrationRunner->latest(NULL)
#8 C:\laragon\www\ptmsi-sumbar\system\CLI\Commands.php(74): CodeIgniter\Commands\Database\Migrate->run(Array)
#9 C:\laragon\www\ptmsi-sumbar\system\CLI\Console.php(47): CodeIgniter\CLI\Commands->run('migrate', Array)
#10 C:\laragon\www\ptmsi-sumbar\system\Boot.php(388): CodeIgniter\CLI\Console->run()
#11 C:\laragon\www\ptmsi-sumbar\system\Boot.php(133): CodeIgniter\Boot::runCommand(Object(CodeIgniter\CLI\Console))
#12 C:\laragon\www\ptmsi-sumbar\spark(87): CodeIgniter\Boot::bootSpark(Object(Config\Paths))
#13 {main}
ERROR - 2025-12-04 23:41:38 --> mysqli_sql_exception: Incorrect table definition; there can be only one auto column and it must be defined as a key in C:\laragon\www\ptmsi-sumbar\system\Database\MySQLi\Connection.php:327
Stack trace:
#0 C:\laragon\www\ptmsi-sumbar\system\Database\MySQLi\Connection.php(327): mysqli->query('CREATE TABLE `h...', 0)
#1 C:\laragon\www\ptmsi-sumbar\system\Database\BaseConnection.php(729): CodeIgniter\Database\MySQLi\Connection->execute('CREATE TABLE `h...')
#2 C:\laragon\www\ptmsi-sumbar\system\Database\BaseConnection.php(646): CodeIgniter\Database\BaseConnection->simpleQuery('CREATE TABLE `h...')
#3 C:\laragon\www\ptmsi-sumbar\system\Database\Forge.php(570): CodeIgniter\Database\BaseConnection->query('CREATE TABLE `h...')
#4 C:\laragon\www\ptmsi-sumbar\app\Database\Migrations\2025-12-05-000009_CreateHasilTable.php(48): CodeIgniter\Database\Forge->createTable('hasil')
#5 C:\laragon\www\ptmsi-sumbar\system\Database\MigrationRunner.php(876): App\Database\Migrations\CreateHasilTable->up()
#6 C:\laragon\www\ptmsi-sumbar\system\Database\MigrationRunner.php(182): CodeIgniter\Database\MigrationRunner->migrate('up', Object(stdClass))
#7 C:\laragon\www\ptmsi-sumbar\system\Commands\Database\Migrate.php(85): CodeIgniter\Database\MigrationRunner->latest(NULL)
#8 C:\laragon\www\ptmsi-sumbar\system\CLI\Commands.php(74): CodeIgniter\Commands\Database\Migrate->run(Array)
#9 C:\laragon\www\ptmsi-sumbar\system\CLI\Console.php(47): CodeIgniter\CLI\Commands->run('migrate', Array)
#10 C:\laragon\www\ptmsi-sumbar\system\Boot.php(388): CodeIgniter\CLI\Console->run()
#11 C:\laragon\www\ptmsi-sumbar\system\Boot.php(133): CodeIgniter\Boot::runCommand(Object(CodeIgniter\CLI\Console))
#12 C:\laragon\www\ptmsi-sumbar\spark(87): CodeIgniter\Boot::bootSpark(Object(Config\Paths))
#13 {main}
ERROR - 2025-12-04 23:43:43 --> mysqli_sql_exception: Can't create table 'ptmsi_sumbar.hasil' (errno: 150) in C:\laragon\www\ptmsi-sumbar\system\Database\MySQLi\Connection.php:327
Stack trace:
#0 C:\laragon\www\ptmsi-sumbar\system\Database\MySQLi\Connection.php(327): mysqli->query('CREATE TABLE `h...', 0)
#1 C:\laragon\www\ptmsi-sumbar\system\Database\BaseConnection.php(729): CodeIgniter\Database\MySQLi\Connection->execute('CREATE TABLE `h...')
#2 C:\laragon\www\ptmsi-sumbar\system\Database\BaseConnection.php(646): CodeIgniter\Database\BaseConnection->simpleQuery('CREATE TABLE `h...')
#3 C:\laragon\www\ptmsi-sumbar\system\Database\Forge.php(570): CodeIgniter\Database\BaseConnection->query('CREATE TABLE `h...')
#4 C:\laragon\www\ptmsi-sumbar\app\Database\Migrations\2025-12-05-000009_CreateHasilTable.php(48): CodeIgniter\Database\Forge->createTable('hasil')
#5 C:\laragon\www\ptmsi-sumbar\system\Database\MigrationRunner.php(876): App\Database\Migrations\CreateHasilTable->up()
#6 C:\laragon\www\ptmsi-sumbar\system\Database\MigrationRunner.php(182): CodeIgniter\Database\MigrationRunner->migrate('up', Object(stdClass))
#7 C:\laragon\www\ptmsi-sumbar\system\Commands\Database\Migrate.php(85): CodeIgniter\Database\MigrationRunner->latest(NULL)
#8 C:\laragon\www\ptmsi-sumbar\system\CLI\Commands.php(74): CodeIgniter\Commands\Database\Migrate->run(Array)
#9 C:\laragon\www\ptmsi-sumbar\system\CLI\Console.php(47): CodeIgniter\CLI\Commands->run('migrate', Array)
#10 C:\laragon\www\ptmsi-sumbar\system\Boot.php(388): CodeIgniter\CLI\Console->run()
#11 C:\laragon\www\ptmsi-sumbar\system\Boot.php(133): CodeIgniter\Boot::runCommand(Object(CodeIgniter\CLI\Console))
#12 C:\laragon\www\ptmsi-sumbar\spark(87): CodeIgniter\Boot::bootSpark(Object(Config\Paths))
#13 {main}
ERROR - 2025-12-04 23:50:28 --> mysqli_sql_exception: Can't create table 'ptmsi_sumbar.hasil' (errno: 150) in C:\laragon\www\ptmsi-sumbar\system\Database\MySQLi\Connection.php:327
Stack trace:
#0 C:\laragon\www\ptmsi-sumbar\system\Database\MySQLi\Connection.php(327): mysqli->query('CREATE TABLE `h...', 0)
#1 C:\laragon\www\ptmsi-sumbar\system\Database\BaseConnection.php(729): CodeIgniter\Database\MySQLi\Connection->execute('CREATE TABLE `h...')
#2 C:\laragon\www\ptmsi-sumbar\system\Database\BaseConnection.php(646): CodeIgniter\Database\BaseConnection->simpleQuery('CREATE TABLE `h...')
#3 C:\laragon\www\ptmsi-sumbar\system\Database\Forge.php(570): CodeIgniter\Database\BaseConnection->query('CREATE TABLE `h...')
#4 C:\laragon\www\ptmsi-sumbar\app\Database\Migrations\2025-12-05-000009_CreateHasilTable.php(48): CodeIgniter\Database\Forge->createTable('hasil')
#5 C:\laragon\www\ptmsi-sumbar\system\Database\MigrationRunner.php(876): App\Database\Migrations\CreateHasilTable->up()
#6 C:\laragon\www\ptmsi-sumbar\system\Database\MigrationRunner.php(182): CodeIgniter\Database\MigrationRunner->migrate('up', Object(stdClass))
#7 C:\laragon\www\ptmsi-sumbar\system\Commands\Database\Migrate.php(85): CodeIgniter\Database\MigrationRunner->latest(NULL)
#8 C:\laragon\www\ptmsi-sumbar\system\CLI\Commands.php(74): CodeIgniter\Commands\Database\Migrate->run(Array)
#9 C:\laragon\www\ptmsi-sumbar\system\CLI\Console.php(47): CodeIgniter\CLI\Commands->run('migrate', Array)
#10 C:\laragon\www\ptmsi-sumbar\system\Boot.php(388): CodeIgniter\CLI\Console->run()
#11 C:\laragon\www\ptmsi-sumbar\system\Boot.php(133): CodeIgniter\Boot::runCommand(Object(CodeIgniter\CLI\Console))
#12 C:\laragon\www\ptmsi-sumbar\spark(87): CodeIgniter\Boot::bootSpark(Object(Config\Paths))
#13 {main}
