ERROR - 2025-12-05 08:14:43 --> mysqli_sql_exception: Can't create table 'ptmsi_sumbar.unduhan_dokumen' (errno: 150) in C:\laragon\www\ptmsi-sumbar\system\Database\MySQLi\Connection.php:327
Stack trace:
#0 C:\laragon\www\ptmsi-sumbar\system\Database\MySQLi\Connection.php(327): mysqli->query('CREATE TABLE `u...', 0)
#1 C:\laragon\www\ptmsi-sumbar\system\Database\BaseConnection.php(729): CodeIgniter\Database\MySQLi\Connection->execute('CREATE TABLE `u...')
#2 C:\laragon\www\ptmsi-sumbar\system\Database\BaseConnection.php(646): CodeIgniter\Database\BaseConnection->simpleQuery('CREATE TABLE `u...')
#3 C:\laragon\www\ptmsi-sumbar\system\Database\Forge.php(570): CodeIgniter\Database\BaseConnection->query('CREATE TABLE `u...')
#4 C:\laragon\www\ptmsi-sumbar\app\Database\Migrations\2025-12-05-000018_CreateUnduhanDokumenTable.php(37): CodeIgniter\Database\Forge->createTable('unduhan_dokumen')
#5 C:\laragon\www\ptmsi-sumbar\system\Database\MigrationRunner.php(876): App\Database\Migrations\CreateUnduhanDokumenTable->up()
#6 C:\laragon\www\ptmsi-sumbar\system\Database\MigrationRunner.php(182): CodeIgniter\Database\MigrationRunner->migrate('up', Object(stdClass))
#7 C:\laragon\www\ptmsi-sumbar\system\Commands\Database\Migrate.php(85): CodeIgniter\Database\MigrationRunner->latest(NULL)
#8 C:\laragon\www\ptmsi-sumbar\system\CLI\Commands.php(74): CodeIgniter\Commands\Database\Migrate->run(Array)
#9 C:\laragon\www\ptmsi-sumbar\system\CLI\Console.php(47): CodeIgniter\CLI\Commands->run('migrate', Array)
#10 C:\laragon\www\ptmsi-sumbar\system\Boot.php(388): CodeIgniter\CLI\Console->run()
#11 C:\laragon\www\ptmsi-sumbar\system\Boot.php(133): CodeIgniter\Boot::runCommand(Object(CodeIgniter\CLI\Console))
#12 C:\laragon\www\ptmsi-sumbar\spark(87): CodeIgniter\Boot::bootSpark(Object(Config\Paths))
#13 {main}
CRITICAL - 2025-12-05 12:48:38 --> ParseError: syntax error, unexpected token "<", expecting end of file
[Method: GET, Route: profil]
in APPPATH\Views\layouts\footer.php on line 2.
 1 SYSTEMPATH\View\View.php(229): CodeIgniter\View\View->CodeIgniter\View\{closure}()
 2 SYSTEMPATH\View\View.php(475): CodeIgniter\View\View->render('layouts/footer', null, true)
 3 APPPATH\Views\profil.php(26): CodeIgniter\View\View->include('layouts/footer')
 4 SYSTEMPATH\View\View.php(226): include('C:\\laragon\\www\\ptmsi-sumbar\\app\\Views\\profil.php')
 5 SYSTEMPATH\View\View.php(229): CodeIgniter\View\View->CodeIgniter\View\{closure}()
 6 SYSTEMPATH\Common.php(1167): CodeIgniter\View\View->render('profil', [], true)
 7 APPPATH\Controllers\Profil.php(9): view('profil')
 8 SYSTEMPATH\CodeIgniter.php(933): App\Controllers\Profil->index()
 9 SYSTEMPATH\CodeIgniter.php(507): CodeIgniter\CodeIgniter->runController(Object(App\Controllers\Profil))
10 SYSTEMPATH\CodeIgniter.php(354): CodeIgniter\CodeIgniter->handleRequest(null, Object(Config\Cache), false)
11 SYSTEMPATH\Boot.php(363): CodeIgniter\CodeIgniter->run()
12 SYSTEMPATH\Boot.php(68): CodeIgniter\Boot::runCodeIgniter(Object(CodeIgniter\CodeIgniter))
13 FCPATH\index.php(59): CodeIgniter\Boot::bootWeb(Object(Config\Paths))
14 SYSTEMPATH\rewrite.php(44): require_once('C:\\laragon\\www\\ptmsi-sumbar\\public\\index.php')
CRITICAL - 2025-12-05 23:42:24 --> CodeIgniter\View\Exceptions\ViewException: Invalid file: "event/index.php"
[Method: GET, Route: event]
in SYSTEMPATH\Exceptions\FrameworkException.php on line 39.
 1 SYSTEMPATH\View\View.php(214): CodeIgniter\Exceptions\FrameworkException::forInvalidFile('event/index.php')
 2 SYSTEMPATH\Common.php(1167): CodeIgniter\View\View->render('event/index', [], true)
 3 APPPATH\Controllers\Event.php(40): view('event/index', [...])
 4 SYSTEMPATH\CodeIgniter.php(933): App\Controllers\Event->index()
 5 SYSTEMPATH\CodeIgniter.php(507): CodeIgniter\CodeIgniter->runController(Object(App\Controllers\Event))
 6 SYSTEMPATH\CodeIgniter.php(354): CodeIgniter\CodeIgniter->handleRequest(null, Object(Config\Cache), false)
 7 SYSTEMPATH\Boot.php(363): CodeIgniter\CodeIgniter->run()
 8 SYSTEMPATH\Boot.php(68): CodeIgniter\Boot::runCodeIgniter(Object(CodeIgniter\CodeIgniter))
 9 FCPATH\index.php(59): CodeIgniter\Boot::bootWeb(Object(Config\Paths))
10 SYSTEMPATH\rewrite.php(44): require_once('C:\\laragon\\www\\ptmsi-sumbar\\public\\index.php')
